;  LST file generated by mikroListExporter - v.2.0 
; Date/Time: 3/6/2016 11:06:49 PM
;----------------------------------------------

;Address Opcode 	ASM
0x0000	0xF005EF94  	GOTO        2856
_interrupt:
;PWM2.c,12 :: 		void interrupt() {              //<<<<<<<<<<<<<<<<<<<<<<<odve su definisane Interapt finkcije i njih nigde ne kopiras same se pozivaju
0x0008	0xF021C000  	MOVFF       R0, 33
0x000C	0xF020C001  	MOVFF       R1, 32
0x0010	0xF01FC002  	MOVFF       R2, 31
0x0014	0xF01EC003  	MOVFF       R3, 30
0x0018	0xF01DC004  	MOVFF       R4, 29
0x001C	0xF01CC005  	MOVFF       R5, 28
0x0020	0xF01BC006  	MOVFF       R6, 27
0x0024	0xF01AC007  	MOVFF       R7, 26
0x0028	0xF019C008  	MOVFF       R8, 25
0x002C	0xF018C00A  	MOVFF       R10, 24
0x0030	0xF017C00B  	MOVFF       R11, 23
0x0034	0xF016C00C  	MOVFF       R12, 22
0x0038	0xF015C00E  	MOVFF       R14, 21
;PWM2.c,13 :: 		if (TMR0IF_bit) {
0x003C	0xA4F2      	BTFSS       TMR0IF_bit, BitPos(TMR0IF_bit+0) 
0x003E	0xD07F      	BRA         L_interrupt0
;PWM2.c,14 :: 		cnt1=cnt1+1;                 // increment counter
0x0040	0xF000C02E  	MOVFF       _cnt1, R0
0x0044	0xF001C02F  	MOVFF       _cnt1+1, R1
0x0048	0xF002C030  	MOVFF       _cnt1+2, R2
0x004C	0xF003C031  	MOVFF       _cnt1+3, R3
0x0050	0x0E00      	MOVLW       0
0x0052	0x6E04      	MOVWF       R4 
0x0054	0x0E00      	MOVLW       0
0x0056	0x6E05      	MOVWF       R5 
0x0058	0x0E00      	MOVLW       0
0x005A	0x6E06      	MOVWF       R6 
0x005C	0x0E7F      	MOVLW       127
0x005E	0x6E07      	MOVWF       R7 
0x0060	0xDA75      	RCALL       _Add_32x32_FP
0x0062	0xF02EC000  	MOVFF       R0, _cnt1
0x0066	0xF02FC001  	MOVFF       R1, _cnt1+1
0x006A	0xF030C002  	MOVFF       R2, _cnt1+2
0x006E	0xF031C003  	MOVFF       R3, _cnt1+3
;PWM2.c,15 :: 		cnt2=cnt2+1;                    // increment counter
0x0072	0xF000C036  	MOVFF       _cnt2, R0
0x0076	0xF001C037  	MOVFF       _cnt2+1, R1
0x007A	0xF002C038  	MOVFF       _cnt2+2, R2
0x007E	0xF003C039  	MOVFF       _cnt2+3, R3
0x0082	0x0E00      	MOVLW       0
0x0084	0x6E04      	MOVWF       R4 
0x0086	0x0E00      	MOVLW       0
0x0088	0x6E05      	MOVWF       R5 
0x008A	0x0E00      	MOVLW       0
0x008C	0x6E06      	MOVWF       R6 
0x008E	0x0E7F      	MOVLW       127
0x0090	0x6E07      	MOVWF       R7 
0x0092	0xDA5C      	RCALL       _Add_32x32_FP
0x0094	0xF036C000  	MOVFF       R0, _cnt2
0x0098	0xF037C001  	MOVFF       R1, _cnt2+1
0x009C	0xF038C002  	MOVFF       R2, _cnt2+2
0x00A0	0xF039C003  	MOVFF       R3, _cnt2+3
;PWM2.c,16 :: 		cnt3=cnt3+1;
0x00A4	0xF000C02A  	MOVFF       _cnt3, R0
0x00A8	0xF001C02B  	MOVFF       _cnt3+1, R1
0x00AC	0xF002C02C  	MOVFF       _cnt3+2, R2
0x00B0	0xF003C02D  	MOVFF       _cnt3+3, R3
0x00B4	0x0E00      	MOVLW       0
0x00B6	0x6E04      	MOVWF       R4 
0x00B8	0x0E00      	MOVLW       0
0x00BA	0x6E05      	MOVWF       R5 
0x00BC	0x0E00      	MOVLW       0
0x00BE	0x6E06      	MOVWF       R6 
0x00C0	0x0E7F      	MOVLW       127
0x00C2	0x6E07      	MOVWF       R7 
0x00C4	0xDA43      	RCALL       _Add_32x32_FP
0x00C6	0xF02AC000  	MOVFF       R0, _cnt3
0x00CA	0xF02BC001  	MOVFF       R1, _cnt3+1
0x00CE	0xF02CC002  	MOVFF       R2, _cnt3+2
0x00D2	0xF02DC003  	MOVFF       R3, _cnt3+3
;PWM2.c,17 :: 		cnt4=cnt4+1;                 // increment counter
0x00D6	0xF000C022  	MOVFF       _cnt4, R0
0x00DA	0xF001C023  	MOVFF       _cnt4+1, R1
0x00DE	0xF002C024  	MOVFF       _cnt4+2, R2
0x00E2	0xF003C025  	MOVFF       _cnt4+3, R3
0x00E6	0x0E00      	MOVLW       0
0x00E8	0x6E04      	MOVWF       R4 
0x00EA	0x0E00      	MOVLW       0
0x00EC	0x6E05      	MOVWF       R5 
0x00EE	0x0E00      	MOVLW       0
0x00F0	0x6E06      	MOVWF       R6 
0x00F2	0x0E7F      	MOVLW       127
0x00F4	0x6E07      	MOVWF       R7 
0x00F6	0xDA2A      	RCALL       _Add_32x32_FP
0x00F8	0xF022C000  	MOVFF       R0, _cnt4
0x00FC	0xF023C001  	MOVFF       R1, _cnt4+1
0x0100	0xF024C002  	MOVFF       R2, _cnt4+2
0x0104	0xF025C003  	MOVFF       R3, _cnt4+3
;PWM2.c,18 :: 		cnt5=cnt5+1;                    // increment counter
0x0108	0xF000C032  	MOVFF       _cnt5, R0
0x010C	0xF001C033  	MOVFF       _cnt5+1, R1
0x0110	0xF002C034  	MOVFF       _cnt5+2, R2
0x0114	0xF003C035  	MOVFF       _cnt5+3, R3
0x0118	0x0E00      	MOVLW       0
0x011A	0x6E04      	MOVWF       R4 
0x011C	0x0E00      	MOVLW       0
0x011E	0x6E05      	MOVWF       R5 
0x0120	0x0E00      	MOVLW       0
0x0122	0x6E06      	MOVWF       R6 
0x0124	0x0E7F      	MOVLW       127
0x0126	0x6E07      	MOVWF       R7 
0x0128	0xDA11      	RCALL       _Add_32x32_FP
0x012A	0xF032C000  	MOVFF       R0, _cnt5
0x012E	0xF033C001  	MOVFF       R1, _cnt5+1
0x0132	0xF034C002  	MOVFF       R2, _cnt5+2
0x0136	0xF035C003  	MOVFF       R3, _cnt5+3
;PWM2.c,20 :: 		TMR0IF_bit = 0;        // clear TMR0IF
0x013A	0x94F2      	BCF         TMR0IF_bit, BitPos(TMR0IF_bit+0) 
;PWM2.c,21 :: 		TMR0L = 0;             // set TMR0 for aproximetly 1 sec
0x013C	0x6AD6      	CLRF        TMR0L 
;PWM2.c,22 :: 		}
L_interrupt0:
;PWM2.c,23 :: 		}
L_end_interrupt:
L__interrupt25:
0x013E	0xF000C021  	MOVFF       33, R0
0x0142	0xF001C020  	MOVFF       32, R1
0x0146	0xF002C01F  	MOVFF       31, R2
0x014A	0xF003C01E  	MOVFF       30, R3
0x014E	0xF004C01D  	MOVFF       29, R4
0x0152	0xF005C01C  	MOVFF       28, R5
0x0156	0xF006C01B  	MOVFF       27, R6
0x015A	0xF007C01A  	MOVFF       26, R7
0x015E	0xF008C019  	MOVFF       25, R8
0x0162	0xF00AC018  	MOVFF       24, R10
0x0166	0xF00BC017  	MOVFF       23, R11
0x016A	0xF00CC016  	MOVFF       22, R12
0x016E	0xF00EC015  	MOVFF       21, R14
0x0172	0x0011      	RETFIE      1
; end of _interrupt
_FIXSIGN32:
;__Lib_MathDouble.c,117 :: 		
;__Lib_MathDouble.c,121 :: 		
0x0174	0xAE0A      	BTFSS       R10, 7, 0
;__Lib_MathDouble.c,122 :: 		
0x0176	0x9E02      	BCF         R2, 7, 0
;__Lib_MathDouble.c,123 :: 		
0x0178	0x0E00      	MOVLW       0
;__Lib_MathDouble.c,125 :: 		
L_end_FIXSIGN32:
0x017A	0x0012      	RETURN      0
; end of _FIXSIGN32
_SETFUN32:
;__Lib_MathDouble.c,144 :: 		
;__Lib_MathDouble.c,152 :: 		
0x017C	0x840B      	BSF         R11, 2, 0
;__Lib_MathDouble.c,153 :: 		
0x017E	0xAE0B      	BTFSS       R11, 7, 0
;__Lib_MathDouble.c,154 :: 		
0x0180	0xF000EFC9  	GOTO        SETFUN32EEE
;__Lib_MathDouble.c,156 :: 		
0x0184	0x0E01      	MOVLW       1
;__Lib_MathDouble.c,157 :: 		
0x0186	0x6E03      	MOVWF       R3, 0
;__Lib_MathDouble.c,158 :: 		
0x0188	0x6A02      	CLRF        R2, 0
;__Lib_MathDouble.c,159 :: 		
0x018A	0x6A01      	CLRF        R1, 0
;__Lib_MathDouble.c,160 :: 		
0x018C	0x6A00      	CLRF        R0, 0
;__Lib_MathDouble.c,161 :: 		
0x018E	0x360A      	RLCF        R10, 1, 0
;__Lib_MathDouble.c,162 :: 		
0x0190	0x3202      	RRCF        R2, 1, 0
;__Lib_MathDouble.c,163 :: 		
SETFUN32EEE:
;__Lib_MathDouble.c,164 :: 		
0x0192	0x0EFF      	MOVLW       255
;__Lib_MathDouble.c,166 :: 		
L_end_SETFUN32:
0x0194	0x0012      	RETURN      0
; end of _SETFUN32
_RES032:
;__Lib_MathDouble.c,128 :: 		
;__Lib_MathDouble.c,134 :: 		
0x0196	0x6A02      	CLRF        R2, 0
;__Lib_MathDouble.c,135 :: 		
0x0198	0x6A01      	CLRF        R1, 0
;__Lib_MathDouble.c,136 :: 		
0x019A	0x6A00      	CLRF        R0, 0
;__Lib_MathDouble.c,137 :: 		
0x019C	0x6A08      	CLRF        R8, 0
;__Lib_MathDouble.c,138 :: 		
0x019E	0x6A03      	CLRF        R3, 0
;__Lib_MathDouble.c,139 :: 		
0x01A0	0x0E00      	MOVLW       0
;__Lib_MathDouble.c,141 :: 		
L_end_RES032:
0x01A2	0x0012      	RETURN      0
; end of _RES032
_NRM3232:
;__Lib_MathDouble.c,455 :: 		
;__Lib_MathDouble.c,463 :: 		
0x01A4	0x6A0C      	CLRF        R12, 0
;__Lib_MathDouble.c,464 :: 		
0x01A6	0x6A0E      	CLRF        R14, 0
;__Lib_MathDouble.c,465 :: 		
0x01A8	0x5002      	MOVF        R2, 0, 0
;__Lib_MathDouble.c,466 :: 		
0x01AA	0xA4D8      	BTFSS       STATUS, 2, 0
;__Lib_MathDouble.c,467 :: 		
0x01AC	0xF000EFEB  	GOTO        NORM3232
;__Lib_MathDouble.c,468 :: 		
0x01B0	0xF002C001  	MOVFF       R1, R2
;__Lib_MathDouble.c,469 :: 		
0x01B4	0xF001C000  	MOVFF       R0, R1
;__Lib_MathDouble.c,470 :: 		
0x01B8	0x6A00      	CLRF        R0, 0
;__Lib_MathDouble.c,471 :: 		
0x01BA	0x860E      	BSF         R14, 3, 0
;__Lib_MathDouble.c,473 :: 		
0x01BC	0x5002      	MOVF        R2, 0, 0
;__Lib_MathDouble.c,474 :: 		
0x01BE	0xA4D8      	BTFSS       STATUS, 2, 0
;__Lib_MathDouble.c,475 :: 		
0x01C0	0xF000EFEB  	GOTO        NORM3232
;__Lib_MathDouble.c,476 :: 		
0x01C4	0xF002C001  	MOVFF       R1, R2
;__Lib_MathDouble.c,477 :: 		
0x01C8	0x6A01      	CLRF        R1, 0
;__Lib_MathDouble.c,478 :: 		
0x01CA	0x960E      	BCF         R14, 3, 0
;__Lib_MathDouble.c,479 :: 		
0x01CC	0x880E      	BSF         R14, 4, 0
;__Lib_MathDouble.c,481 :: 		
0x01CE	0x5002      	MOVF        R2, 0, 0
;__Lib_MathDouble.c,482 :: 		
0x01D0	0xB4D8      	BTFSC       STATUS, 2, 0
;__Lib_MathDouble.c,483 :: 		
0x01D2	0xF000EFFD  	GOTO        JPNRES032
;__Lib_MathDouble.c,484 :: 		
NORM3232:
;__Lib_MathDouble.c,485 :: 		
0x01D6	0x500E      	MOVF        R14, 0, 0
;__Lib_MathDouble.c,486 :: 		
0x01D8	0x5E03      	SUBWF       R3, 1, 0
;__Lib_MathDouble.c,487 :: 		
0x01DA	0xA4D8      	BTFSS       STATUS, 2, 0
;__Lib_MathDouble.c,488 :: 		
0x01DC	0xA0D8      	BTFSS       STATUS, 0, 0
;__Lib_MathDouble.c,489 :: 		
0x01DE	0xF001EF02  	GOTO        JPNSETFUN32
;__Lib_MathDouble.c,490 :: 		
0x01E2	0x90D8      	BCF         STATUS, 0, 0
;__Lib_MathDouble.c,491 :: 		
NORM3232A:
;__Lib_MathDouble.c,492 :: 		
0x01E4	0xBE02      	BTFSC       R2, 7, 0
;__Lib_MathDouble.c,493 :: 		
0x01E6	0xF001EF07  	GOTO        JMPNFIXSIGN32
;__Lib_MathDouble.c,494 :: 		
0x01EA	0x3600      	RLCF        R0, 1, 0
;__Lib_MathDouble.c,495 :: 		
0x01EC	0x3601      	RLCF        R1, 1, 0
;__Lib_MathDouble.c,496 :: 		
0x01EE	0x3602      	RLCF        R2, 1, 0
;__Lib_MathDouble.c,497 :: 		
0x01F0	0x2E03      	DECFSZ      R3, 1, 0
;__Lib_MathDouble.c,498 :: 		
0x01F2	0xF000EFF2  	GOTO        NORM3232A
;__Lib_MathDouble.c,499 :: 		
0x01F6	0xF001EF02  	GOTO        JPNSETFUN32
;__Lib_MathDouble.c,500 :: 		
JPNRES032:
;__Lib_MathDouble.c,501 :: 		
0x01FA	0x0E01      	MOVLW       1
;__Lib_MathDouble.c,502 :: 		
0x01FC	0x6E0C      	MOVWF       R12, 0
;__Lib_MathDouble.c,504 :: 		
0x01FE	0xDFCB      	RCALL       _RES032
;__Lib_MathDouble.c,506 :: 		
0x0200	0xF001EF0A  	GOTO        NORM32EEE
;__Lib_MathDouble.c,507 :: 		
JPNSETFUN32:
;__Lib_MathDouble.c,508 :: 		
0x0204	0x0E02      	MOVLW       2
;__Lib_MathDouble.c,509 :: 		
0x0206	0x6E0C      	MOVWF       R12, 0
;__Lib_MathDouble.c,511 :: 		
0x0208	0xDFB9      	RCALL       _SETFUN32
;__Lib_MathDouble.c,513 :: 		
0x020A	0xF001EF0A  	GOTO        NORM32EEE
;__Lib_MathDouble.c,514 :: 		
JMPNFIXSIGN32:
;__Lib_MathDouble.c,515 :: 		
0x020E	0x0E04      	MOVLW       4
;__Lib_MathDouble.c,516 :: 		
0x0210	0x6E0C      	MOVWF       R12, 0
;__Lib_MathDouble.c,518 :: 		
0x0212	0xDFB0      	RCALL       _FIXSIGN32
;__Lib_MathDouble.c,520 :: 		
NORM32EEE:
;__Lib_MathDouble.c,527 :: 		
L_end_NRM3232:
0x0214	0x0012      	RETURN      0
; end of _NRM3232
_SETFOV32:
;__Lib_MathDouble.c,82 :: 		
;__Lib_MathDouble.c,90 :: 		
0x0216	0x820B      	BSF         R11, 1, 0
;__Lib_MathDouble.c,91 :: 		
0x0218	0xAE0B      	BTFSS       R11, 7, 0
;__Lib_MathDouble.c,92 :: 		
0x021A	0xF001EF15  	GOTO        SETFOV32EEE
;__Lib_MathDouble.c,94 :: 		
0x021E	0x6803      	SETF        R3, 0
;__Lib_MathDouble.c,95 :: 		
0x0220	0x6802      	SETF        R2, 0
;__Lib_MathDouble.c,96 :: 		
0x0222	0x6801      	SETF        R1, 0
;__Lib_MathDouble.c,97 :: 		
0x0224	0x6800      	SETF        R0, 0
;__Lib_MathDouble.c,98 :: 		
0x0226	0x360A      	RLCF        R10, 1, 0
;__Lib_MathDouble.c,99 :: 		
0x0228	0x3202      	RRCF        R2, 1, 0
;__Lib_MathDouble.c,100 :: 		
SETFOV32EEE:
;__Lib_MathDouble.c,101 :: 		
0x022A	0x0EFF      	MOVLW       255
;__Lib_MathDouble.c,103 :: 		
L_end_SETFOV32:
0x022C	0x0012      	RETURN      0
; end of _SETFOV32
_NRM4032:
;__Lib_MathDouble.c,174 :: 		
;__Lib_MathDouble.c,183 :: 		
0x022E	0xB00C      	BTFSC       R12, 0, 0
;__Lib_MathDouble.c,184 :: 		
0x0230	0xF001EF59  	GOTO        NRMRND4032
;__Lib_MathDouble.c,185 :: 		
0x0234	0xA20C      	BTFSS       R12, 1, 0
;__Lib_MathDouble.c,186 :: 		
0x0236	0xF001EFFF  	GOTO        NRM40JPSETFOV32
;__Lib_MathDouble.c,188 :: 		
0x023A	0x6A0E      	CLRF        R14, 0
;__Lib_MathDouble.c,189 :: 		
0x023C	0x0E00      	MOVLW       0
;__Lib_MathDouble.c,190 :: 		
0x023E	0x6402      	CPFSGT      R2, 0
;__Lib_MathDouble.c,191 :: 		
0x0240	0xF001EF70  	GOTO        NRM4032A
;__Lib_MathDouble.c,194 :: 		
0x0244	0x0EF0      	MOVLW       240
;__Lib_MathDouble.c,195 :: 		
0x0246	0x1402      	ANDWF       R2, 0, 0
;__Lib_MathDouble.c,196 :: 		
0x0248	0xA4D8      	BTFSS       STATUS, 2, 0
;__Lib_MathDouble.c,197 :: 		
0x024A	0xF001EF3B  	GOTO        NORM4032
;__Lib_MathDouble.c,199 :: 		
0x024E	0x3A02      	SWAPF       R2, 1, 0
;__Lib_MathDouble.c,200 :: 		
0x0250	0x3801      	SWAPF       R1, 0, 0
;__Lib_MathDouble.c,201 :: 		
0x0252	0x0B0F      	ANDLW       15
;__Lib_MathDouble.c,202 :: 		
0x0254	0x2602      	ADDWF       R2, 1, 0
;__Lib_MathDouble.c,204 :: 		
0x0256	0x3801      	SWAPF       R1, 0, 0
;__Lib_MathDouble.c,205 :: 		
0x0258	0x0BF0      	ANDLW       240
;__Lib_MathDouble.c,206 :: 		
0x025A	0x6E01      	MOVWF       R1, 0
;__Lib_MathDouble.c,207 :: 		
0x025C	0x3800      	SWAPF       R0, 0, 0
;__Lib_MathDouble.c,208 :: 		
0x025E	0x0B0F      	ANDLW       15
;__Lib_MathDouble.c,209 :: 		
0x0260	0x2601      	ADDWF       R1, 1, 0
;__Lib_MathDouble.c,211 :: 		
0x0262	0x3800      	SWAPF       R0, 0, 0
;__Lib_MathDouble.c,212 :: 		
0x0264	0x0BF0      	ANDLW       240
;__Lib_MathDouble.c,213 :: 		
0x0266	0x6E00      	MOVWF       R0, 0
;__Lib_MathDouble.c,214 :: 		
0x0268	0x3808      	SWAPF       R8, 0, 0
;__Lib_MathDouble.c,215 :: 		
0x026A	0x0B0F      	ANDLW       15
;__Lib_MathDouble.c,216 :: 		
0x026C	0x2600      	ADDWF       R0, 1, 0
;__Lib_MathDouble.c,218 :: 		
0x026E	0x3808      	SWAPF       R8, 0, 0
;__Lib_MathDouble.c,219 :: 		
0x0270	0x0BF0      	ANDLW       240
;__Lib_MathDouble.c,220 :: 		
0x0272	0x6E08      	MOVWF       R8, 0
;__Lib_MathDouble.c,222 :: 		
0x0274	0x840E      	BSF         R14, 2, 0
;__Lib_MathDouble.c,224 :: 		
NORM4032:
;__Lib_MathDouble.c,225 :: 		
0x0276	0x90D8      	BCF         STATUS, 0, 0
;__Lib_MathDouble.c,227 :: 		
0x0278	0xBE02      	BTFSC       R2, 7, 0
;__Lib_MathDouble.c,228 :: 		
0x027A	0xF001EF54  	GOTO        TNORMUN4032
;__Lib_MathDouble.c,229 :: 		
0x027E	0x3608      	RLCF        R8, 1, 0
;__Lib_MathDouble.c,230 :: 		
0x0280	0x3600      	RLCF        R0, 1, 0
;__Lib_MathDouble.c,231 :: 		
0x0282	0x3601      	RLCF        R1, 1, 0
;__Lib_MathDouble.c,232 :: 		
0x0284	0x3602      	RLCF        R2, 1, 0
;__Lib_MathDouble.c,233 :: 		
0x0286	0x2A0E      	INCF        R14, 1, 0
;__Lib_MathDouble.c,234 :: 		
0x0288	0xBE02      	BTFSC       R2, 7, 0
;__Lib_MathDouble.c,235 :: 		
0x028A	0xF001EF54  	GOTO        TNORMUN4032
;__Lib_MathDouble.c,236 :: 		
0x028E	0x3608      	RLCF        R8, 1, 0
;__Lib_MathDouble.c,237 :: 		
0x0290	0x3600      	RLCF        R0, 1, 0
;__Lib_MathDouble.c,238 :: 		
0x0292	0x3601      	RLCF        R1, 1, 0
;__Lib_MathDouble.c,239 :: 		
0x0294	0x3602      	RLCF        R2, 1, 0
;__Lib_MathDouble.c,240 :: 		
0x0296	0x2A0E      	INCF        R14, 1, 0
;__Lib_MathDouble.c,241 :: 		
0x0298	0xBE02      	BTFSC       R2, 7, 0
;__Lib_MathDouble.c,242 :: 		
0x029A	0xF001EF54  	GOTO        TNORMUN4032
;__Lib_MathDouble.c,243 :: 		
0x029E	0x3608      	RLCF        R8, 1, 0
;__Lib_MathDouble.c,244 :: 		
0x02A0	0x3600      	RLCF        R0, 1, 0
;__Lib_MathDouble.c,245 :: 		
0x02A2	0x3601      	RLCF        R1, 1, 0
;__Lib_MathDouble.c,246 :: 		
0x02A4	0x3602      	RLCF        R2, 1, 0
;__Lib_MathDouble.c,247 :: 		
0x02A6	0x2A0E      	INCF        R14, 1, 0
;__Lib_MathDouble.c,249 :: 		
TNORMUN4032:
;__Lib_MathDouble.c,250 :: 		
0x02A8	0x500E      	MOVF        R14, 0, 0
;__Lib_MathDouble.c,251 :: 		
0x02AA	0x6403      	CPFSGT      R3, 0
;__Lib_MathDouble.c,252 :: 		
0x02AC	0xF001EFF5  	GOTO        NRM40JPSETFUN32
;__Lib_MathDouble.c,253 :: 		
0x02B0	0x5E03      	SUBWF       R3, 1, 0
;__Lib_MathDouble.c,255 :: 		
NRMRND4032:
;__Lib_MathDouble.c,256 :: 		
0x02B2	0xBC0B      	BTFSC       R11, 6, 0
;__Lib_MathDouble.c,257 :: 		
0x02B4	0xAE08      	BTFSS       R8, 7, 0
;__Lib_MathDouble.c,258 :: 		
0x02B6	0xF001EFFA  	GOTO        NRM40JPFIXSIGN32
;__Lib_MathDouble.c,259 :: 		
0x02BA	0x80D8      	BSF         STATUS, 0, 0
;__Lib_MathDouble.c,260 :: 		
0x02BC	0x0E80      	MOVLW       128
;__Lib_MathDouble.c,261 :: 		
0x02BE	0x6408      	CPFSGT      R8, 0
;__Lib_MathDouble.c,262 :: 		
0x02C0	0x3000      	RRCF        R0, 0, 0
;__Lib_MathDouble.c,263 :: 		
0x02C2	0x0E00      	MOVLW       0
;__Lib_MathDouble.c,264 :: 		
0x02C4	0x2200      	ADDWFC      R0, 1, 0
;__Lib_MathDouble.c,265 :: 		
0x02C6	0x2201      	ADDWFC      R1, 1, 0
;__Lib_MathDouble.c,266 :: 		
0x02C8	0x2202      	ADDWFC      R2, 1, 0
;__Lib_MathDouble.c,268 :: 		
0x02CA	0xA0D8      	BTFSS       STATUS, 0, 0
;__Lib_MathDouble.c,269 :: 		
0x02CC	0xF001EFFA  	GOTO        NRM40JPFIXSIGN32
;__Lib_MathDouble.c,270 :: 		
0x02D0	0x3202      	RRCF        R2, 1, 0
;__Lib_MathDouble.c,271 :: 		
0x02D2	0x3201      	RRCF        R1, 1, 0
;__Lib_MathDouble.c,272 :: 		
0x02D4	0x3200      	RRCF        R0, 1, 0
;__Lib_MathDouble.c,273 :: 		
0x02D6	0x4A03      	INFSNZ      R3, 1, 0
;__Lib_MathDouble.c,274 :: 		
0x02D8	0xF001EFFF  	GOTO        NRM40JPSETFOV32
;__Lib_MathDouble.c,275 :: 		
0x02DC	0xF001EFFA  	GOTO        NRM40JPFIXSIGN32
;__Lib_MathDouble.c,277 :: 		
NRM4032A:
;__Lib_MathDouble.c,278 :: 		
0x02E0	0xF002C001  	MOVFF       R1, R2
;__Lib_MathDouble.c,279 :: 		
0x02E4	0xF001C000  	MOVFF       R0, R1
;__Lib_MathDouble.c,280 :: 		
0x02E8	0xF000C008  	MOVFF       R8, R0
;__Lib_MathDouble.c,281 :: 		
0x02EC	0x6A08      	CLRF        R8, 0
;__Lib_MathDouble.c,282 :: 		
0x02EE	0x0E00      	MOVLW       0
;__Lib_MathDouble.c,283 :: 		
0x02F0	0x860E      	BSF         R14, 3, 0
;__Lib_MathDouble.c,284 :: 		
0x02F2	0x6402      	CPFSGT      R2, 0
;__Lib_MathDouble.c,285 :: 		
0x02F4	0xF001EFA7  	GOTO        NRM4032B
;__Lib_MathDouble.c,288 :: 		
0x02F8	0x0EF0      	MOVLW       240
;__Lib_MathDouble.c,289 :: 		
0x02FA	0x1402      	ANDWF       R2, 0, 0
;__Lib_MathDouble.c,290 :: 		
0x02FC	0xA4D8      	BTFSS       STATUS, 2, 0
;__Lib_MathDouble.c,291 :: 		
0x02FE	0xF001EF8F  	GOTO        NORM4032A
;__Lib_MathDouble.c,292 :: 		
0x0302	0x3A02      	SWAPF       R2, 1, 0
;__Lib_MathDouble.c,293 :: 		
0x0304	0x3801      	SWAPF       R1, 0, 0
;__Lib_MathDouble.c,294 :: 		
0x0306	0x0B0F      	ANDLW       15
;__Lib_MathDouble.c,295 :: 		
0x0308	0x2602      	ADDWF       R2, 1, 0
;__Lib_MathDouble.c,297 :: 		
0x030A	0x3801      	SWAPF       R1, 0, 0
;__Lib_MathDouble.c,298 :: 		
0x030C	0x0BF0      	ANDLW       240
;__Lib_MathDouble.c,299 :: 		
0x030E	0x6E01      	MOVWF       R1, 0
;__Lib_MathDouble.c,300 :: 		
0x0310	0x3800      	SWAPF       R0, 0, 0
;__Lib_MathDouble.c,301 :: 		
0x0312	0x0B0F      	ANDLW       15
;__Lib_MathDouble.c,302 :: 		
0x0314	0x2601      	ADDWF       R1, 1, 0
;__Lib_MathDouble.c,304 :: 		
0x0316	0x3800      	SWAPF       R0, 0, 0
;__Lib_MathDouble.c,305 :: 		
0x0318	0x0BF0      	ANDLW       240
;__Lib_MathDouble.c,306 :: 		
0x031A	0x6E00      	MOVWF       R0, 0
;__Lib_MathDouble.c,308 :: 		
0x031C	0x840E      	BSF         R14, 2, 0
;__Lib_MathDouble.c,310 :: 		
NORM4032A:
;__Lib_MathDouble.c,311 :: 		
0x031E	0x90D8      	BCF         STATUS, 0, 0
;__Lib_MathDouble.c,313 :: 		
0x0320	0xBE02      	BTFSC       R2, 7, 0
;__Lib_MathDouble.c,314 :: 		
0x0322	0xF001EF54  	GOTO        TNORMUN4032
;__Lib_MathDouble.c,315 :: 		
0x0326	0x3600      	RLCF        R0, 1, 0
;__Lib_MathDouble.c,316 :: 		
0x0328	0x3601      	RLCF        R1, 1, 0
;__Lib_MathDouble.c,317 :: 		
0x032A	0x3602      	RLCF        R2, 1, 0
;__Lib_MathDouble.c,318 :: 		
0x032C	0x2A0E      	INCF        R14, 1, 0
;__Lib_MathDouble.c,319 :: 		
0x032E	0xBE02      	BTFSC       R2, 7, 0
;__Lib_MathDouble.c,320 :: 		
0x0330	0xF001EF54  	GOTO        TNORMUN4032
;__Lib_MathDouble.c,321 :: 		
0x0334	0x3600      	RLCF        R0, 1, 0
;__Lib_MathDouble.c,322 :: 		
0x0336	0x3601      	RLCF        R1, 1, 0
;__Lib_MathDouble.c,323 :: 		
0x0338	0x3602      	RLCF        R2, 1, 0
;__Lib_MathDouble.c,324 :: 		
0x033A	0x2A0E      	INCF        R14, 1, 0
;__Lib_MathDouble.c,325 :: 		
0x033C	0xBE02      	BTFSC       R2, 7, 0
;__Lib_MathDouble.c,326 :: 		
0x033E	0xF001EF54  	GOTO        TNORMUN4032
;__Lib_MathDouble.c,327 :: 		
0x0342	0x3600      	RLCF        R0, 1, 0
;__Lib_MathDouble.c,328 :: 		
0x0344	0x3601      	RLCF        R1, 1, 0
;__Lib_MathDouble.c,329 :: 		
0x0346	0x3602      	RLCF        R2, 1, 0
;__Lib_MathDouble.c,330 :: 		
0x0348	0x2A0E      	INCF        R14, 1, 0
;__Lib_MathDouble.c,331 :: 		
0x034A	0xF001EF54  	GOTO        TNORMUN4032
;__Lib_MathDouble.c,333 :: 		
NRM4032B:
;__Lib_MathDouble.c,334 :: 		
0x034E	0xF002C001  	MOVFF       R1, R2
;__Lib_MathDouble.c,335 :: 		
0x0352	0xF001C000  	MOVFF       R0, R1
;__Lib_MathDouble.c,336 :: 		
0x0356	0x6A00      	CLRF        R0, 0
;__Lib_MathDouble.c,337 :: 		
0x0358	0x0E00      	MOVLW       0
;__Lib_MathDouble.c,338 :: 		
0x035A	0x960E      	BCF         R14, 3, 0
;__Lib_MathDouble.c,339 :: 		
0x035C	0x880E      	BSF         R14, 4, 0
;__Lib_MathDouble.c,340 :: 		
0x035E	0x6402      	CPFSGT      R2, 0
;__Lib_MathDouble.c,341 :: 		
0x0360	0xF001EFD4  	GOTO        NRM4032C
;__Lib_MathDouble.c,344 :: 		
0x0364	0x0EF0      	MOVLW       240
;__Lib_MathDouble.c,345 :: 		
0x0366	0x1402      	ANDWF       R2, 0, 0
;__Lib_MathDouble.c,346 :: 		
0x0368	0xA4D8      	BTFSS       STATUS, 2, 0
;__Lib_MathDouble.c,347 :: 		
0x036A	0xF001EFBF  	GOTO        NORM4032B
;__Lib_MathDouble.c,349 :: 		
0x036E	0x3A02      	SWAPF       R2, 1, 0
;__Lib_MathDouble.c,350 :: 		
0x0370	0x3801      	SWAPF       R1, 0, 0
;__Lib_MathDouble.c,351 :: 		
0x0372	0x0B0F      	ANDLW       15
;__Lib_MathDouble.c,352 :: 		
0x0374	0x2602      	ADDWF       R2, 1, 0
;__Lib_MathDouble.c,354 :: 		
0x0376	0x3801      	SWAPF       R1, 0, 0
;__Lib_MathDouble.c,355 :: 		
0x0378	0x0BF0      	ANDLW       240
;__Lib_MathDouble.c,356 :: 		
0x037A	0x6E01      	MOVWF       R1, 0
;__Lib_MathDouble.c,358 :: 		
0x037C	0x840E      	BSF         R14, 2, 0
;__Lib_MathDouble.c,360 :: 		
NORM4032B:
;__Lib_MathDouble.c,361 :: 		
0x037E	0x90D8      	BCF         STATUS, 0, 0
;__Lib_MathDouble.c,362 :: 		
0x0380	0xBE02      	BTFSC       R2, 7, 0
;__Lib_MathDouble.c,363 :: 		
0x0382	0xF001EF54  	GOTO        TNORMUN4032
;__Lib_MathDouble.c,364 :: 		
0x0386	0x3601      	RLCF        R1, 1, 0
;__Lib_MathDouble.c,365 :: 		
0x0388	0x3602      	RLCF        R2, 1, 0
;__Lib_MathDouble.c,366 :: 		
0x038A	0x2A0E      	INCF        R14, 1, 0
;__Lib_MathDouble.c,367 :: 		
0x038C	0xBE02      	BTFSC       R2, 7, 0
;__Lib_MathDouble.c,368 :: 		
0x038E	0xF001EF54  	GOTO        TNORMUN4032
;__Lib_MathDouble.c,369 :: 		
0x0392	0x3601      	RLCF        R1, 1, 0
;__Lib_MathDouble.c,370 :: 		
0x0394	0x3602      	RLCF        R2, 1, 0
;__Lib_MathDouble.c,371 :: 		
0x0396	0x2A0E      	INCF        R14, 1, 0
;__Lib_MathDouble.c,372 :: 		
0x0398	0xBE02      	BTFSC       R2, 7, 0
;__Lib_MathDouble.c,373 :: 		
0x039A	0xF001EF54  	GOTO        TNORMUN4032
;__Lib_MathDouble.c,374 :: 		
0x039E	0x3601      	RLCF        R1, 1, 0
;__Lib_MathDouble.c,375 :: 		
0x03A0	0x3602      	RLCF        R2, 1, 0
;__Lib_MathDouble.c,376 :: 		
0x03A2	0x2A0E      	INCF        R14, 1, 0
;__Lib_MathDouble.c,377 :: 		
0x03A4	0xF001EF54  	GOTO        TNORMUN4032
;__Lib_MathDouble.c,379 :: 		
NRM4032C:
;__Lib_MathDouble.c,380 :: 		
0x03A8	0xF002C001  	MOVFF       R1, R2
;__Lib_MathDouble.c,381 :: 		
0x03AC	0x6A01      	CLRF        R1, 0
;__Lib_MathDouble.c,382 :: 		
0x03AE	0x0E00      	MOVLW       0
;__Lib_MathDouble.c,383 :: 		
0x03B0	0x860E      	BSF         R14, 3, 0
;__Lib_MathDouble.c,384 :: 		
0x03B2	0x6402      	CPFSGT      R2, 0
;__Lib_MathDouble.c,385 :: 		
0x03B4	0xF002EF04  	GOTO        NRM40JPRES032
;__Lib_MathDouble.c,388 :: 		
0x03B8	0x0EF0      	MOVLW       240
;__Lib_MathDouble.c,389 :: 		
0x03BA	0x1402      	ANDWF       R2, 0, 0
;__Lib_MathDouble.c,390 :: 		
0x03BC	0xA4D8      	BTFSS       STATUS, 2, 0
;__Lib_MathDouble.c,391 :: 		
0x03BE	0xF001EFE3  	GOTO        NORM4032C
;__Lib_MathDouble.c,392 :: 		
0x03C2	0x3A02      	SWAPF       R2, 1, 0
;__Lib_MathDouble.c,394 :: 		
0x03C4	0x840E      	BSF         R14, 2, 0
;__Lib_MathDouble.c,396 :: 		
NORM4032C:
;__Lib_MathDouble.c,397 :: 		
0x03C6	0x90D8      	BCF         STATUS, 0, 0
;__Lib_MathDouble.c,399 :: 		
0x03C8	0xBE02      	BTFSC       R2, 7, 0
;__Lib_MathDouble.c,400 :: 		
0x03CA	0xF001EF54  	GOTO        TNORMUN4032
;__Lib_MathDouble.c,401 :: 		
0x03CE	0x3602      	RLCF        R2, 1, 0
;__Lib_MathDouble.c,402 :: 		
0x03D0	0x2A0E      	INCF        R14, 1, 0
;__Lib_MathDouble.c,403 :: 		
0x03D2	0xBE02      	BTFSC       R2, 7, 0
;__Lib_MathDouble.c,404 :: 		
0x03D4	0xF001EF54  	GOTO        TNORMUN4032
;__Lib_MathDouble.c,405 :: 		
0x03D8	0x3602      	RLCF        R2, 1, 0
;__Lib_MathDouble.c,406 :: 		
0x03DA	0x2A0E      	INCF        R14, 1, 0
;__Lib_MathDouble.c,407 :: 		
0x03DC	0xBE02      	BTFSC       R2, 7, 0
;__Lib_MathDouble.c,408 :: 		
0x03DE	0xF001EF54  	GOTO        TNORMUN4032
;__Lib_MathDouble.c,409 :: 		
0x03E2	0x3602      	RLCF        R2, 1, 0
;__Lib_MathDouble.c,410 :: 		
0x03E4	0x2A0E      	INCF        R14, 1, 0
;__Lib_MathDouble.c,411 :: 		
0x03E6	0xF001EF54  	GOTO        TNORMUN4032
;__Lib_MathDouble.c,413 :: 		
NRM40JPSETFUN32:
;__Lib_MathDouble.c,414 :: 		
0x03EA	0x0E01      	MOVLW       1
;__Lib_MathDouble.c,415 :: 		
0x03EC	0x6E0C      	MOVWF       R12, 0
;__Lib_MathDouble.c,417 :: 		
0x03EE	0xDEC6      	RCALL       _SETFUN32
;__Lib_MathDouble.c,419 :: 		
0x03F0	0xF002EF07  	GOTO        NRM40EEE
;__Lib_MathDouble.c,420 :: 		
NRM40JPFIXSIGN32:
;__Lib_MathDouble.c,421 :: 		
0x03F4	0x0E02      	MOVLW       2
;__Lib_MathDouble.c,422 :: 		
0x03F6	0x6E0C      	MOVWF       R12, 0
;__Lib_MathDouble.c,424 :: 		
0x03F8	0xDEBD      	RCALL       _FIXSIGN32
;__Lib_MathDouble.c,426 :: 		
0x03FA	0xF002EF07  	GOTO        NRM40EEE
;__Lib_MathDouble.c,427 :: 		
NRM40JPSETFOV32:
;__Lib_MathDouble.c,428 :: 		
0x03FE	0x0E04      	MOVLW       4
;__Lib_MathDouble.c,429 :: 		
0x0400	0x6E0C      	MOVWF       R12, 0
;__Lib_MathDouble.c,431 :: 		
0x0402	0xDF09      	RCALL       _SETFOV32
;__Lib_MathDouble.c,433 :: 		
0x0404	0xF002EF07  	GOTO        NRM40EEE
;__Lib_MathDouble.c,434 :: 		
NRM40JPRES032:
;__Lib_MathDouble.c,435 :: 		
0x0408	0x0E08      	MOVLW       8
;__Lib_MathDouble.c,436 :: 		
0x040A	0x6E0C      	MOVWF       R12, 0
;__Lib_MathDouble.c,438 :: 		
0x040C	0xDEC4      	RCALL       _RES032
;__Lib_MathDouble.c,440 :: 		
NRM40EEE:
;__Lib_MathDouble.c,448 :: 		
L_end_NRM4032:
0x040E	0x0012      	RETURN      0
; end of _NRM4032
_Compare_Double:
;__Lib_MathDouble.c,2518 :: 		
;__Lib_MathDouble.c,2529 :: 		
0x0410	0x6A0A      	CLRF        R10, 0
;__Lib_MathDouble.c,2530 :: 		
0x0412	0x5003      	MOVF        R3, 0, 0
;__Lib_MathDouble.c,2531 :: 		
0x0414	0xA4D8      	BTFSS       STATUS, 2, 0
;__Lib_MathDouble.c,2532 :: 		
0x0416	0x800A      	BSF         R10, 0, 0
;__Lib_MathDouble.c,2533 :: 		
0x0418	0x5007      	MOVF        R7, 0, 0
;__Lib_MathDouble.c,2534 :: 		
0x041A	0xA4D8      	BTFSS       STATUS, 2, 0
;__Lib_MathDouble.c,2535 :: 		
0x041C	0x820A      	BSF         R10, 1, 0
;__Lib_MathDouble.c,2537 :: 		
0x041E	0x500A      	MOVF        R10, 0, 0
;__Lib_MathDouble.c,2538 :: 		
0x0420	0xB4D8      	BTFSC       STATUS, 2, 0
;__Lib_MathDouble.c,2539 :: 		
0x0422	0xF002EF6B  	GOTO        COMPARE_EQU
;__Lib_MathDouble.c,2540 :: 		
0x0426	0x0A03      	XORLW       3
;__Lib_MathDouble.c,2541 :: 		
0x0428	0xB4D8      	BTFSC       STATUS, 2, 0
;__Lib_MathDouble.c,2542 :: 		
0x042A	0xF002EF24  	GOTO        COMPARE_NOTZERO
;__Lib_MathDouble.c,2544 :: 		
0x042E	0xB00A      	BTFSC       R10, 0, 0
;__Lib_MathDouble.c,2545 :: 		
0x0430	0xF002EF1F  	GOTO        COMPARE_XNOTZERO
;__Lib_MathDouble.c,2547 :: 		
0x0434	0xAE06      	BTFSS       R6, 7, 0
;__Lib_MathDouble.c,2548 :: 		
0x0436	0xF002EF69  	GOTO        COMPARE_LT
;__Lib_MathDouble.c,2549 :: 		
0x043A	0xF002EF67  	GOTO        COMPARE_GT
;__Lib_MathDouble.c,2550 :: 		
COMPARE_XNOTZERO:
;__Lib_MathDouble.c,2551 :: 		
0x043E	0xAE02      	BTFSS       R2, 7, 0
;__Lib_MathDouble.c,2552 :: 		
0x0440	0xF002EF67  	GOTO        COMPARE_GT
;__Lib_MathDouble.c,2553 :: 		
0x0444	0xF002EF69  	GOTO        COMPARE_LT
;__Lib_MathDouble.c,2555 :: 		
COMPARE_NOTZERO:
;__Lib_MathDouble.c,2556 :: 		
0x0448	0x5002      	MOVF        R2, 0, 0
;__Lib_MathDouble.c,2557 :: 		
0x044A	0x0B80      	ANDLW       128
;__Lib_MathDouble.c,2558 :: 		
0x044C	0x6E0A      	MOVWF       R10, 0
;__Lib_MathDouble.c,2559 :: 		
0x044E	0x9E02      	BCF         R2, 7, 0
;__Lib_MathDouble.c,2561 :: 		
0x0450	0x5006      	MOVF        R6, 0, 0
;__Lib_MathDouble.c,2562 :: 		
0x0452	0x0B80      	ANDLW       128
;__Lib_MathDouble.c,2563 :: 		
0x0454	0x9E06      	BCF         R6, 7, 0
;__Lib_MathDouble.c,2565 :: 		
0x0456	0x180A      	XORWF       R10, 0, 0
;__Lib_MathDouble.c,2566 :: 		
0x0458	0xB4D8      	BTFSC       STATUS, 2, 0
;__Lib_MathDouble.c,2567 :: 		
0x045A	0xF002EF35  	GOTO        COMPARE_TESTALL
;__Lib_MathDouble.c,2569 :: 		
0x045E	0x500A      	MOVF        R10, 0, 0
;__Lib_MathDouble.c,2570 :: 		
0x0460	0xB4D8      	BTFSC       STATUS, 2, 0
;__Lib_MathDouble.c,2571 :: 		
0x0462	0xF002EF67  	GOTO        COMPARE_GT
;__Lib_MathDouble.c,2572 :: 		
0x0466	0xF002EF69  	GOTO        COMPARE_LT
;__Lib_MathDouble.c,2574 :: 		
COMPARE_TESTALL:
;__Lib_MathDouble.c,2575 :: 		
0x046A	0x5007      	MOVF        R7, 0, 0
;__Lib_MathDouble.c,2576 :: 		
0x046C	0x5C03      	SUBWF       R3, 0, 0
;__Lib_MathDouble.c,2577 :: 		
0x046E	0xB4D8      	BTFSC       STATUS, 2, 0
;__Lib_MathDouble.c,2578 :: 		
0x0470	0xF002EF3F  	GOTO        COMPARE_C1
;__Lib_MathDouble.c,2579 :: 		
0x0474	0xA0D8      	BTFSS       STATUS, 0, 0
;__Lib_MathDouble.c,2580 :: 		
0x0476	0xF002EF5B  	GOTO        GT_FALSE
;__Lib_MathDouble.c,2581 :: 		
0x047A	0xF002EF61  	GOTO        GT_TRUE
;__Lib_MathDouble.c,2582 :: 		
COMPARE_C1:
;__Lib_MathDouble.c,2583 :: 		
0x047E	0x5006      	MOVF        R6, 0, 0
;__Lib_MathDouble.c,2584 :: 		
0x0480	0x5C02      	SUBWF       R2, 0, 0
;__Lib_MathDouble.c,2585 :: 		
0x0482	0xB4D8      	BTFSC       STATUS, 2, 0
;__Lib_MathDouble.c,2586 :: 		
0x0484	0xF002EF49  	GOTO        COMPARE_C2
;__Lib_MathDouble.c,2587 :: 		
0x0488	0xA0D8      	BTFSS       STATUS, 0, 0
;__Lib_MathDouble.c,2588 :: 		
0x048A	0xF002EF5B  	GOTO        GT_FALSE
;__Lib_MathDouble.c,2589 :: 		
0x048E	0xF002EF61  	GOTO        GT_TRUE
;__Lib_MathDouble.c,2590 :: 		
COMPARE_C2:
;__Lib_MathDouble.c,2591 :: 		
0x0492	0x5005      	MOVF        R5, 0, 0
;__Lib_MathDouble.c,2592 :: 		
0x0494	0x5C01      	SUBWF       R1, 0, 0
;__Lib_MathDouble.c,2593 :: 		
0x0496	0xB4D8      	BTFSC       STATUS, 2, 0
;__Lib_MathDouble.c,2594 :: 		
0x0498	0xF002EF53  	GOTO        COMPARE_C3
;__Lib_MathDouble.c,2595 :: 		
0x049C	0xA0D8      	BTFSS       STATUS, 0, 0
;__Lib_MathDouble.c,2596 :: 		
0x049E	0xF002EF5B  	GOTO        GT_FALSE
;__Lib_MathDouble.c,2597 :: 		
0x04A2	0xF002EF61  	GOTO        GT_TRUE
;__Lib_MathDouble.c,2598 :: 		
COMPARE_C3:
;__Lib_MathDouble.c,2599 :: 		
0x04A6	0x5004      	MOVF        R4, 0, 0
;__Lib_MathDouble.c,2600 :: 		
0x04A8	0x5C00      	SUBWF       R0, 0, 0
;__Lib_MathDouble.c,2601 :: 		
0x04AA	0xB4D8      	BTFSC       STATUS, 2, 0
;__Lib_MathDouble.c,2602 :: 		
0x04AC	0xF002EF6B  	GOTO        COMPARE_EQU
;__Lib_MathDouble.c,2603 :: 		
0x04B0	0xB0D8      	BTFSC       STATUS, 0, 0
;__Lib_MathDouble.c,2604 :: 		
0x04B2	0xF002EF61  	GOTO        GT_TRUE
;__Lib_MathDouble.c,2606 :: 		
GT_FALSE:
;__Lib_MathDouble.c,2607 :: 		
0x04B6	0x520A      	MOVF        R10, 1, 0
;__Lib_MathDouble.c,2608 :: 		
0x04B8	0xB4D8      	BTFSC       STATUS, 2, 0
;__Lib_MathDouble.c,2609 :: 		
0x04BA	0xF002EF69  	GOTO        COMPARE_LT
;__Lib_MathDouble.c,2610 :: 		
0x04BE	0xF002EF67  	GOTO        COMPARE_GT
;__Lib_MathDouble.c,2611 :: 		
GT_TRUE:
;__Lib_MathDouble.c,2612 :: 		
0x04C2	0x520A      	MOVF        R10, 1, 0
;__Lib_MathDouble.c,2613 :: 		
0x04C4	0xB4D8      	BTFSC       STATUS, 2, 0
;__Lib_MathDouble.c,2614 :: 		
0x04C6	0xF002EF67  	GOTO        COMPARE_GT
;__Lib_MathDouble.c,2615 :: 		
0x04CA	0xF002EF69  	GOTO        COMPARE_LT
;__Lib_MathDouble.c,2617 :: 		
COMPARE_GT:
;__Lib_MathDouble.c,2620 :: 		
0x04CE	0x80D8      	BSF         STATUS, 0, 0
;__Lib_MathDouble.c,2621 :: 		
0x04D0	0x0012      	RETURN      0
;__Lib_MathDouble.c,2622 :: 		
COMPARE_LT:
;__Lib_MathDouble.c,2625 :: 		
0x04D2	0x90D8      	BCF         STATUS, 0, 0
;__Lib_MathDouble.c,2626 :: 		
0x04D4	0x0012      	RETURN      0
;__Lib_MathDouble.c,2627 :: 		
COMPARE_EQU:
;__Lib_MathDouble.c,2630 :: 		
0x04D6	0x80D8      	BSF         STATUS, 0, 0
;__Lib_MathDouble.c,2631 :: 		
0x04D8	0x84D8      	BSF         STATUS, 2, 0
;__Lib_MathDouble.c,2632 :: 		
0x04DA	0x0012      	RETURN      0
;__Lib_MathDouble.c,2634 :: 		
L_end_Compare_Double:
0x04DC	0x0012      	RETURN      0
; end of _Compare_Double
_int2double:
;__Lib_MathDouble.c,2285 :: 		
;__Lib_MathDouble.c,2294 :: 		
0x04DE	0xF008C000  	MOVFF       R0, R8
;__Lib_MathDouble.c,2295 :: 		
0x04E2	0x5001      	MOVF        R1, 0, 0
;__Lib_MathDouble.c,2296 :: 		
0x04E4	0x6E00      	MOVWF       R0, 0
;__Lib_MathDouble.c,2297 :: 		
0x04E6	0x6A01      	CLRF        R1, 0
;__Lib_MathDouble.c,2298 :: 		
0x04E8	0x6A02      	CLRF        R2, 0
;__Lib_MathDouble.c,2299 :: 		
0x04EA	0x6A03      	CLRF        R3, 0
;__Lib_MathDouble.c,2302 :: 		
0x04EC	0x6A0B      	CLRF        R11, 0
;__Lib_MathDouble.c,2303 :: 		
0x04EE	0x6A0C      	CLRF        R12, 0
;__Lib_MathDouble.c,2304 :: 		
0x04F0	0x6A01      	CLRF        R1, 0
;__Lib_MathDouble.c,2305 :: 		
0x04F2	0x6A02      	CLRF        R2, 0
;__Lib_MathDouble.c,2306 :: 		
0x04F4	0x6A03      	CLRF        R3, 0
;__Lib_MathDouble.c,2308 :: 		
0x04F6	0x0E96      	MOVLW       150
;__Lib_MathDouble.c,2309 :: 		
0x04F8	0x6E03      	MOVWF       R3, 0
;__Lib_MathDouble.c,2310 :: 		
0x04FA	0x6A0A      	CLRF        R10, 0
;__Lib_MathDouble.c,2311 :: 		
0x04FC	0xAE00      	BTFSS       R0, 7, 0
;__Lib_MathDouble.c,2312 :: 		
0x04FE	0xF002EF87  	GOTO        FLO1632EEE
;__Lib_MathDouble.c,2314 :: 		
0x0502	0x1E08      	COMF        R8, 1, 0
;__Lib_MathDouble.c,2315 :: 		
0x0504	0x1E00      	COMF        R0, 1, 0
;__Lib_MathDouble.c,2317 :: 		
0x0506	0x2A08      	INCF        R8, 1, 0
;__Lib_MathDouble.c,2318 :: 		
0x0508	0xB4D8      	BTFSC       STATUS, 2, 0
;__Lib_MathDouble.c,2319 :: 		
0x050A	0x2A00      	INCF        R0, 1, 0
;__Lib_MathDouble.c,2321 :: 		
0x050C	0x8E0A      	BSF         R10, 7, 0
;__Lib_MathDouble.c,2322 :: 		
FLO1632EEE:
;__Lib_MathDouble.c,2323 :: 		
0x050E	0xF001C000  	MOVFF       R0, R1
;__Lib_MathDouble.c,2324 :: 		
0x0512	0xF000C008  	MOVFF       R8, R0
;__Lib_MathDouble.c,2325 :: 		
0x0516	0x6A08      	CLRF        R8, 0
;__Lib_MathDouble.c,2326 :: 		
0x0518	0x6A02      	CLRF        R2, 0
;__Lib_MathDouble.c,2328 :: 		
0x051A	0xDE44      	RCALL       _NRM3232
;__Lib_MathDouble.c,2329 :: 		
L_end_int2double:
0x051C	0x0012      	RETURN      0
; end of _int2double
_Equals_Double:
;__Lib_MathDouble.c,2469 :: 		
;__Lib_MathDouble.c,2478 :: 		
0x051E	0x5003      	MOVF        R3, 0, 0
;__Lib_MathDouble.c,2479 :: 		
0x0520	0x1807      	XORWF       R7, 0, 0
;__Lib_MathDouble.c,2480 :: 		
0x0522	0xA4D8      	BTFSS       STATUS, 2, 0
;__Lib_MathDouble.c,2481 :: 		
0x0524	0xF002EFA3  	GOTO        EQU_FALSE
;__Lib_MathDouble.c,2483 :: 		
0x0528	0x5002      	MOVF        R2, 0, 0
;__Lib_MathDouble.c,2484 :: 		
0x052A	0x1806      	XORWF       R6, 0, 0
;__Lib_MathDouble.c,2485 :: 		
0x052C	0xA4D8      	BTFSS       STATUS, 2, 0
;__Lib_MathDouble.c,2486 :: 		
0x052E	0xF002EFA3  	GOTO        EQU_FALSE
;__Lib_MathDouble.c,2488 :: 		
0x0532	0x5001      	MOVF        R1, 0, 0
;__Lib_MathDouble.c,2489 :: 		
0x0534	0x1805      	XORWF       R5, 0, 0
;__Lib_MathDouble.c,2490 :: 		
0x0536	0xA4D8      	BTFSS       STATUS, 2, 0
;__Lib_MathDouble.c,2491 :: 		
0x0538	0xF002EFA3  	GOTO        EQU_FALSE
;__Lib_MathDouble.c,2493 :: 		
0x053C	0x5000      	MOVF        R0, 0, 0
;__Lib_MathDouble.c,2494 :: 		
0x053E	0x1804      	XORWF       R4, 0, 0
;__Lib_MathDouble.c,2495 :: 		
0x0540	0xB4D8      	BTFSC       STATUS, 2, 0
;__Lib_MathDouble.c,2498 :: 		
0x0542	0x84D8      	BSF         STATUS, 2, 0
;__Lib_MathDouble.c,2499 :: 		
0x0544	0x0012      	RETURN      0
;__Lib_MathDouble.c,2501 :: 		
EQU_FALSE:
;__Lib_MathDouble.c,2503 :: 		
0x0546	0x94D8      	BCF         STATUS, 2, 0
;__Lib_MathDouble.c,2504 :: 		
0x0548	0x0012      	RETURN      0
;__Lib_MathDouble.c,2507 :: 		
L_end_Equals_Double:
0x054A	0x0012      	RETURN      0
; end of _Equals_Double
_Add_32x32_FP:
;__Lib_MathDouble.c,563 :: 		
;__Lib_MathDouble.c,578 :: 		
0x054C	0x5002      	MOVF        R2, 0, 0
;__Lib_MathDouble.c,579 :: 		
0x054E	0x1806      	XORWF       R6, 0, 0
;__Lib_MathDouble.c,580 :: 		
0x0550	0x6E0E      	MOVWF       R14, 0
;__Lib_MathDouble.c,582 :: 		
0x0552	0x6A08      	CLRF        R8, 0
;__Lib_MathDouble.c,583 :: 		
0x0554	0x6A09      	CLRF        R9, 0
;__Lib_MathDouble.c,584 :: 		
0x0556	0x6A0B      	CLRF        R11, 0
;__Lib_MathDouble.c,586 :: 		
0x0558	0x5003      	MOVF        R3, 0, 0
;__Lib_MathDouble.c,587 :: 		
0x055A	0x6407      	CPFSGT      R7, 0
;__Lib_MathDouble.c,588 :: 		
0x055C	0xF003EF99  	GOTO        USEA32
;__Lib_MathDouble.c,591 :: 		
0x0560	0x5006      	MOVF        R6, 0, 0
;__Lib_MathDouble.c,592 :: 		
0x0562	0x6E0A      	MOVWF       R10, 0
;__Lib_MathDouble.c,593 :: 		
0x0564	0x8E06      	BSF         R6, 7, 0
;__Lib_MathDouble.c,594 :: 		
0x0566	0x8E02      	BSF         R2, 7, 0
;__Lib_MathDouble.c,596 :: 		
0x0568	0x5003      	MOVF        R3, 0, 0
;__Lib_MathDouble.c,597 :: 		
0x056A	0x6E0B      	MOVWF       R11, 0
;__Lib_MathDouble.c,598 :: 		
0x056C	0x5007      	MOVF        R7, 0, 0
;__Lib_MathDouble.c,599 :: 		
0x056E	0x6E03      	MOVWF       R3, 0
;__Lib_MathDouble.c,601 :: 		
0x0570	0x0E00      	MOVLW       0
;__Lib_MathDouble.c,602 :: 		
0x0572	0x640B      	CPFSGT      R11, 0
;__Lib_MathDouble.c,603 :: 		
0x0574	0xF002EFE9  	GOTO        BRETURN32
;__Lib_MathDouble.c,604 :: 		
0x0578	0x500B      	MOVF        R11, 0, 0
;__Lib_MathDouble.c,605 :: 		
0x057A	0x5E07      	SUBWF       R7, 1, 0
;__Lib_MathDouble.c,606 :: 		
0x057C	0xB4D8      	BTFSC       STATUS, 2, 0
;__Lib_MathDouble.c,607 :: 		
0x057E	0xF003EF8A  	GOTO        BLIGNED32
;__Lib_MathDouble.c,609 :: 		
0x0582	0x0E07      	MOVLW       7
;__Lib_MathDouble.c,610 :: 		
0x0584	0x6407      	CPFSGT      R7, 0
;__Lib_MathDouble.c,611 :: 		
0x0586	0xF003EF58  	GOTO        BNIB32
;__Lib_MathDouble.c,613 :: 		
0x058A	0x5E07      	SUBWF       R7, 1, 0
;__Lib_MathDouble.c,614 :: 		
0x058C	0xF008C000  	MOVFF       R0, R8
;__Lib_MathDouble.c,615 :: 		
0x0590	0xF000C001  	MOVFF       R1, R0
;__Lib_MathDouble.c,616 :: 		
0x0594	0xF001C002  	MOVFF       R2, R1
;__Lib_MathDouble.c,617 :: 		
0x0598	0x6A02      	CLRF        R2, 0
;__Lib_MathDouble.c,618 :: 		
0x059A	0x4E07      	DCFSNZ      R7, 1, 0
;__Lib_MathDouble.c,619 :: 		
0x059C	0xF003EF8A  	GOTO        BLIGNED32
;__Lib_MathDouble.c,621 :: 		
0x05A0	0x6407      	CPFSGT      R7, 0
;__Lib_MathDouble.c,622 :: 		
0x05A2	0xF003EF2D  	GOTO        BNIB32A
;__Lib_MathDouble.c,623 :: 		
0x05A6	0x5E07      	SUBWF       R7, 1, 0
;__Lib_MathDouble.c,624 :: 		
0x05A8	0xF008C000  	MOVFF       R0, R8
;__Lib_MathDouble.c,625 :: 		
0x05AC	0xF000C001  	MOVFF       R1, R0
;__Lib_MathDouble.c,626 :: 		
0x05B0	0x6A01      	CLRF        R1, 0
;__Lib_MathDouble.c,627 :: 		
0x05B2	0x4E07      	DCFSNZ      R7, 1, 0
;__Lib_MathDouble.c,628 :: 		
0x05B4	0xF003EF8A  	GOTO        BLIGNED32
;__Lib_MathDouble.c,630 :: 		
0x05B8	0x6407      	CPFSGT      R7, 0
;__Lib_MathDouble.c,631 :: 		
0x05BA	0xF003EF0B  	GOTO        BNIB32B
;__Lib_MathDouble.c,632 :: 		
0x05BE	0x5E07      	SUBWF       R7, 1, 0
;__Lib_MathDouble.c,633 :: 		
0x05C0	0xF008C000  	MOVFF       R0, R8
;__Lib_MathDouble.c,634 :: 		
0x05C4	0x6A00      	CLRF        R0, 0
;__Lib_MathDouble.c,635 :: 		
0x05C6	0x4E07      	DCFSNZ      R7, 1, 0
;__Lib_MathDouble.c,636 :: 		
0x05C8	0xF003EF8A  	GOTO        BLIGNED32
;__Lib_MathDouble.c,638 :: 		
0x05CC	0x6407      	CPFSGT      R7, 0
;__Lib_MathDouble.c,639 :: 		
0x05CE	0xF002EFF2  	GOTO        BNIB32C
;__Lib_MathDouble.c,641 :: 		
BRETURN32:
;__Lib_MathDouble.c,642 :: 		
0x05D2	0xF002C00A  	MOVFF       R10, R2
;__Lib_MathDouble.c,643 :: 		
0x05D6	0xF001C005  	MOVFF       R5, R1
;__Lib_MathDouble.c,644 :: 		
0x05DA	0xF000C004  	MOVFF       R4, R0
;__Lib_MathDouble.c,645 :: 		
0x05DE	0x6A08      	CLRF        R8, 0
;__Lib_MathDouble.c,646 :: 		
0x05E0	0xF004EFB3  	GOTO        ADDEOK
;__Lib_MathDouble.c,648 :: 		
BNIB32C:
;__Lib_MathDouble.c,649 :: 		
0x05E4	0x0E03      	MOVLW       3
;__Lib_MathDouble.c,650 :: 		
0x05E6	0x6407      	CPFSGT      R7, 0
;__Lib_MathDouble.c,651 :: 		
0x05E8	0xF002EFFD  	GOTO        BLOOP32C
;__Lib_MathDouble.c,652 :: 		
0x05EC	0x5E07      	SUBWF       R7, 1, 0
;__Lib_MathDouble.c,653 :: 		
0x05EE	0x3808      	SWAPF       R8, 0, 0
;__Lib_MathDouble.c,654 :: 		
0x05F0	0x0B0F      	ANDLW       15
;__Lib_MathDouble.c,655 :: 		
0x05F2	0x6E08      	MOVWF       R8, 0
;__Lib_MathDouble.c,656 :: 		
0x05F4	0x4E07      	DCFSNZ      R7, 1, 0
;__Lib_MathDouble.c,657 :: 		
0x05F6	0xF003EF8A  	GOTO        BLIGNED32
;__Lib_MathDouble.c,659 :: 		
BLOOP32C:
;__Lib_MathDouble.c,660 :: 		
0x05FA	0x90D8      	BCF         STATUS, 0, 0
;__Lib_MathDouble.c,661 :: 		
0x05FC	0x3208      	RRCF        R8, 1, 0
;__Lib_MathDouble.c,662 :: 		
0x05FE	0x4E07      	DCFSNZ      R7, 1, 0
;__Lib_MathDouble.c,663 :: 		
0x0600	0xF003EF8A  	GOTO        BLIGNED32
;__Lib_MathDouble.c,664 :: 		
0x0604	0x90D8      	BCF         STATUS, 0, 0
;__Lib_MathDouble.c,665 :: 		
0x0606	0x3208      	RRCF        R8, 1, 0
;__Lib_MathDouble.c,666 :: 		
0x0608	0x4E07      	DCFSNZ      R7, 1, 0
;__Lib_MathDouble.c,667 :: 		
0x060A	0xF003EF8A  	GOTO        BLIGNED32
;__Lib_MathDouble.c,668 :: 		
0x060E	0x90D8      	BCF         STATUS, 0, 0
;__Lib_MathDouble.c,669 :: 		
0x0610	0x3208      	RRCF        R8, 1, 0
;__Lib_MathDouble.c,670 :: 		
0x0612	0xF003EF8A  	GOTO        BLIGNED32
;__Lib_MathDouble.c,672 :: 		
BNIB32B:
;__Lib_MathDouble.c,673 :: 		
0x0616	0x0E03      	MOVLW       3
;__Lib_MathDouble.c,674 :: 		
0x0618	0x6407      	CPFSGT      R7, 0
;__Lib_MathDouble.c,675 :: 		
0x061A	0xF003EF1C  	GOTO        BLOOP32B
;__Lib_MathDouble.c,676 :: 		
0x061E	0x5E07      	SUBWF       R7, 1, 0
;__Lib_MathDouble.c,677 :: 		
0x0620	0x3808      	SWAPF       R8, 0, 0
;__Lib_MathDouble.c,678 :: 		
0x0622	0x0B0F      	ANDLW       15
;__Lib_MathDouble.c,679 :: 		
0x0624	0x6E08      	MOVWF       R8, 0
;__Lib_MathDouble.c,680 :: 		
0x0626	0x3800      	SWAPF       R0, 0, 0
;__Lib_MathDouble.c,681 :: 		
0x0628	0x0BF0      	ANDLW       240
;__Lib_MathDouble.c,682 :: 		
0x062A	0x2608      	ADDWF       R8, 1, 0
;__Lib_MathDouble.c,683 :: 		
0x062C	0x3800      	SWAPF       R0, 0, 0
;__Lib_MathDouble.c,684 :: 		
0x062E	0x0B0F      	ANDLW       15
;__Lib_MathDouble.c,685 :: 		
0x0630	0x6E00      	MOVWF       R0, 0
;__Lib_MathDouble.c,686 :: 		
0x0632	0x4E07      	DCFSNZ      R7, 1, 0
;__Lib_MathDouble.c,687 :: 		
0x0634	0xF003EF8A  	GOTO        BLIGNED32
;__Lib_MathDouble.c,689 :: 		
BLOOP32B:
;__Lib_MathDouble.c,690 :: 		
0x0638	0x90D8      	BCF         STATUS, 0, 0
;__Lib_MathDouble.c,691 :: 		
0x063A	0x3200      	RRCF        R0, 1, 0
;__Lib_MathDouble.c,692 :: 		
0x063C	0x3208      	RRCF        R8, 1, 0
;__Lib_MathDouble.c,693 :: 		
0x063E	0x4E07      	DCFSNZ      R7, 1, 0
;__Lib_MathDouble.c,694 :: 		
0x0640	0xF003EF8A  	GOTO        BLIGNED32
;__Lib_MathDouble.c,695 :: 		
0x0644	0x90D8      	BCF         STATUS, 0, 0
;__Lib_MathDouble.c,696 :: 		
0x0646	0x3200      	RRCF        R0, 1, 0
;__Lib_MathDouble.c,697 :: 		
0x0648	0x3208      	RRCF        R8, 1, 0
;__Lib_MathDouble.c,698 :: 		
0x064A	0x4E07      	DCFSNZ      R7, 1, 0
;__Lib_MathDouble.c,699 :: 		
0x064C	0xF003EF8A  	GOTO        BLIGNED32
;__Lib_MathDouble.c,700 :: 		
0x0650	0x90D8      	BCF         STATUS, 0, 0
;__Lib_MathDouble.c,701 :: 		
0x0652	0x3200      	RRCF        R0, 1, 0
;__Lib_MathDouble.c,702 :: 		
0x0654	0x3208      	RRCF        R8, 1, 0
;__Lib_MathDouble.c,703 :: 		
0x0656	0xF003EF8A  	GOTO        BLIGNED32
;__Lib_MathDouble.c,705 :: 		
BNIB32A:
;__Lib_MathDouble.c,706 :: 		
0x065A	0x0E03      	MOVLW       3
;__Lib_MathDouble.c,707 :: 		
0x065C	0x6407      	CPFSGT      R7, 0
;__Lib_MathDouble.c,708 :: 		
0x065E	0xF003EF44  	GOTO        BLOOP32A
;__Lib_MathDouble.c,709 :: 		
0x0662	0x5E07      	SUBWF       R7, 1, 0
;__Lib_MathDouble.c,710 :: 		
0x0664	0x3808      	SWAPF       R8, 0, 0
;__Lib_MathDouble.c,711 :: 		
0x0666	0x0B0F      	ANDLW       15
;__Lib_MathDouble.c,712 :: 		
0x0668	0x6E08      	MOVWF       R8, 0
;__Lib_MathDouble.c,713 :: 		
0x066A	0x3800      	SWAPF       R0, 0, 0
;__Lib_MathDouble.c,714 :: 		
0x066C	0x0BF0      	ANDLW       240
;__Lib_MathDouble.c,715 :: 		
0x066E	0x2608      	ADDWF       R8, 1, 0
;__Lib_MathDouble.c,716 :: 		
0x0670	0x3800      	SWAPF       R0, 0, 0
;__Lib_MathDouble.c,717 :: 		
0x0672	0x0B0F      	ANDLW       15
;__Lib_MathDouble.c,718 :: 		
0x0674	0x6E00      	MOVWF       R0, 0
;__Lib_MathDouble.c,719 :: 		
0x0676	0x3801      	SWAPF       R1, 0, 0
;__Lib_MathDouble.c,720 :: 		
0x0678	0x0BF0      	ANDLW       240
;__Lib_MathDouble.c,721 :: 		
0x067A	0x2600      	ADDWF       R0, 1, 0
;__Lib_MathDouble.c,722 :: 		
0x067C	0x3801      	SWAPF       R1, 0, 0
;__Lib_MathDouble.c,723 :: 		
0x067E	0x0B0F      	ANDLW       15
;__Lib_MathDouble.c,724 :: 		
0x0680	0x6E01      	MOVWF       R1, 0
;__Lib_MathDouble.c,725 :: 		
0x0682	0x4E07      	DCFSNZ      R7, 1, 0
;__Lib_MathDouble.c,726 :: 		
0x0684	0xF003EF8A  	GOTO        BLIGNED32
;__Lib_MathDouble.c,728 :: 		
BLOOP32A:
;__Lib_MathDouble.c,729 :: 		
0x0688	0x90D8      	BCF         STATUS, 0, 0
;__Lib_MathDouble.c,730 :: 		
0x068A	0x3201      	RRCF        R1, 1, 0
;__Lib_MathDouble.c,731 :: 		
0x068C	0x3200      	RRCF        R0, 1, 0
;__Lib_MathDouble.c,732 :: 		
0x068E	0x3208      	RRCF        R8, 1, 0
;__Lib_MathDouble.c,733 :: 		
0x0690	0x4E07      	DCFSNZ      R7, 1, 0
;__Lib_MathDouble.c,734 :: 		
0x0692	0xF003EF8A  	GOTO        BLIGNED32
;__Lib_MathDouble.c,735 :: 		
0x0696	0x90D8      	BCF         STATUS, 0, 0
;__Lib_MathDouble.c,736 :: 		
0x0698	0x3201      	RRCF        R1, 1, 0
;__Lib_MathDouble.c,737 :: 		
0x069A	0x3200      	RRCF        R0, 1, 0
;__Lib_MathDouble.c,738 :: 		
0x069C	0x3208      	RRCF        R8, 1, 0
;__Lib_MathDouble.c,739 :: 		
0x069E	0x4E07      	DCFSNZ      R7, 1, 0
;__Lib_MathDouble.c,740 :: 		
0x06A0	0xF003EF8A  	GOTO        BLIGNED32
;__Lib_MathDouble.c,741 :: 		
0x06A4	0x90D8      	BCF         STATUS, 0, 0
;__Lib_MathDouble.c,742 :: 		
0x06A6	0x3201      	RRCF        R1, 1, 0
;__Lib_MathDouble.c,743 :: 		
0x06A8	0x3200      	RRCF        R0, 1, 0
;__Lib_MathDouble.c,744 :: 		
0x06AA	0x3208      	RRCF        R8, 1, 0
;__Lib_MathDouble.c,745 :: 		
0x06AC	0xF003EF8A  	GOTO        BLIGNED32
;__Lib_MathDouble.c,747 :: 		
BNIB32:
;__Lib_MathDouble.c,748 :: 		
0x06B0	0x0E03      	MOVLW       3
;__Lib_MathDouble.c,749 :: 		
0x06B2	0x6407      	CPFSGT      R7, 0
;__Lib_MathDouble.c,750 :: 		
0x06B4	0xF003EF75  	GOTO        BLOOP32
;__Lib_MathDouble.c,751 :: 		
0x06B8	0x5E07      	SUBWF       R7, 1, 0
;__Lib_MathDouble.c,752 :: 		
0x06BA	0x3808      	SWAPF       R8, 0, 0
;__Lib_MathDouble.c,753 :: 		
0x06BC	0x0B0F      	ANDLW       15
;__Lib_MathDouble.c,754 :: 		
0x06BE	0x6E08      	MOVWF       R8, 0
;__Lib_MathDouble.c,755 :: 		
0x06C0	0x3800      	SWAPF       R0, 0, 0
;__Lib_MathDouble.c,756 :: 		
0x06C2	0x0BF0      	ANDLW       240
;__Lib_MathDouble.c,757 :: 		
0x06C4	0x2608      	ADDWF       R8, 1, 0
;__Lib_MathDouble.c,758 :: 		
0x06C6	0x3800      	SWAPF       R0, 0, 0
;__Lib_MathDouble.c,759 :: 		
0x06C8	0x0B0F      	ANDLW       15
;__Lib_MathDouble.c,760 :: 		
0x06CA	0x6E00      	MOVWF       R0, 0
;__Lib_MathDouble.c,761 :: 		
0x06CC	0x3801      	SWAPF       R1, 0, 0
;__Lib_MathDouble.c,762 :: 		
0x06CE	0x0BF0      	ANDLW       240
;__Lib_MathDouble.c,763 :: 		
0x06D0	0x2600      	ADDWF       R0, 1, 0
;__Lib_MathDouble.c,764 :: 		
0x06D2	0x3801      	SWAPF       R1, 0, 0
;__Lib_MathDouble.c,765 :: 		
0x06D4	0x0B0F      	ANDLW       15
;__Lib_MathDouble.c,766 :: 		
0x06D6	0x6E01      	MOVWF       R1, 0
;__Lib_MathDouble.c,767 :: 		
0x06D8	0x3802      	SWAPF       R2, 0, 0
;__Lib_MathDouble.c,768 :: 		
0x06DA	0x0BF0      	ANDLW       240
;__Lib_MathDouble.c,769 :: 		
0x06DC	0x2601      	ADDWF       R1, 1, 0
;__Lib_MathDouble.c,770 :: 		
0x06DE	0x3802      	SWAPF       R2, 0, 0
;__Lib_MathDouble.c,771 :: 		
0x06E0	0x0B0F      	ANDLW       15
;__Lib_MathDouble.c,772 :: 		
0x06E2	0x6E02      	MOVWF       R2, 0
;__Lib_MathDouble.c,773 :: 		
0x06E4	0x4E07      	DCFSNZ      R7, 1, 0
;__Lib_MathDouble.c,774 :: 		
0x06E6	0xF003EF8A  	GOTO        BLIGNED32
;__Lib_MathDouble.c,776 :: 		
BLOOP32:
;__Lib_MathDouble.c,777 :: 		
0x06EA	0x90D8      	BCF         STATUS, 0, 0
;__Lib_MathDouble.c,778 :: 		
0x06EC	0x3202      	RRCF        R2, 1, 0
;__Lib_MathDouble.c,779 :: 		
0x06EE	0x3201      	RRCF        R1, 1, 0
;__Lib_MathDouble.c,780 :: 		
0x06F0	0x3200      	RRCF        R0, 1, 0
;__Lib_MathDouble.c,781 :: 		
0x06F2	0x3208      	RRCF        R8, 1, 0
;__Lib_MathDouble.c,782 :: 		
0x06F4	0x4E07      	DCFSNZ      R7, 1, 0
;__Lib_MathDouble.c,783 :: 		
0x06F6	0xF003EF8A  	GOTO        BLIGNED32
;__Lib_MathDouble.c,784 :: 		
0x06FA	0x90D8      	BCF         STATUS, 0, 0
;__Lib_MathDouble.c,785 :: 		
0x06FC	0x3202      	RRCF        R2, 1, 0
;__Lib_MathDouble.c,786 :: 		
0x06FE	0x3201      	RRCF        R1, 1, 0
;__Lib_MathDouble.c,787 :: 		
0x0700	0x3200      	RRCF        R0, 1, 0
;__Lib_MathDouble.c,788 :: 		
0x0702	0x3208      	RRCF        R8, 1, 0
;__Lib_MathDouble.c,789 :: 		
0x0704	0x4E07      	DCFSNZ      R7, 1, 0
;__Lib_MathDouble.c,790 :: 		
0x0706	0xF003EF8A  	GOTO        BLIGNED32
;__Lib_MathDouble.c,791 :: 		
0x070A	0x90D8      	BCF         STATUS, 0, 0
;__Lib_MathDouble.c,792 :: 		
0x070C	0x3202      	RRCF        R2, 1, 0
;__Lib_MathDouble.c,793 :: 		
0x070E	0x3201      	RRCF        R1, 1, 0
;__Lib_MathDouble.c,794 :: 		
0x0710	0x3200      	RRCF        R0, 1, 0
;__Lib_MathDouble.c,795 :: 		
0x0712	0x3208      	RRCF        R8, 1, 0
;__Lib_MathDouble.c,797 :: 		
BLIGNED32:
;__Lib_MathDouble.c,798 :: 		
0x0714	0x6A09      	CLRF        R9, 0
;__Lib_MathDouble.c,799 :: 		
0x0716	0x0E00      	MOVLW       0
;__Lib_MathDouble.c,800 :: 		
0x0718	0xAE0E      	BTFSS       R14, 7, 0
;__Lib_MathDouble.c,801 :: 		
0x071A	0xF004EF7E  	GOTO        AOK32
;__Lib_MathDouble.c,802 :: 		
0x071E	0x1E08      	COMF        R8, 1, 0
;__Lib_MathDouble.c,803 :: 		
0x0720	0x1E00      	COMF        R0, 1, 0
;__Lib_MathDouble.c,804 :: 		
0x0722	0x1E01      	COMF        R1, 1, 0
;__Lib_MathDouble.c,805 :: 		
0x0724	0x1E02      	COMF        R2, 1, 0
;__Lib_MathDouble.c,806 :: 		
0x0726	0x2A08      	INCF        R8, 1, 0
;__Lib_MathDouble.c,807 :: 		
0x0728	0x2200      	ADDWFC      R0, 1, 0
;__Lib_MathDouble.c,808 :: 		
0x072A	0x2201      	ADDWFC      R1, 1, 0
;__Lib_MathDouble.c,809 :: 		
0x072C	0x2202      	ADDWFC      R2, 1, 0
;__Lib_MathDouble.c,810 :: 		
0x072E	0xF004EF7E  	GOTO        AOK32
;__Lib_MathDouble.c,812 :: 		
USEA32:
;__Lib_MathDouble.c,813 :: 		
0x0732	0x5007      	MOVF        R7, 0, 0
;__Lib_MathDouble.c,814 :: 		
0x0734	0xA4D8      	BTFSS       STATUS, 2, 0
;__Lib_MathDouble.c,815 :: 		
0x0736	0xF003EF9F  	GOTO        BNE032
;__Lib_MathDouble.c,816 :: 		
0x073A	0xF004EFB3  	GOTO        ADDEOK
;__Lib_MathDouble.c,818 :: 		
BNE032:
;__Lib_MathDouble.c,819 :: 		
0x073E	0x6A09      	CLRF        R9, 0
;__Lib_MathDouble.c,820 :: 		
0x0740	0xF00AC002  	MOVFF       R2, R10
;__Lib_MathDouble.c,821 :: 		
0x0744	0x8E02      	BSF         R2, 7, 0
;__Lib_MathDouble.c,822 :: 		
0x0746	0x8E06      	BSF         R6, 7, 0
;__Lib_MathDouble.c,824 :: 		
0x0748	0x5007      	MOVF        R7, 0, 0
;__Lib_MathDouble.c,825 :: 		
0x074A	0x5C03      	SUBWF       R3, 0, 0
;__Lib_MathDouble.c,826 :: 		
0x074C	0x6E07      	MOVWF       R7, 0
;__Lib_MathDouble.c,827 :: 		
0x074E	0xB4D8      	BTFSC       STATUS, 2, 0
;__Lib_MathDouble.c,828 :: 		
0x0750	0xF004EF71  	GOTO        ALIGNED32
;__Lib_MathDouble.c,830 :: 		
0x0754	0x0E07      	MOVLW       7
;__Lib_MathDouble.c,831 :: 		
0x0756	0x6407      	CPFSGT      R7, 0
;__Lib_MathDouble.c,832 :: 		
0x0758	0xF004EF3F  	GOTO        ANIB32
;__Lib_MathDouble.c,833 :: 		
0x075C	0x5E07      	SUBWF       R7, 1, 0
;__Lib_MathDouble.c,834 :: 		
0x075E	0x5004      	MOVF        R4, 0, 0
;__Lib_MathDouble.c,835 :: 		
0x0760	0x6E09      	MOVWF       R9, 0
;__Lib_MathDouble.c,836 :: 		
0x0762	0x5005      	MOVF        R5, 0, 0
;__Lib_MathDouble.c,837 :: 		
0x0764	0x6E04      	MOVWF       R4, 0
;__Lib_MathDouble.c,838 :: 		
0x0766	0x5006      	MOVF        R6, 0, 0
;__Lib_MathDouble.c,839 :: 		
0x0768	0x6E05      	MOVWF       R5, 0
;__Lib_MathDouble.c,840 :: 		
0x076A	0x6A06      	CLRF        R6, 0
;__Lib_MathDouble.c,841 :: 		
0x076C	0x4E07      	DCFSNZ      R7, 1, 0
;__Lib_MathDouble.c,842 :: 		
0x076E	0xF004EF71  	GOTO        ALIGNED32
;__Lib_MathDouble.c,844 :: 		
0x0772	0x0E07      	MOVLW       7
;__Lib_MathDouble.c,845 :: 		
0x0774	0x6407      	CPFSGT      R7, 0
;__Lib_MathDouble.c,846 :: 		
0x0776	0xF004EF14  	GOTO        ANIB32A
;__Lib_MathDouble.c,847 :: 		
0x077A	0x5E07      	SUBWF       R7, 1, 0
;__Lib_MathDouble.c,848 :: 		
0x077C	0x5004      	MOVF        R4, 0, 0
;__Lib_MathDouble.c,849 :: 		
0x077E	0x6E09      	MOVWF       R9, 0
;__Lib_MathDouble.c,850 :: 		
0x0780	0x5005      	MOVF        R5, 0, 0
;__Lib_MathDouble.c,851 :: 		
0x0782	0x6E04      	MOVWF       R4, 0
;__Lib_MathDouble.c,852 :: 		
0x0784	0x6A05      	CLRF        R5, 0
;__Lib_MathDouble.c,853 :: 		
0x0786	0x4E07      	DCFSNZ      R7, 1, 0
;__Lib_MathDouble.c,854 :: 		
0x0788	0xF004EF71  	GOTO        ALIGNED32
;__Lib_MathDouble.c,856 :: 		
0x078C	0x0E07      	MOVLW       7
;__Lib_MathDouble.c,857 :: 		
0x078E	0x6407      	CPFSGT      R7, 0
;__Lib_MathDouble.c,858 :: 		
0x0790	0xF003EFF2  	GOTO        ANIB32B
;__Lib_MathDouble.c,859 :: 		
0x0794	0x5E07      	SUBWF       R7, 1, 0
;__Lib_MathDouble.c,860 :: 		
0x0796	0x5004      	MOVF        R4, 0, 0
;__Lib_MathDouble.c,861 :: 		
0x0798	0x6E09      	MOVWF       R9, 0
;__Lib_MathDouble.c,862 :: 		
0x079A	0x6A04      	CLRF        R4, 0
;__Lib_MathDouble.c,863 :: 		
0x079C	0x4E07      	DCFSNZ      R7, 1, 0
;__Lib_MathDouble.c,864 :: 		
0x079E	0xF004EF71  	GOTO        ALIGNED32
;__Lib_MathDouble.c,866 :: 		
0x07A2	0x0E07      	MOVLW       7
;__Lib_MathDouble.c,867 :: 		
0x07A4	0x6407      	CPFSGT      R7, 0
;__Lib_MathDouble.c,868 :: 		
0x07A6	0xF003EFD9  	GOTO        ANIB32C
;__Lib_MathDouble.c,870 :: 		
0x07AA	0xF002C00A  	MOVFF       R10, R2
;__Lib_MathDouble.c,871 :: 		
0x07AE	0xF004EFB3  	GOTO        ADDEOK
;__Lib_MathDouble.c,873 :: 		
ANIB32C:
;__Lib_MathDouble.c,874 :: 		
0x07B2	0x0E03      	MOVLW       3
;__Lib_MathDouble.c,875 :: 		
0x07B4	0x6407      	CPFSGT      R7, 0
;__Lib_MathDouble.c,876 :: 		
0x07B6	0xF003EFE4  	GOTO        ALOOP32C
;__Lib_MathDouble.c,877 :: 		
0x07BA	0x5E07      	SUBWF       R7, 1, 0
;__Lib_MathDouble.c,878 :: 		
0x07BC	0x3809      	SWAPF       R9, 0, 0
;__Lib_MathDouble.c,879 :: 		
0x07BE	0x0B0F      	ANDLW       15
;__Lib_MathDouble.c,880 :: 		
0x07C0	0x6E09      	MOVWF       R9, 0
;__Lib_MathDouble.c,881 :: 		
0x07C2	0x4E07      	DCFSNZ      R7, 1, 0
;__Lib_MathDouble.c,882 :: 		
0x07C4	0xF004EF71  	GOTO        ALIGNED32
;__Lib_MathDouble.c,884 :: 		
ALOOP32C:
;__Lib_MathDouble.c,885 :: 		
0x07C8	0x90D8      	BCF         STATUS, 0, 0
;__Lib_MathDouble.c,886 :: 		
0x07CA	0x3209      	RRCF        R9, 1, 0
;__Lib_MathDouble.c,887 :: 		
0x07CC	0x4E07      	DCFSNZ      R7, 1, 0
;__Lib_MathDouble.c,888 :: 		
0x07CE	0xF004EF71  	GOTO        ALIGNED32
;__Lib_MathDouble.c,889 :: 		
0x07D2	0x90D8      	BCF         STATUS, 0, 0
;__Lib_MathDouble.c,890 :: 		
0x07D4	0x3209      	RRCF        R9, 1, 0
;__Lib_MathDouble.c,891 :: 		
0x07D6	0x4E07      	DCFSNZ      R7, 1, 0
;__Lib_MathDouble.c,892 :: 		
0x07D8	0xF004EF71  	GOTO        ALIGNED32
;__Lib_MathDouble.c,893 :: 		
0x07DC	0x90D8      	BCF         STATUS, 0, 0
;__Lib_MathDouble.c,894 :: 		
0x07DE	0x3209      	RRCF        R9, 1, 0
;__Lib_MathDouble.c,895 :: 		
0x07E0	0xF004EF71  	GOTO        ALIGNED32
;__Lib_MathDouble.c,897 :: 		
ANIB32B:
;__Lib_MathDouble.c,898 :: 		
0x07E4	0x0E03      	MOVLW       3
;__Lib_MathDouble.c,899 :: 		
0x07E6	0x6407      	CPFSGT      R7, 0
;__Lib_MathDouble.c,900 :: 		
0x07E8	0xF004EF03  	GOTO        ALOOP32B
;__Lib_MathDouble.c,901 :: 		
0x07EC	0x5E07      	SUBWF       R7, 1, 0
;__Lib_MathDouble.c,902 :: 		
0x07EE	0x3809      	SWAPF       R9, 0, 0
;__Lib_MathDouble.c,903 :: 		
0x07F0	0x0B0F      	ANDLW       15
;__Lib_MathDouble.c,904 :: 		
0x07F2	0x6E09      	MOVWF       R9, 0
;__Lib_MathDouble.c,905 :: 		
0x07F4	0x3804      	SWAPF       R4, 0, 0
;__Lib_MathDouble.c,906 :: 		
0x07F6	0x0BF0      	ANDLW       240
;__Lib_MathDouble.c,907 :: 		
0x07F8	0x2609      	ADDWF       R9, 1, 0
;__Lib_MathDouble.c,908 :: 		
0x07FA	0x3804      	SWAPF       R4, 0, 0
;__Lib_MathDouble.c,909 :: 		
0x07FC	0x0B0F      	ANDLW       15
;__Lib_MathDouble.c,910 :: 		
0x07FE	0x6E04      	MOVWF       R4, 0
;__Lib_MathDouble.c,911 :: 		
0x0800	0x4E07      	DCFSNZ      R7, 1, 0
;__Lib_MathDouble.c,912 :: 		
0x0802	0xF004EF71  	GOTO        ALIGNED32
;__Lib_MathDouble.c,914 :: 		
ALOOP32B:
;__Lib_MathDouble.c,915 :: 		
0x0806	0x90D8      	BCF         STATUS, 0, 0
;__Lib_MathDouble.c,916 :: 		
0x0808	0x3204      	RRCF        R4, 1, 0
;__Lib_MathDouble.c,917 :: 		
0x080A	0x3209      	RRCF        R9, 1, 0
;__Lib_MathDouble.c,918 :: 		
0x080C	0x4E07      	DCFSNZ      R7, 1, 0
;__Lib_MathDouble.c,919 :: 		
0x080E	0xF004EF71  	GOTO        ALIGNED32
;__Lib_MathDouble.c,920 :: 		
0x0812	0x90D8      	BCF         STATUS, 0, 0
;__Lib_MathDouble.c,921 :: 		
0x0814	0x3204      	RRCF        R4, 1, 0
;__Lib_MathDouble.c,922 :: 		
0x0816	0x3209      	RRCF        R9, 1, 0
;__Lib_MathDouble.c,923 :: 		
0x0818	0x4E07      	DCFSNZ      R7, 1, 0
;__Lib_MathDouble.c,924 :: 		
0x081A	0xF004EF71  	GOTO        ALIGNED32
;__Lib_MathDouble.c,925 :: 		
0x081E	0x90D8      	BCF         STATUS, 0, 0
;__Lib_MathDouble.c,926 :: 		
0x0820	0x3204      	RRCF        R4, 1, 0
;__Lib_MathDouble.c,927 :: 		
0x0822	0x3209      	RRCF        R9, 1, 0
;__Lib_MathDouble.c,928 :: 		
0x0824	0xF004EF71  	GOTO        ALIGNED32
;__Lib_MathDouble.c,930 :: 		
ANIB32A:
;__Lib_MathDouble.c,931 :: 		
0x0828	0x0E03      	MOVLW       3
;__Lib_MathDouble.c,932 :: 		
0x082A	0x6407      	CPFSGT      R7, 0
;__Lib_MathDouble.c,933 :: 		
0x082C	0xF004EF2B  	GOTO        ALOOP32A
;__Lib_MathDouble.c,934 :: 		
0x0830	0x5E07      	SUBWF       R7, 1, 0
;__Lib_MathDouble.c,935 :: 		
0x0832	0x3809      	SWAPF       R9, 0, 0
;__Lib_MathDouble.c,936 :: 		
0x0834	0x0B0F      	ANDLW       15
;__Lib_MathDouble.c,937 :: 		
0x0836	0x6E09      	MOVWF       R9, 0
;__Lib_MathDouble.c,938 :: 		
0x0838	0x3804      	SWAPF       R4, 0, 0
;__Lib_MathDouble.c,939 :: 		
0x083A	0x0BF0      	ANDLW       240
;__Lib_MathDouble.c,940 :: 		
0x083C	0x2609      	ADDWF       R9, 1, 0
;__Lib_MathDouble.c,941 :: 		
0x083E	0x3804      	SWAPF       R4, 0, 0
;__Lib_MathDouble.c,942 :: 		
0x0840	0x0B0F      	ANDLW       15
;__Lib_MathDouble.c,943 :: 		
0x0842	0x6E04      	MOVWF       R4, 0
;__Lib_MathDouble.c,944 :: 		
0x0844	0x3805      	SWAPF       R5, 0, 0
;__Lib_MathDouble.c,945 :: 		
0x0846	0x0BF0      	ANDLW       240
;__Lib_MathDouble.c,946 :: 		
0x0848	0x2604      	ADDWF       R4, 1, 0
;__Lib_MathDouble.c,947 :: 		
0x084A	0x3805      	SWAPF       R5, 0, 0
;__Lib_MathDouble.c,948 :: 		
0x084C	0x0B0F      	ANDLW       15
;__Lib_MathDouble.c,949 :: 		
0x084E	0x6E05      	MOVWF       R5, 0
;__Lib_MathDouble.c,950 :: 		
0x0850	0x4E07      	DCFSNZ      R7, 1, 0
;__Lib_MathDouble.c,951 :: 		
0x0852	0xF004EF71  	GOTO        ALIGNED32
;__Lib_MathDouble.c,953 :: 		
ALOOP32A:
;__Lib_MathDouble.c,954 :: 		
0x0856	0x90D8      	BCF         STATUS, 0, 0
;__Lib_MathDouble.c,955 :: 		
0x0858	0x3205      	RRCF        R5, 1, 0
;__Lib_MathDouble.c,956 :: 		
0x085A	0x3204      	RRCF        R4, 1, 0
;__Lib_MathDouble.c,957 :: 		
0x085C	0x3209      	RRCF        R9, 1, 0
;__Lib_MathDouble.c,958 :: 		
0x085E	0x4E07      	DCFSNZ      R7, 1, 0
;__Lib_MathDouble.c,959 :: 		
0x0860	0xF004EF71  	GOTO        ALIGNED32
;__Lib_MathDouble.c,960 :: 		
0x0864	0x90D8      	BCF         STATUS, 0, 0
;__Lib_MathDouble.c,961 :: 		
0x0866	0x3205      	RRCF        R5, 1, 0
;__Lib_MathDouble.c,962 :: 		
0x0868	0x3204      	RRCF        R4, 1, 0
;__Lib_MathDouble.c,963 :: 		
0x086A	0x3209      	RRCF        R9, 1, 0
;__Lib_MathDouble.c,964 :: 		
0x086C	0x4E07      	DCFSNZ      R7, 1, 0
;__Lib_MathDouble.c,965 :: 		
0x086E	0xF004EF71  	GOTO        ALIGNED32
;__Lib_MathDouble.c,966 :: 		
0x0872	0x90D8      	BCF         STATUS, 0, 0
;__Lib_MathDouble.c,967 :: 		
0x0874	0x3205      	RRCF        R5, 1, 0
;__Lib_MathDouble.c,968 :: 		
0x0876	0x3204      	RRCF        R4, 1, 0
;__Lib_MathDouble.c,969 :: 		
0x0878	0x3209      	RRCF        R9, 1, 0
;__Lib_MathDouble.c,970 :: 		
0x087A	0xF004EF71  	GOTO        ALIGNED32
;__Lib_MathDouble.c,972 :: 		
ANIB32:
;__Lib_MathDouble.c,973 :: 		
0x087E	0x0E03      	MOVLW       3
;__Lib_MathDouble.c,974 :: 		
0x0880	0x6407      	CPFSGT      R7, 0
;__Lib_MathDouble.c,975 :: 		
0x0882	0xF004EF5C  	GOTO        ALOOP32
;__Lib_MathDouble.c,976 :: 		
0x0886	0x5E07      	SUBWF       R7, 1, 0
;__Lib_MathDouble.c,977 :: 		
0x0888	0x3809      	SWAPF       R9, 0, 0
;__Lib_MathDouble.c,978 :: 		
0x088A	0x0B0F      	ANDLW       15
;__Lib_MathDouble.c,979 :: 		
0x088C	0x6E09      	MOVWF       R9, 0
;__Lib_MathDouble.c,980 :: 		
0x088E	0x3804      	SWAPF       R4, 0, 0
;__Lib_MathDouble.c,981 :: 		
0x0890	0x0BF0      	ANDLW       240
;__Lib_MathDouble.c,982 :: 		
0x0892	0x2609      	ADDWF       R9, 1, 0
;__Lib_MathDouble.c,983 :: 		
0x0894	0x3804      	SWAPF       R4, 0, 0
;__Lib_MathDouble.c,984 :: 		
0x0896	0x0B0F      	ANDLW       15
;__Lib_MathDouble.c,985 :: 		
0x0898	0x6E04      	MOVWF       R4, 0
;__Lib_MathDouble.c,986 :: 		
0x089A	0x3805      	SWAPF       R5, 0, 0
;__Lib_MathDouble.c,987 :: 		
0x089C	0x0BF0      	ANDLW       240
;__Lib_MathDouble.c,988 :: 		
0x089E	0x2604      	ADDWF       R4, 1, 0
;__Lib_MathDouble.c,989 :: 		
0x08A0	0x3805      	SWAPF       R5, 0, 0
;__Lib_MathDouble.c,990 :: 		
0x08A2	0x0B0F      	ANDLW       15
;__Lib_MathDouble.c,991 :: 		
0x08A4	0x6E05      	MOVWF       R5, 0
;__Lib_MathDouble.c,992 :: 		
0x08A6	0x3806      	SWAPF       R6, 0, 0
;__Lib_MathDouble.c,993 :: 		
0x08A8	0x0BF0      	ANDLW       240
;__Lib_MathDouble.c,994 :: 		
0x08AA	0x2605      	ADDWF       R5, 1, 0
;__Lib_MathDouble.c,995 :: 		
0x08AC	0x3806      	SWAPF       R6, 0, 0
;__Lib_MathDouble.c,996 :: 		
0x08AE	0x0B0F      	ANDLW       15
;__Lib_MathDouble.c,997 :: 		
0x08B0	0x6E06      	MOVWF       R6, 0
;__Lib_MathDouble.c,998 :: 		
0x08B2	0x4E07      	DCFSNZ      R7, 1, 0
;__Lib_MathDouble.c,999 :: 		
0x08B4	0xF004EF71  	GOTO        ALIGNED32
;__Lib_MathDouble.c,1001 :: 		
ALOOP32:
;__Lib_MathDouble.c,1002 :: 		
0x08B8	0x90D8      	BCF         STATUS, 0, 0
;__Lib_MathDouble.c,1003 :: 		
0x08BA	0x3206      	RRCF        R6, 1, 0
;__Lib_MathDouble.c,1004 :: 		
0x08BC	0x3205      	RRCF        R5, 1, 0
;__Lib_MathDouble.c,1005 :: 		
0x08BE	0x3204      	RRCF        R4, 1, 0
;__Lib_MathDouble.c,1006 :: 		
0x08C0	0x3209      	RRCF        R9, 1, 0
;__Lib_MathDouble.c,1007 :: 		
0x08C2	0x4E07      	DCFSNZ      R7, 1, 0
;__Lib_MathDouble.c,1008 :: 		
0x08C4	0xF004EF71  	GOTO        ALIGNED32
;__Lib_MathDouble.c,1009 :: 		
0x08C8	0x90D8      	BCF         STATUS, 0, 0
;__Lib_MathDouble.c,1010 :: 		
0x08CA	0x3206      	RRCF        R6, 1, 0
;__Lib_MathDouble.c,1011 :: 		
0x08CC	0x3205      	RRCF        R5, 1, 0
;__Lib_MathDouble.c,1012 :: 		
0x08CE	0x3204      	RRCF        R4, 1, 0
;__Lib_MathDouble.c,1013 :: 		
0x08D0	0x3209      	RRCF        R9, 1, 0
;__Lib_MathDouble.c,1014 :: 		
0x08D2	0x4E07      	DCFSNZ      R7, 1, 0
;__Lib_MathDouble.c,1015 :: 		
0x08D4	0xF004EF71  	GOTO        ALIGNED32
;__Lib_MathDouble.c,1016 :: 		
0x08D8	0x90D8      	BCF         STATUS, 0, 0
;__Lib_MathDouble.c,1017 :: 		
0x08DA	0x3206      	RRCF        R6, 1, 0
;__Lib_MathDouble.c,1018 :: 		
0x08DC	0x3205      	RRCF        R5, 1, 0
;__Lib_MathDouble.c,1019 :: 		
0x08DE	0x3204      	RRCF        R4, 1, 0
;__Lib_MathDouble.c,1020 :: 		
0x08E0	0x3209      	RRCF        R9, 1, 0
;__Lib_MathDouble.c,1022 :: 		
ALIGNED32:
;__Lib_MathDouble.c,1023 :: 		
0x08E2	0x6A08      	CLRF        R8, 0
;__Lib_MathDouble.c,1024 :: 		
0x08E4	0x0E00      	MOVLW       0
;__Lib_MathDouble.c,1025 :: 		
0x08E6	0xAE0E      	BTFSS       R14, 7, 0
;__Lib_MathDouble.c,1026 :: 		
0x08E8	0xF004EF7E  	GOTO        AOK32
;__Lib_MathDouble.c,1027 :: 		
0x08EC	0x1E09      	COMF        R9, 1, 0
;__Lib_MathDouble.c,1028 :: 		
0x08EE	0x1E04      	COMF        R4, 1, 0
;__Lib_MathDouble.c,1029 :: 		
0x08F0	0x1E05      	COMF        R5, 1, 0
;__Lib_MathDouble.c,1030 :: 		
0x08F2	0x1E06      	COMF        R6, 1, 0
;__Lib_MathDouble.c,1031 :: 		
0x08F4	0x2A09      	INCF        R9, 1, 0
;__Lib_MathDouble.c,1032 :: 		
0x08F6	0x2204      	ADDWFC      R4, 1, 0
;__Lib_MathDouble.c,1033 :: 		
0x08F8	0x2205      	ADDWFC      R5, 1, 0
;__Lib_MathDouble.c,1034 :: 		
0x08FA	0x2206      	ADDWFC      R6, 1, 0
;__Lib_MathDouble.c,1036 :: 		
AOK32:
;__Lib_MathDouble.c,1037 :: 		
0x08FC	0x5009      	MOVF        R9, 0, 0
;__Lib_MathDouble.c,1038 :: 		
0x08FE	0x2608      	ADDWF       R8, 1, 0
;__Lib_MathDouble.c,1039 :: 		
0x0900	0x5004      	MOVF        R4, 0, 0
;__Lib_MathDouble.c,1040 :: 		
0x0902	0x2200      	ADDWFC      R0, 1, 0
;__Lib_MathDouble.c,1041 :: 		
0x0904	0x5005      	MOVF        R5, 0, 0
;__Lib_MathDouble.c,1042 :: 		
0x0906	0x2201      	ADDWFC      R1, 1, 0
;__Lib_MathDouble.c,1043 :: 		
0x0908	0x5006      	MOVF        R6, 0, 0
;__Lib_MathDouble.c,1044 :: 		
0x090A	0x2202      	ADDWFC      R2, 1, 0
;__Lib_MathDouble.c,1046 :: 		
0x090C	0xBE0E      	BTFSC       R14, 7, 0
;__Lib_MathDouble.c,1047 :: 		
0x090E	0xF004EF95  	GOTO        ACOMP32
;__Lib_MathDouble.c,1048 :: 		
0x0912	0xA0D8      	BTFSS       STATUS, 0, 0
;__Lib_MathDouble.c,1049 :: 		
0x0914	0xF004EFA4  	GOTO        ADDJPNRMRND4032
;__Lib_MathDouble.c,1051 :: 		
0x0918	0x3202      	RRCF        R2, 1, 0
;__Lib_MathDouble.c,1052 :: 		
0x091A	0x3201      	RRCF        R1, 1, 0
;__Lib_MathDouble.c,1053 :: 		
0x091C	0x3200      	RRCF        R0, 1, 0
;__Lib_MathDouble.c,1054 :: 		
0x091E	0x3208      	RRCF        R8, 1, 0
;__Lib_MathDouble.c,1055 :: 		
0x0920	0x3E03      	INCFSZ      R3, 1, 0
;__Lib_MathDouble.c,1056 :: 		
0x0922	0xF004EFA4  	GOTO        ADDJPNRMRND4032
;__Lib_MathDouble.c,1057 :: 		
0x0926	0xF004EFAE  	GOTO        ADDJPSETFOV32
;__Lib_MathDouble.c,1059 :: 		
ACOMP32:
;__Lib_MathDouble.c,1060 :: 		
0x092A	0xB0D8      	BTFSC       STATUS, 0, 0
;__Lib_MathDouble.c,1061 :: 		
0x092C	0xF004EFA9  	GOTO        ADDJPNRM4032
;__Lib_MathDouble.c,1062 :: 		
0x0930	0x0E00      	MOVLW       0
;__Lib_MathDouble.c,1063 :: 		
0x0932	0x1E08      	COMF        R8, 1, 0
;__Lib_MathDouble.c,1064 :: 		
0x0934	0x1E00      	COMF        R0, 1, 0
;__Lib_MathDouble.c,1065 :: 		
0x0936	0x1E01      	COMF        R1, 1, 0
;__Lib_MathDouble.c,1066 :: 		
0x0938	0x1E02      	COMF        R2, 1, 0
;__Lib_MathDouble.c,1067 :: 		
0x093A	0x2A08      	INCF        R8, 1, 0
;__Lib_MathDouble.c,1068 :: 		
0x093C	0x2200      	ADDWFC      R0, 1, 0
;__Lib_MathDouble.c,1069 :: 		
0x093E	0x2201      	ADDWFC      R1, 1, 0
;__Lib_MathDouble.c,1070 :: 		
0x0940	0x2202      	ADDWFC      R2, 1, 0
;__Lib_MathDouble.c,1071 :: 		
0x0942	0x7E0A      	BTG         R10, 7, 0
;__Lib_MathDouble.c,1072 :: 		
0x0944	0xF004EFA9  	GOTO        ADDJPNRM4032
;__Lib_MathDouble.c,1074 :: 		
ADDJPNRMRND4032:
;__Lib_MathDouble.c,1075 :: 		
0x0948	0x0E01      	MOVLW       1
;__Lib_MathDouble.c,1076 :: 		
0x094A	0x6E0C      	MOVWF       R12, 0
;__Lib_MathDouble.c,1078 :: 		
0x094C	0xDC70      	RCALL       _NRM4032
;__Lib_MathDouble.c,1080 :: 		
0x094E	0xF004EFB5  	GOTO        ADDEEE
;__Lib_MathDouble.c,1081 :: 		
ADDJPNRM4032:
;__Lib_MathDouble.c,1082 :: 		
0x0952	0x0E02      	MOVLW       2
;__Lib_MathDouble.c,1083 :: 		
0x0954	0x6E0C      	MOVWF       R12, 0
;__Lib_MathDouble.c,1085 :: 		
0x0956	0xDC6B      	RCALL       _NRM4032
;__Lib_MathDouble.c,1087 :: 		
0x0958	0xF004EFB5  	GOTO        ADDEEE
;__Lib_MathDouble.c,1088 :: 		
ADDJPSETFOV32:
;__Lib_MathDouble.c,1089 :: 		
0x095C	0x0E04      	MOVLW       4
;__Lib_MathDouble.c,1090 :: 		
0x095E	0x6E0C      	MOVWF       R12, 0
;__Lib_MathDouble.c,1092 :: 		
0x0960	0xDC5A      	RCALL       _SETFOV32
;__Lib_MathDouble.c,1094 :: 		
0x0962	0xF004EFB5  	GOTO        ADDEEE
;__Lib_MathDouble.c,1095 :: 		
ADDEOK:
;__Lib_MathDouble.c,1096 :: 		
0x0966	0x0E00      	MOVLW       0
;__Lib_MathDouble.c,1097 :: 		
0x0968	0x6E0C      	MOVWF       R12, 0
;__Lib_MathDouble.c,1098 :: 		
ADDEEE:
;__Lib_MathDouble.c,1105 :: 		
L_end_Add_32x32_FP:
0x096A	0x0012      	RETURN      0
; end of _Add_32x32_FP
_pwm1:
;PWM2.c,25 :: 		void pwm1(int t1up,int t1down){
;PWM2.c,26 :: 		if (cnt1 <= t1up && pwm1i==1) {
0x096C	0xF000C03E  	MOVFF       FARG_pwm1_t1up, R0
0x0970	0xF001C03F  	MOVFF       FARG_pwm1_t1up+1, R1
0x0974	0xDDB4      	RCALL       _int2double
0x0976	0xF004C02E  	MOVFF       _cnt1, R4
0x097A	0xF005C02F  	MOVFF       _cnt1+1, R5
0x097E	0xF006C030  	MOVFF       _cnt1+2, R6
0x0982	0xF007C031  	MOVFF       _cnt1+3, R7
0x0986	0xDD44      	RCALL       _Compare_Double
0x0988	0x0E00      	MOVLW       0
0x098A	0xB0D8      	BTFSC       STATUS, 0 
0x098C	0x0E01      	MOVLW       1
0x098E	0x6E00      	MOVWF       R0 
0x0990	0x5200      	MOVF        R0, 1 
0x0992	0xE01D      	BZ          L_pwm13
0x0994	0x0E00      	MOVLW       0
0x0996	0x6E04      	MOVWF       R4 
0x0998	0x0E00      	MOVLW       0
0x099A	0x6E05      	MOVWF       R5 
0x099C	0x0E00      	MOVLW       0
0x099E	0x6E06      	MOVWF       R6 
0x09A0	0x0E7F      	MOVLW       127
0x09A2	0x6E07      	MOVWF       R7 
0x09A4	0xF000C03A  	MOVFF       _pwm1i, R0
0x09A8	0xF001C03B  	MOVFF       _pwm1i+1, R1
0x09AC	0xF002C03C  	MOVFF       _pwm1i+2, R2
0x09B0	0xF003C03D  	MOVFF       _pwm1i+3, R3
0x09B4	0xDDB4      	RCALL       _Equals_Double
0x09B6	0x0E01      	MOVLW       1
0x09B8	0xA4D8      	BTFSS       STATUS, 2 
0x09BA	0x0E00      	MOVLW       0
0x09BC	0x6E00      	MOVWF       R0 
0x09BE	0x5200      	MOVF        R0, 1 
0x09C0	0xE006      	BZ          L_pwm13
L__pwm121:
;PWM2.c,27 :: 		LATB5_bit = 1;
0x09C2	0x8A8A      	BSF         LATB5_bit, BitPos(LATB5_bit+0) 
;PWM2.c,29 :: 		cnt2 = 0;
0x09C4	0x6A36      	CLRF        _cnt2 
0x09C6	0x6A37      	CLRF        _cnt2+1 
0x09C8	0x6A38      	CLRF        _cnt2+2 
0x09CA	0x6A39      	CLRF        _cnt2+3 
;PWM2.c,30 :: 		}
0x09CC	0xD004      	BRA         L_pwm14
L_pwm13:
;PWM2.c,31 :: 		else {pwm1i=0;}
0x09CE	0x6A3A      	CLRF        _pwm1i 
0x09D0	0x6A3B      	CLRF        _pwm1i+1 
0x09D2	0x6A3C      	CLRF        _pwm1i+2 
0x09D4	0x6A3D      	CLRF        _pwm1i+3 
L_pwm14:
;PWM2.c,33 :: 		if (cnt2 <= t1down && pwm1i==0) {
0x09D6	0xF000C040  	MOVFF       FARG_pwm1_t1down, R0
0x09DA	0xF001C041  	MOVFF       FARG_pwm1_t1down+1, R1
0x09DE	0xDD7F      	RCALL       _int2double
0x09E0	0xF004C036  	MOVFF       _cnt2, R4
0x09E4	0xF005C037  	MOVFF       _cnt2+1, R5
0x09E8	0xF006C038  	MOVFF       _cnt2+2, R6
0x09EC	0xF007C039  	MOVFF       _cnt2+3, R7
0x09F0	0xDD0F      	RCALL       _Compare_Double
0x09F2	0x0E00      	MOVLW       0
0x09F4	0xB0D8      	BTFSC       STATUS, 0 
0x09F6	0x0E01      	MOVLW       1
0x09F8	0x6E00      	MOVWF       R0 
0x09FA	0x5200      	MOVF        R0, 1 
0x09FC	0xE019      	BZ          L_pwm17
0x09FE	0x6A04      	CLRF        R4 
0x0A00	0x6A05      	CLRF        R5 
0x0A02	0x6A06      	CLRF        R6 
0x0A04	0x6A07      	CLRF        R7 
0x0A06	0xF000C03A  	MOVFF       _pwm1i, R0
0x0A0A	0xF001C03B  	MOVFF       _pwm1i+1, R1
0x0A0E	0xF002C03C  	MOVFF       _pwm1i+2, R2
0x0A12	0xF003C03D  	MOVFF       _pwm1i+3, R3
0x0A16	0xDD83      	RCALL       _Equals_Double
0x0A18	0x0E01      	MOVLW       1
0x0A1A	0xA4D8      	BTFSS       STATUS, 2 
0x0A1C	0x0E00      	MOVLW       0
0x0A1E	0x6E00      	MOVWF       R0 
0x0A20	0x5200      	MOVF        R0, 1 
0x0A22	0xE006      	BZ          L_pwm17
L__pwm120:
;PWM2.c,34 :: 		LATB5_bit = 0;
0x0A24	0x9A8A      	BCF         LATB5_bit, BitPos(LATB5_bit+0) 
;PWM2.c,35 :: 		cnt1 =0;
0x0A26	0x6A2E      	CLRF        _cnt1 
0x0A28	0x6A2F      	CLRF        _cnt1+1 
0x0A2A	0x6A30      	CLRF        _cnt1+2 
0x0A2C	0x6A31      	CLRF        _cnt1+3 
;PWM2.c,37 :: 		}
0x0A2E	0xD008      	BRA         L_pwm18
L_pwm17:
;PWM2.c,38 :: 		else {pwm1i=1;}
0x0A30	0x0E00      	MOVLW       0
0x0A32	0x6E3A      	MOVWF       _pwm1i 
0x0A34	0x0E00      	MOVLW       0
0x0A36	0x6E3B      	MOVWF       _pwm1i+1 
0x0A38	0x0E00      	MOVLW       0
0x0A3A	0x6E3C      	MOVWF       _pwm1i+2 
0x0A3C	0x0E7F      	MOVLW       127
0x0A3E	0x6E3D      	MOVWF       _pwm1i+3 
L_pwm18:
;PWM2.c,39 :: 		}
L_end_pwm1:
0x0A40	0x0012      	RETURN      0
; end of _pwm1
___CC2DW:
;__Lib_System.c,21 :: 		
;__Lib_System.c,23 :: 		
_CC2DL_Loop1:
;__Lib_System.c,24 :: 		
0x0A42	0x0009      	TBLRD*+
;__Lib_System.c,25 :: 		
0x0A44	0xFFE6CFF5  	MOVFF       TABLAT, POSTINC1
;__Lib_System.c,26 :: 		
0x0A48	0x0600      	DECF        R0, 1, 0
;__Lib_System.c,27 :: 		
0x0A4A	0xE1FB      	BNZ         _CC2DL_Loop1
;__Lib_System.c,28 :: 		
0x0A4C	0x0601      	DECF        R1, 1, 0
;__Lib_System.c,29 :: 		
0x0A4E	0xE1F9      	BNZ         _CC2DL_Loop1
;__Lib_System.c,31 :: 		
L_end___CC2DW:
0x0A50	0x0012      	RETURN      0
; end of ___CC2DW
_pwm2:
;PWM2.c,41 :: 		void pwm2(int t2up,int t2down){
;PWM2.c,42 :: 		if (cnt3 <= t2up && pwm2i==1 ) {
0x0A52	0xF000C03E  	MOVFF       FARG_pwm2_t2up, R0
0x0A56	0xF001C03F  	MOVFF       FARG_pwm2_t2up+1, R1
0x0A5A	0xDD41      	RCALL       _int2double
0x0A5C	0xF004C02A  	MOVFF       _cnt3, R4
0x0A60	0xF005C02B  	MOVFF       _cnt3+1, R5
0x0A64	0xF006C02C  	MOVFF       _cnt3+2, R6
0x0A68	0xF007C02D  	MOVFF       _cnt3+3, R7
0x0A6C	0xDCD1      	RCALL       _Compare_Double
0x0A6E	0x0E00      	MOVLW       0
0x0A70	0xB0D8      	BTFSC       STATUS, 0 
0x0A72	0x0E01      	MOVLW       1
0x0A74	0x6E00      	MOVWF       R0 
0x0A76	0x5200      	MOVF        R0, 1 
0x0A78	0xE01D      	BZ          L_pwm211
0x0A7A	0x0E00      	MOVLW       0
0x0A7C	0x6E04      	MOVWF       R4 
0x0A7E	0x0E00      	MOVLW       0
0x0A80	0x6E05      	MOVWF       R5 
0x0A82	0x0E00      	MOVLW       0
0x0A84	0x6E06      	MOVWF       R6 
0x0A86	0x0E7F      	MOVLW       127
0x0A88	0x6E07      	MOVWF       R7 
0x0A8A	0xF000C026  	MOVFF       _pwm2i, R0
0x0A8E	0xF001C027  	MOVFF       _pwm2i+1, R1
0x0A92	0xF002C028  	MOVFF       _pwm2i+2, R2
0x0A96	0xF003C029  	MOVFF       _pwm2i+3, R3
0x0A9A	0xDD41      	RCALL       _Equals_Double
0x0A9C	0x0E01      	MOVLW       1
0x0A9E	0xA4D8      	BTFSS       STATUS, 2 
0x0AA0	0x0E00      	MOVLW       0
0x0AA2	0x6E00      	MOVWF       R0 
0x0AA4	0x5200      	MOVF        R0, 1 
0x0AA6	0xE006      	BZ          L_pwm211
L__pwm223:
;PWM2.c,43 :: 		LATB6_bit = 1;
0x0AA8	0x8C8A      	BSF         LATB6_bit, BitPos(LATB6_bit+0) 
;PWM2.c,45 :: 		cnt4 = 0;
0x0AAA	0x6A22      	CLRF        _cnt4 
0x0AAC	0x6A23      	CLRF        _cnt4+1 
0x0AAE	0x6A24      	CLRF        _cnt4+2 
0x0AB0	0x6A25      	CLRF        _cnt4+3 
;PWM2.c,46 :: 		}
0x0AB2	0xD004      	BRA         L_pwm212
L_pwm211:
;PWM2.c,47 :: 		else {pwm2i=0;}
0x0AB4	0x6A26      	CLRF        _pwm2i 
0x0AB6	0x6A27      	CLRF        _pwm2i+1 
0x0AB8	0x6A28      	CLRF        _pwm2i+2 
0x0ABA	0x6A29      	CLRF        _pwm2i+3 
L_pwm212:
;PWM2.c,49 :: 		if (cnt4 <= t2down && pwm2i==0) {
0x0ABC	0xF000C040  	MOVFF       FARG_pwm2_t2down, R0
0x0AC0	0xF001C041  	MOVFF       FARG_pwm2_t2down+1, R1
0x0AC4	0xDD0C      	RCALL       _int2double
0x0AC6	0xF004C022  	MOVFF       _cnt4, R4
0x0ACA	0xF005C023  	MOVFF       _cnt4+1, R5
0x0ACE	0xF006C024  	MOVFF       _cnt4+2, R6
0x0AD2	0xF007C025  	MOVFF       _cnt4+3, R7
0x0AD6	0xDC9C      	RCALL       _Compare_Double
0x0AD8	0x0E00      	MOVLW       0
0x0ADA	0xB0D8      	BTFSC       STATUS, 0 
0x0ADC	0x0E01      	MOVLW       1
0x0ADE	0x6E00      	MOVWF       R0 
0x0AE0	0x5200      	MOVF        R0, 1 
0x0AE2	0xE019      	BZ          L_pwm215
0x0AE4	0x6A04      	CLRF        R4 
0x0AE6	0x6A05      	CLRF        R5 
0x0AE8	0x6A06      	CLRF        R6 
0x0AEA	0x6A07      	CLRF        R7 
0x0AEC	0xF000C026  	MOVFF       _pwm2i, R0
0x0AF0	0xF001C027  	MOVFF       _pwm2i+1, R1
0x0AF4	0xF002C028  	MOVFF       _pwm2i+2, R2
0x0AF8	0xF003C029  	MOVFF       _pwm2i+3, R3
0x0AFC	0xDD10      	RCALL       _Equals_Double
0x0AFE	0x0E01      	MOVLW       1
0x0B00	0xA4D8      	BTFSS       STATUS, 2 
0x0B02	0x0E00      	MOVLW       0
0x0B04	0x6E00      	MOVWF       R0 
0x0B06	0x5200      	MOVF        R0, 1 
0x0B08	0xE006      	BZ          L_pwm215
L__pwm222:
;PWM2.c,50 :: 		LATB6_bit = 0;
0x0B0A	0x9C8A      	BCF         LATB6_bit, BitPos(LATB6_bit+0) 
;PWM2.c,51 :: 		cnt3 =0;
0x0B0C	0x6A2A      	CLRF        _cnt3 
0x0B0E	0x6A2B      	CLRF        _cnt3+1 
0x0B10	0x6A2C      	CLRF        _cnt3+2 
0x0B12	0x6A2D      	CLRF        _cnt3+3 
;PWM2.c,53 :: 		}
0x0B14	0xD008      	BRA         L_pwm216
L_pwm215:
;PWM2.c,54 :: 		else {pwm2i=1;}
0x0B16	0x0E00      	MOVLW       0
0x0B18	0x6E26      	MOVWF       _pwm2i 
0x0B1A	0x0E00      	MOVLW       0
0x0B1C	0x6E27      	MOVWF       _pwm2i+1 
0x0B1E	0x0E00      	MOVLW       0
0x0B20	0x6E28      	MOVWF       _pwm2i+2 
0x0B22	0x0E7F      	MOVLW       127
0x0B24	0x6E29      	MOVWF       _pwm2i+3 
L_pwm216:
;PWM2.c,55 :: 		}
L_end_pwm2:
0x0B26	0x0012      	RETURN      0
; end of _pwm2
_main:
;PWM2.c,56 :: 		void main() {
;PWM2.c,62 :: 		pwm1i=1;            //nesto za PWM
0x0B28	0x0E00      	MOVLW       0
0x0B2A	0x6E3A      	MOVWF       _pwm1i 
0x0B2C	0x0E00      	MOVLW       0
0x0B2E	0x6E3B      	MOVWF       _pwm1i+1 
0x0B30	0x0E00      	MOVLW       0
0x0B32	0x6E3C      	MOVWF       _pwm1i+2 
0x0B34	0x0E7F      	MOVLW       127
0x0B36	0x6E3D      	MOVWF       _pwm1i+3 
;PWM2.c,63 :: 		pwm2i=1;
0x0B38	0x0E00      	MOVLW       0
0x0B3A	0x6E26      	MOVWF       _pwm2i 
0x0B3C	0x0E00      	MOVLW       0
0x0B3E	0x6E27      	MOVWF       _pwm2i+1 
0x0B40	0x0E00      	MOVLW       0
0x0B42	0x6E28      	MOVWF       _pwm2i+2 
0x0B44	0x0E7F      	MOVLW       127
0x0B46	0x6E29      	MOVWF       _pwm2i+3 
;PWM2.c,65 :: 		cnt1 = 0;
0x0B48	0x6A2E      	CLRF        _cnt1 
0x0B4A	0x6A2F      	CLRF        _cnt1+1 
0x0B4C	0x6A30      	CLRF        _cnt1+2 
0x0B4E	0x6A31      	CLRF        _cnt1+3 
;PWM2.c,66 :: 		cnt2 =   0;
0x0B50	0x6A36      	CLRF        _cnt2 
0x0B52	0x6A37      	CLRF        _cnt2+1 
0x0B54	0x6A38      	CLRF        _cnt2+2 
0x0B56	0x6A39      	CLRF        _cnt2+3 
;PWM2.c,67 :: 		cnt3 = 0;
0x0B58	0x6A2A      	CLRF        _cnt3 
0x0B5A	0x6A2B      	CLRF        _cnt3+1 
0x0B5C	0x6A2C      	CLRF        _cnt3+2 
0x0B5E	0x6A2D      	CLRF        _cnt3+3 
;PWM2.c,68 :: 		cnt4 = 0;
0x0B60	0x6A22      	CLRF        _cnt4 
0x0B62	0x6A23      	CLRF        _cnt4+1 
0x0B64	0x6A24      	CLRF        _cnt4+2 
0x0B66	0x6A25      	CLRF        _cnt4+3 
;PWM2.c,69 :: 		cnt5 = 0;
0x0B68	0x6A32      	CLRF        _cnt5 
0x0B6A	0x6A33      	CLRF        _cnt5+1 
0x0B6C	0x6A34      	CLRF        _cnt5+2 
0x0B6E	0x6A35      	CLRF        _cnt5+3 
;PWM2.c,72 :: 		ANSELB = 0;              // Configure AN pins as digital
0x0B70	0x010F      	MOVLB       15
0x0B72	0x6B39      	CLRF        ANSELB, 1
;PWM2.c,73 :: 		TRISB  = 0;              // PORTB is output
0x0B74	0x6A93      	CLRF        TRISB 
;PWM2.c,74 :: 		LATB = 0x00;
0x0B76	0x6A8A      	CLRF        LATB 
;PWM2.c,76 :: 		ANSELC = 0;              // Configure AN pins as digital
0x0B78	0x6B3A      	CLRF        ANSELC, 1
;PWM2.c,77 :: 		TRISC  = 0;              // PORTB is output
0x0B7A	0x6A94      	CLRF        TRISC 
;PWM2.c,78 :: 		LATC = 0x00;           // Initialize PORTB
0x0B7C	0x6A8B      	CLRF        LATC 
;PWM2.c,80 :: 		ANSELD = 0;              // Configure AN pins as digital
0x0B7E	0x6B3B      	CLRF        ANSELD, 1
;PWM2.c,81 :: 		TRISD  = 0;              // PORTB is output
0x0B80	0x6A95      	CLRF        TRISD 
;PWM2.c,82 :: 		LATD = 0x00;
0x0B82	0x6A8C      	CLRF        LATD 
;PWM2.c,84 :: 		ANSELE = 0;              // Configure AN pins as digital
0x0B84	0x6B3C      	CLRF        ANSELE, 1
;PWM2.c,85 :: 		TRISE  = 0;              // PORTB is output
0x0B86	0x6A96      	CLRF        TRISE 
;PWM2.c,86 :: 		LATE = 0xFF;
0x0B88	0x0EFF      	MOVLW       255
0x0B8A	0x6E8D      	MOVWF       LATE 
;PWM2.c,88 :: 		INTCON = 0xC0;                   //setovanje tajmera
0x0B8C	0x0EC0      	MOVLW       192
0x0B8E	0x6EF2      	MOVWF       INTCON 
;PWM2.c,89 :: 		T0CON         = 0xC2;
0x0B90	0x0EC2      	MOVLW       194
0x0B92	0x6ED5      	MOVWF       T0CON 
;PWM2.c,90 :: 		TMR0L         = 0;           // Set TMR0 to 8bit mode and prescaler to 256
0x0B94	0x6AD6      	CLRF        TMR0L 
;PWM2.c,91 :: 		GIE_bit = 1;             // Enable global interrupt
0x0B96	0x8EF2      	BSF         GIE_bit, BitPos(GIE_bit+0) 
;PWM2.c,92 :: 		TMR0IE_bit = 1;          // Enable Timer0 interrupt
0x0B98	0x8AF2      	BSF         TMR0IE_bit, BitPos(TMR0IE_bit+0) 
;PWM2.c,95 :: 		while(1) {
L_main17:
;PWM2.c,97 :: 		pwm1(1,6);        //desni
0x0B9A	0x0E01      	MOVLW       1
0x0B9C	0x6E3E      	MOVWF       FARG_pwm1_t1up 
0x0B9E	0x0E00      	MOVLW       0
0x0BA0	0x6E3F      	MOVWF       FARG_pwm1_t1up+1 
0x0BA2	0x0E06      	MOVLW       6
0x0BA4	0x6E40      	MOVWF       FARG_pwm1_t1down 
0x0BA6	0x0E00      	MOVLW       0
0x0BA8	0x6E41      	MOVWF       FARG_pwm1_t1down+1 
0x0BAA	0xDEE0      	RCALL       _pwm1
;PWM2.c,98 :: 		pwm2(1,6);       //levi
0x0BAC	0x0E01      	MOVLW       1
0x0BAE	0x6E3E      	MOVWF       FARG_pwm2_t2up 
0x0BB0	0x0E00      	MOVLW       0
0x0BB2	0x6E3F      	MOVWF       FARG_pwm2_t2up+1 
0x0BB4	0x0E06      	MOVLW       6
0x0BB6	0x6E40      	MOVWF       FARG_pwm2_t2down 
0x0BB8	0x0E00      	MOVLW       0
0x0BBA	0x6E41      	MOVWF       FARG_pwm2_t2down+1 
0x0BBC	0xDF4A      	RCALL       _pwm2
;PWM2.c,102 :: 		if (cnt5 >= 1000) {
0x0BBE	0x0E00      	MOVLW       0
0x0BC0	0x6E04      	MOVWF       R4 
0x0BC2	0x0E00      	MOVLW       0
0x0BC4	0x6E05      	MOVWF       R5 
0x0BC6	0x0E7A      	MOVLW       122
0x0BC8	0x6E06      	MOVWF       R6 
0x0BCA	0x0E88      	MOVLW       136
0x0BCC	0x6E07      	MOVWF       R7 
0x0BCE	0xF000C032  	MOVFF       _cnt5, R0
0x0BD2	0xF001C033  	MOVFF       _cnt5+1, R1
0x0BD6	0xF002C034  	MOVFF       _cnt5+2, R2
0x0BDA	0xF003C035  	MOVFF       _cnt5+3, R3
0x0BDE	0xDC18      	RCALL       _Compare_Double
0x0BE0	0x0E00      	MOVLW       0
0x0BE2	0xB0D8      	BTFSC       STATUS, 0 
0x0BE4	0x0E01      	MOVLW       1
0x0BE6	0x6E00      	MOVWF       R0 
0x0BE8	0x5200      	MOVF        R0, 1 
0x0BEA	0xE006      	BZ          L_main19
;PWM2.c,103 :: 		LATD = ~PORTD;         // Toggle PORTB LEDs
0x0BEC	0x1C83      	COMF        PORTD, 0 
0x0BEE	0x6E8C      	MOVWF       LATD 
;PWM2.c,104 :: 		cnt5 = 0;                // Reset cnt
0x0BF0	0x6A32      	CLRF        _cnt5 
0x0BF2	0x6A33      	CLRF        _cnt5+1 
0x0BF4	0x6A34      	CLRF        _cnt5+2 
0x0BF6	0x6A35      	CLRF        _cnt5+3 
;PWM2.c,105 :: 		}
L_main19:
;PWM2.c,106 :: 		}
0x0BF8	0xD7D0      	BRA         L_main17
;PWM2.c,107 :: 		}
L_end_main:
0x0BFA	0xD7FF      	BRA         $+0
; end of _main
Symbol List:
//** Routines locations **
//ADDRESS    SIZE    PROCEDURE
//----------------------------------------------
0x0008     [364]    _interrupt
0x0174       [8]    _FIXSIGN32
0x017C      [26]    _SETFUN32
0x0196      [14]    _RES032
0x01A4     [114]    _NRM3232
0x0216      [24]    _SETFOV32
0x022E     [482]    _NRM4032
0x0410     [206]    _Compare_Double
0x04DE      [64]    _int2double
0x051E      [46]    _Equals_Double
0x054C    [1056]    _Add_32x32_FP
0x096C     [214]    _pwm1
0x0A42      [16]    ___CC2DW
0x0A52     [214]    _pwm2
0x0B28     [212]    _main
//** Variables locations ** 
//ADDRESS    SIZE    VARIABLE
//----------------------------------------------
0x0000       [1]    R0
0x0000       [1]    __Lib_SoftI2C_PutZerosToLATSda_temp_sda_L0
0x0000       [1]    __Lib_SoftI2C_PutZerosToLATScl_temp_scl_L0
0x0000       [1]    EEPROM_Write_SaveINTCON_L0
0x0000       [1]    FLASH_Erase_64_SaveINTCON_L0
0x0000       [1]    UART2_Init_tmp_L0
0x0000       [1]    SPI2_Write_tmp_L0
0x0000       [1]    SPI1_Write_tmp_L0
0x0000       [1]    UART1_Init_tmp_L0
0x0001       [1]    __Lib_PS2_Wait_Falling_nsample_L0
0x0001       [1]    I2C1_Rd_tmp_L0
0x0001       [1]    R1
0x0001       [1]    UART1_Read___tmp_UART1_Read_L0
0x0001       [2]    FLASH_Read_N_Bytes_i_L0
0x0001       [1]    FLASH_Write_64_i_L0
0x0001       [1]    FLASH_Erase_Write_64_i_L0
0x0001       [1]    UART2_Read___tmp_UART2_Read_L0
0x0001       [1]    I2C2_Rd_tmp_L0
0x0001       [1]    __Lib_TFT_16bit_JPEG_FileRead_i_L0
0x0001       [1]    __Lib_TFT_16bit_JPEG_FileReadBytes_Result_L0
0x0001       [1]    ispunct_rslt_L0
0x0001       [1]    __Lib_TFT_JPEG_FileReadBytes_Result_L0
0x0001       [1]    __Lib_TFT_JPEG_FileRead_i_L0
0x0002       [2]    memset_pp_L0
0x0002       [1]    FLASH_Erase_Write_64_j_L0
0x0002       [1]    R2
0x0002       [1]    FLASH_Write_64_SaveINTCON_L0
0x0002       [2]    strlen_cp_L0
0x0002       [2]    memchr_s_L0
0x0002       [2]    memcpy_dd_L0
0x0003       [1]    __Lib_Sprinti_?FLOC____Lib_Sprinti_Do_FillT29
0x0003       [2]    MM_TotalFreeMemSize_Tot_L0
0x0003       [2]    __Lib_MmcFat16_f16_toInt_l_L0
0x0003       [2]    memmove_tt_L0
0x0003       [1]    R3
0x0003       [2]    Ltrim_original_L0
0x0003       [1]    FLASH_Erase_Write_64_SaveINTCON_L0
0x0003       [1]    MM_Init_i_L0
0x0004       [2]    strcpy_cp_L0
0x0004       [2]    memcpy_ss_L0
0x0004       [2]    strcat_cp_L0
0x0004       [2]    __Lib_MemManager_MM_GetMemAlign_P_L0
0x0004       [1]    R4
0x0004       [2]    frexp_pom_L0
0x0004       [2]    strncat_cp_L0
0x0004       [1]    __Lib_Sprinti_?FLOC____Lib_Sprinti_Do_FillT40
0x0004       [2]    strncpy_cp_L0
0x0005       [2]    LongIntToHex_input_half_L0
0x0005       [1]    R5
0x0005       [2]    LongWordToHex_input_half_L0
0x0005       [1]    __Lib_Sprinti_?FLOC____Lib_Sprinti_Do_FillT54
0x0005       [2]    Ltrim_p_L0
0x0005       [2]    memmove_ff_L0
0x0005       [1]    MM_TotalFreeMemSize_i_L0
0x0006       [1]    R6
0x0006       [1]    __Lib_MemManager_MM_GetMemAlign_i_L0
0x0006       [1]    __Lib_Sprinti_?FLOC____Lib_Sprinti_Do_FillT69
0x0007       [1]    __Lib_TFT_16bit_JPEG_GenerateHuffmanTables_bLength_L0
0x0007       [1]    __Lib_TFT_JPEG_GenerateHuffmanTables_bLength_L0
0x0007       [1]    R7
0x0008       [1]    __Lib_TFT_JPEG_GenerateHuffmanTables_bTable_L0
0x0008       [1]    __Lib_TFT_16bit_JPEG_GenerateHuffmanTables_bTable_L0
0x0008       [1]    R8
0x0009       [4]    __Lib_MmcFat16_f16_toLong_l_L0
0x0009       [1]    R9
0x000A       [1]    R10
0x000B       [1]    R11
0x000C       [1]    R12
0x000D       [1]    R13
0x000E       [1]    R14
0x000F       [1]    R15
0x0010       [1]    R16
0x0011       [1]    R17
0x0012       [1]    R18
0x0013       [1]    R19
0x0014       [1]    R20
0x0022       [4]    _cnt4
0x0026       [4]    _pwm2i
0x002A       [4]    _cnt3
0x002E       [4]    _cnt1
0x0032       [4]    _cnt5
0x0036       [4]    _cnt2
0x003A       [4]    _pwm1i
0x003E       [2]    FARG_pwm2_t2up
0x003E       [2]    FARG_pwm1_t1up
0x0040       [2]    FARG_pwm1_t1down
0x0040       [2]    FARG_pwm2_t2down
0x0F39       [1]    ANSELB
0x0F3A       [1]    ANSELC
0x0F3B       [1]    ANSELD
0x0F3C       [1]    ANSELE
0x0F83       [1]    PORTD
0x0F8A       [1]    LATB
0x0F8A       [0]    LATB6_bit
0x0F8A       [0]    LATB5_bit
0x0F8B       [1]    LATC
0x0F8C       [1]    LATD
0x0F8D       [1]    LATE
0x0F93       [1]    TRISB
0x0F94       [1]    TRISC
0x0F95       [1]    TRISD
0x0F96       [1]    TRISE
0x0FD5       [1]    T0CON
0x0FD6       [1]    TMR0L
0x0FD8       [1]    STATUS
0x0FD9       [1]    FSR2L
0x0FDA       [1]    FSR2H
0x0FDE       [1]    POSTINC2
0x0FE0       [1]    BSR
0x0FE1       [1]    FSR1L
0x0FE2       [1]    FSR1H
0x0FE4       [1]    PREINC1
0x0FE6       [1]    POSTINC1
0x0FE7       [1]    INDF1
0x0FE8       [1]    WREG
0x0FE9       [1]    FSR0L
0x0FEA       [1]    FSR0H
0x0FEE       [1]    POSTINC0
0x0FF2       [0]    TMR0IE_bit
0x0FF2       [0]    GIE_bit
0x0FF2       [0]    TMR0IF_bit
0x0FF2       [1]    INTCON
0x0FF3       [1]    PRODL
0x0FF4       [1]    PRODH
0x0FF5       [1]    TABLAT
0x0FF6       [1]    TBLPTRL
0x0FF7       [1]    TBLPTRH
0x0FF8       [1]    TBLPTRU
