;  LST file generated by mikroListExporter - v.2.0 
; Date/Time: 3/14/2016 3:47:27 PM
;----------------------------------------------

;Address Opcode 	ASM
0x0000	0xF003EF31  	GOTO        1634
0x0004	0x0000      	NOP
0x0006	0x0000      	NOP
0x0008	0xF000EF00  	GOTO        0
0x000C	0x0000      	NOP
0x000E	0x0000      	NOP
0x0010	0x0000      	NOP
0x0012	0x0000      	NOP
0x0014	0x0000      	NOP
0x0016	0x0000      	NOP
0x0018	0xD7F3      	BRA         0
_Delay_22us:
;__Lib_Delays.c,15 :: 		void Delay_22us() {
;__Lib_Delays.c,16 :: 		Delay_us(22);
0x001C	0x0E0E      	MOVLW       14
0x001E	0x6E0D      	MOVWF       R13, 0
L_Delay_22us1:
0x0020	0x2E0D      	DECFSZ      R13, 1, 0
0x0022	0xD7FE      	BRA         L_Delay_22us1
0x0024	0x0000      	NOP
;__Lib_Delays.c,17 :: 		}
L_end_Delay_22us:
0x0026	0x0012      	RETURN      0
; end of _Delay_22us
_ADC_Read:
;__Lib_ADC_A_D.c,35 :: 		
;__Lib_ADC_A_D.c,38 :: 		
0x0028	0x6AC2      	CLRF        ADCON0 
;__Lib_ADC_A_D.c,39 :: 		
0x002A	0x0E07      	MOVLW       7
0x002C	0x12C0      	IORWF       ADCON2, 1 
;__Lib_ADC_A_D.c,40 :: 		
0x002E	0x8EC0      	BSF         ADCON2, 7 
;__Lib_ADC_A_D.c,41 :: 		
0x0030	0xF000C02B  	MOVFF       FARG_ADC_Read_channel, R0
0x0034	0x3600      	RLCF        R0, 1 
0x0036	0x9000      	BCF         R0, 0 
0x0038	0x3600      	RLCF        R0, 1 
0x003A	0x9000      	BCF         R0, 0 
0x003C	0x5000      	MOVF        R0, 0 
0x003E	0x12C2      	IORWF       ADCON0, 1 
;__Lib_ADC_A_D.c,42 :: 		
0x0040	0x80C2      	BSF         ADCON0, 0 
;__Lib_ADC_A_D.c,43 :: 		
0x0042	0xDFEC      	RCALL       _Delay_22us
;__Lib_ADC_A_D.c,44 :: 		
0x0044	0x82C2      	BSF         ADCON0, 1 
;__Lib_ADC_A_D.c,45 :: 		
L_ADC_Read2:
0x0046	0xA2C2      	BTFSS       ADCON0, 1 
0x0048	0xD001      	BRA         L_ADC_Read3
;__Lib_ADC_A_D.c,46 :: 		
0x004A	0xD7FD      	BRA         L_ADC_Read2
L_ADC_Read3:
;__Lib_ADC_A_D.c,47 :: 		
0x004C	0xF001CFC4  	MOVFF       ADRESH, R1
0x0050	0x6A00      	CLRF        R0 
;__Lib_ADC_A_D.c,48 :: 		
0x0052	0x50C3      	MOVF        ADRESL, 0 
0x0054	0x1200      	IORWF       R0, 1 
0x0056	0x0E00      	MOVLW       0
0x0058	0x1201      	IORWF       R1, 1 
;__Lib_ADC_A_D.c,49 :: 		
0x005A	0x90C2      	BCF         ADCON0, 0 
;__Lib_ADC_A_D.c,51 :: 		
;__Lib_ADC_A_D.c,52 :: 		
L_end_ADC_Read:
0x005C	0x0012      	RETURN      0
; end of _ADC_Read
_mod:
;LINIJA.c,21 :: 		void mod(int c) {            //paljenje lampica
;LINIJA.c,22 :: 		switch(c){
0x005E	0xD012      	BRA         L_mod0
;LINIJA.c,23 :: 		case 4: latD0_bit=1; break;
L_mod2:
0x0060	0x808C      	BSF         LATD0_bit, BitPos(LATD0_bit+0) 
0x0062	0xD046      	BRA         L_mod1
;LINIJA.c,24 :: 		case 3: latD1_bit=1; break;
L_mod3:
0x0064	0x828C      	BSF         LATD1_bit, BitPos(LATD1_bit+0) 
0x0066	0xD044      	BRA         L_mod1
;LINIJA.c,25 :: 		case 2: latD2_bit=1; break;
L_mod4:
0x0068	0x848C      	BSF         LATD2_bit, BitPos(LATD2_bit+0) 
0x006A	0xD042      	BRA         L_mod1
;LINIJA.c,26 :: 		case 1: latD3_bit=1; break;
L_mod5:
0x006C	0x868C      	BSF         LATD3_bit, BitPos(LATD3_bit+0) 
0x006E	0xD040      	BRA         L_mod1
;LINIJA.c,27 :: 		case 0: latD4_bit=1; break;
L_mod6:
0x0070	0x888C      	BSF         LATD4_bit, BitPos(LATD4_bit+0) 
0x0072	0xD03E      	BRA         L_mod1
;LINIJA.c,28 :: 		case -1: latD5_bit=1; break;
L_mod7:
0x0074	0x8A8C      	BSF         LATD5_bit, BitPos(LATD5_bit+0) 
0x0076	0xD03C      	BRA         L_mod1
;LINIJA.c,29 :: 		case -2: latD6_bit=1; break;
L_mod8:
0x0078	0x8C8C      	BSF         LATD6_bit, BitPos(LATD6_bit+0) 
0x007A	0xD03A      	BRA         L_mod1
;LINIJA.c,30 :: 		case -3: latD7_bit=1; break;
L_mod9:
0x007C	0x8E8C      	BSF         LATD7_bit, BitPos(LATD7_bit+0) 
0x007E	0xD038      	BRA         L_mod1
;LINIJA.c,31 :: 		case -4: latE0_bit=1; break;
L_mod10:
0x0080	0x808D      	BSF         LATE0_bit, BitPos(LATE0_bit+0) 
0x0082	0xD036      	BRA         L_mod1
;LINIJA.c,32 :: 		}
L_mod0:
0x0084	0x0E00      	MOVLW       0
0x0086	0x182C      	XORWF       FARG_mod_c+1, 0 
0x0088	0xE102      	BNZ         L__mod85
0x008A	0x0E04      	MOVLW       4
0x008C	0x182B      	XORWF       FARG_mod_c, 0 
L__mod85:
0x008E	0xE0E8      	BZ          L_mod2
0x0090	0x0E00      	MOVLW       0
0x0092	0x182C      	XORWF       FARG_mod_c+1, 0 
0x0094	0xE102      	BNZ         L__mod86
0x0096	0x0E03      	MOVLW       3
0x0098	0x182B      	XORWF       FARG_mod_c, 0 
L__mod86:
0x009A	0xE0E4      	BZ          L_mod3
0x009C	0x0E00      	MOVLW       0
0x009E	0x182C      	XORWF       FARG_mod_c+1, 0 
0x00A0	0xE102      	BNZ         L__mod87
0x00A2	0x0E02      	MOVLW       2
0x00A4	0x182B      	XORWF       FARG_mod_c, 0 
L__mod87:
0x00A6	0xE0E0      	BZ          L_mod4
0x00A8	0x0E00      	MOVLW       0
0x00AA	0x182C      	XORWF       FARG_mod_c+1, 0 
0x00AC	0xE102      	BNZ         L__mod88
0x00AE	0x0E01      	MOVLW       1
0x00B0	0x182B      	XORWF       FARG_mod_c, 0 
L__mod88:
0x00B2	0xE0DC      	BZ          L_mod5
0x00B4	0x0E00      	MOVLW       0
0x00B6	0x182C      	XORWF       FARG_mod_c+1, 0 
0x00B8	0xE102      	BNZ         L__mod89
0x00BA	0x0E00      	MOVLW       0
0x00BC	0x182B      	XORWF       FARG_mod_c, 0 
L__mod89:
0x00BE	0xE0D8      	BZ          L_mod6
0x00C0	0x0EFF      	MOVLW       255
0x00C2	0x182C      	XORWF       FARG_mod_c+1, 0 
0x00C4	0xE102      	BNZ         L__mod90
0x00C6	0x0EFF      	MOVLW       255
0x00C8	0x182B      	XORWF       FARG_mod_c, 0 
L__mod90:
0x00CA	0xE0D4      	BZ          L_mod7
0x00CC	0x0EFF      	MOVLW       255
0x00CE	0x182C      	XORWF       FARG_mod_c+1, 0 
0x00D0	0xE102      	BNZ         L__mod91
0x00D2	0x0EFE      	MOVLW       254
0x00D4	0x182B      	XORWF       FARG_mod_c, 0 
L__mod91:
0x00D6	0xE0D0      	BZ          L_mod8
0x00D8	0x0EFF      	MOVLW       255
0x00DA	0x182C      	XORWF       FARG_mod_c+1, 0 
0x00DC	0xE102      	BNZ         L__mod92
0x00DE	0x0EFD      	MOVLW       253
0x00E0	0x182B      	XORWF       FARG_mod_c, 0 
L__mod92:
0x00E2	0xE0CC      	BZ          L_mod9
0x00E4	0x0EFF      	MOVLW       255
0x00E6	0x182C      	XORWF       FARG_mod_c+1, 0 
0x00E8	0xE102      	BNZ         L__mod93
0x00EA	0x0EFC      	MOVLW       252
0x00EC	0x182B      	XORWF       FARG_mod_c, 0 
L__mod93:
0x00EE	0xE0C8      	BZ          L_mod10
L_mod1:
;LINIJA.c,33 :: 		}
L_end_mod:
0x00F0	0x0012      	RETURN      0
; end of _mod
_preracunaj:
;LINIJA.c,59 :: 		preracunaj (){                               //pretvara u brojku od -4 do 4 stanje na senzoru
;LINIJA.c,60 :: 		if(U1==1 && U2==1 && U3==1 && U4==1 && U5==1){mod(0);}          //pravo
0x00F2	0x0E00      	MOVLW       0
0x00F4	0x1824      	XORWF       _U1+1, 0 
0x00F6	0xE102      	BNZ         L__preracunaj106
0x00F8	0x0E01      	MOVLW       1
0x00FA	0x1823      	XORWF       _U1, 0 
L__preracunaj106:
0x00FC	0xE11B      	BNZ         L_preracunaj23
0x00FE	0x0E00      	MOVLW       0
0x0100	0x1822      	XORWF       _U2+1, 0 
0x0102	0xE102      	BNZ         L__preracunaj107
0x0104	0x0E01      	MOVLW       1
0x0106	0x1821      	XORWF       _U2, 0 
L__preracunaj107:
0x0108	0xE115      	BNZ         L_preracunaj23
0x010A	0x0E00      	MOVLW       0
0x010C	0x1826      	XORWF       _U3+1, 0 
0x010E	0xE102      	BNZ         L__preracunaj108
0x0110	0x0E01      	MOVLW       1
0x0112	0x1825      	XORWF       _U3, 0 
L__preracunaj108:
0x0114	0xE10F      	BNZ         L_preracunaj23
0x0116	0x0E00      	MOVLW       0
0x0118	0x182A      	XORWF       _U4+1, 0 
0x011A	0xE102      	BNZ         L__preracunaj109
0x011C	0x0E01      	MOVLW       1
0x011E	0x1829      	XORWF       _U4, 0 
L__preracunaj109:
0x0120	0xE109      	BNZ         L_preracunaj23
0x0122	0x0E00      	MOVLW       0
0x0124	0x1828      	XORWF       _U5+1, 0 
0x0126	0xE102      	BNZ         L__preracunaj110
0x0128	0x0E01      	MOVLW       1
0x012A	0x1827      	XORWF       _U5, 0 
L__preracunaj110:
0x012C	0xE103      	BNZ         L_preracunaj23
L__preracunaj83:
0x012E	0x6A2B      	CLRF        FARG_mod_c 
0x0130	0x6A2C      	CLRF        FARG_mod_c+1 
0x0132	0xDF95      	RCALL       _mod
L_preracunaj23:
;LINIJA.c,61 :: 		if(U1==0 && U2==0 && U3==1 && U4==0 && U5==0){mod(0);}
0x0134	0x0E00      	MOVLW       0
0x0136	0x1824      	XORWF       _U1+1, 0 
0x0138	0xE102      	BNZ         L__preracunaj111
0x013A	0x0E00      	MOVLW       0
0x013C	0x1823      	XORWF       _U1, 0 
L__preracunaj111:
0x013E	0xE11B      	BNZ         L_preracunaj26
0x0140	0x0E00      	MOVLW       0
0x0142	0x1822      	XORWF       _U2+1, 0 
0x0144	0xE102      	BNZ         L__preracunaj112
0x0146	0x0E00      	MOVLW       0
0x0148	0x1821      	XORWF       _U2, 0 
L__preracunaj112:
0x014A	0xE115      	BNZ         L_preracunaj26
0x014C	0x0E00      	MOVLW       0
0x014E	0x1826      	XORWF       _U3+1, 0 
0x0150	0xE102      	BNZ         L__preracunaj113
0x0152	0x0E01      	MOVLW       1
0x0154	0x1825      	XORWF       _U3, 0 
L__preracunaj113:
0x0156	0xE10F      	BNZ         L_preracunaj26
0x0158	0x0E00      	MOVLW       0
0x015A	0x182A      	XORWF       _U4+1, 0 
0x015C	0xE102      	BNZ         L__preracunaj114
0x015E	0x0E00      	MOVLW       0
0x0160	0x1829      	XORWF       _U4, 0 
L__preracunaj114:
0x0162	0xE109      	BNZ         L_preracunaj26
0x0164	0x0E00      	MOVLW       0
0x0166	0x1828      	XORWF       _U5+1, 0 
0x0168	0xE102      	BNZ         L__preracunaj115
0x016A	0x0E00      	MOVLW       0
0x016C	0x1827      	XORWF       _U5, 0 
L__preracunaj115:
0x016E	0xE103      	BNZ         L_preracunaj26
L__preracunaj82:
0x0170	0x6A2B      	CLRF        FARG_mod_c 
0x0172	0x6A2C      	CLRF        FARG_mod_c+1 
0x0174	0xDF74      	RCALL       _mod
L_preracunaj26:
;LINIJA.c,62 :: 		if(U1==0 && U2==1 && U3==1 && U4==1 && U5==0){mod(0);}
0x0176	0x0E00      	MOVLW       0
0x0178	0x1824      	XORWF       _U1+1, 0 
0x017A	0xE102      	BNZ         L__preracunaj116
0x017C	0x0E00      	MOVLW       0
0x017E	0x1823      	XORWF       _U1, 0 
L__preracunaj116:
0x0180	0xE11B      	BNZ         L_preracunaj29
0x0182	0x0E00      	MOVLW       0
0x0184	0x1822      	XORWF       _U2+1, 0 
0x0186	0xE102      	BNZ         L__preracunaj117
0x0188	0x0E01      	MOVLW       1
0x018A	0x1821      	XORWF       _U2, 0 
L__preracunaj117:
0x018C	0xE115      	BNZ         L_preracunaj29
0x018E	0x0E00      	MOVLW       0
0x0190	0x1826      	XORWF       _U3+1, 0 
0x0192	0xE102      	BNZ         L__preracunaj118
0x0194	0x0E01      	MOVLW       1
0x0196	0x1825      	XORWF       _U3, 0 
L__preracunaj118:
0x0198	0xE10F      	BNZ         L_preracunaj29
0x019A	0x0E00      	MOVLW       0
0x019C	0x182A      	XORWF       _U4+1, 0 
0x019E	0xE102      	BNZ         L__preracunaj119
0x01A0	0x0E01      	MOVLW       1
0x01A2	0x1829      	XORWF       _U4, 0 
L__preracunaj119:
0x01A4	0xE109      	BNZ         L_preracunaj29
0x01A6	0x0E00      	MOVLW       0
0x01A8	0x1828      	XORWF       _U5+1, 0 
0x01AA	0xE102      	BNZ         L__preracunaj120
0x01AC	0x0E00      	MOVLW       0
0x01AE	0x1827      	XORWF       _U5, 0 
L__preracunaj120:
0x01B0	0xE103      	BNZ         L_preracunaj29
L__preracunaj81:
0x01B2	0x6A2B      	CLRF        FARG_mod_c 
0x01B4	0x6A2C      	CLRF        FARG_mod_c+1 
0x01B6	0xDF53      	RCALL       _mod
L_preracunaj29:
;LINIJA.c,64 :: 		if(U1==1 && U2==0 && U3==0 && U4==0 && U5==0){mod(4);}          //4 desno
0x01B8	0x0E00      	MOVLW       0
0x01BA	0x1824      	XORWF       _U1+1, 0 
0x01BC	0xE102      	BNZ         L__preracunaj121
0x01BE	0x0E01      	MOVLW       1
0x01C0	0x1823      	XORWF       _U1, 0 
L__preracunaj121:
0x01C2	0xE11D      	BNZ         L_preracunaj32
0x01C4	0x0E00      	MOVLW       0
0x01C6	0x1822      	XORWF       _U2+1, 0 
0x01C8	0xE102      	BNZ         L__preracunaj122
0x01CA	0x0E00      	MOVLW       0
0x01CC	0x1821      	XORWF       _U2, 0 
L__preracunaj122:
0x01CE	0xE117      	BNZ         L_preracunaj32
0x01D0	0x0E00      	MOVLW       0
0x01D2	0x1826      	XORWF       _U3+1, 0 
0x01D4	0xE102      	BNZ         L__preracunaj123
0x01D6	0x0E00      	MOVLW       0
0x01D8	0x1825      	XORWF       _U3, 0 
L__preracunaj123:
0x01DA	0xE111      	BNZ         L_preracunaj32
0x01DC	0x0E00      	MOVLW       0
0x01DE	0x182A      	XORWF       _U4+1, 0 
0x01E0	0xE102      	BNZ         L__preracunaj124
0x01E2	0x0E00      	MOVLW       0
0x01E4	0x1829      	XORWF       _U4, 0 
L__preracunaj124:
0x01E6	0xE10B      	BNZ         L_preracunaj32
0x01E8	0x0E00      	MOVLW       0
0x01EA	0x1828      	XORWF       _U5+1, 0 
0x01EC	0xE102      	BNZ         L__preracunaj125
0x01EE	0x0E00      	MOVLW       0
0x01F0	0x1827      	XORWF       _U5, 0 
L__preracunaj125:
0x01F2	0xE105      	BNZ         L_preracunaj32
L__preracunaj80:
0x01F4	0x0E04      	MOVLW       4
0x01F6	0x6E2B      	MOVWF       FARG_mod_c 
0x01F8	0x0E00      	MOVLW       0
0x01FA	0x6E2C      	MOVWF       FARG_mod_c+1 
0x01FC	0xDF30      	RCALL       _mod
L_preracunaj32:
;LINIJA.c,66 :: 		if(U1==1 && U2==1 && U3==0 && U4==0 && U5==0){mod(3);}          //3 desno
0x01FE	0x0E00      	MOVLW       0
0x0200	0x1824      	XORWF       _U1+1, 0 
0x0202	0xE102      	BNZ         L__preracunaj126
0x0204	0x0E01      	MOVLW       1
0x0206	0x1823      	XORWF       _U1, 0 
L__preracunaj126:
0x0208	0xE11D      	BNZ         L_preracunaj35
0x020A	0x0E00      	MOVLW       0
0x020C	0x1822      	XORWF       _U2+1, 0 
0x020E	0xE102      	BNZ         L__preracunaj127
0x0210	0x0E01      	MOVLW       1
0x0212	0x1821      	XORWF       _U2, 0 
L__preracunaj127:
0x0214	0xE117      	BNZ         L_preracunaj35
0x0216	0x0E00      	MOVLW       0
0x0218	0x1826      	XORWF       _U3+1, 0 
0x021A	0xE102      	BNZ         L__preracunaj128
0x021C	0x0E00      	MOVLW       0
0x021E	0x1825      	XORWF       _U3, 0 
L__preracunaj128:
0x0220	0xE111      	BNZ         L_preracunaj35
0x0222	0x0E00      	MOVLW       0
0x0224	0x182A      	XORWF       _U4+1, 0 
0x0226	0xE102      	BNZ         L__preracunaj129
0x0228	0x0E00      	MOVLW       0
0x022A	0x1829      	XORWF       _U4, 0 
L__preracunaj129:
0x022C	0xE10B      	BNZ         L_preracunaj35
0x022E	0x0E00      	MOVLW       0
0x0230	0x1828      	XORWF       _U5+1, 0 
0x0232	0xE102      	BNZ         L__preracunaj130
0x0234	0x0E00      	MOVLW       0
0x0236	0x1827      	XORWF       _U5, 0 
L__preracunaj130:
0x0238	0xE105      	BNZ         L_preracunaj35
L__preracunaj79:
0x023A	0x0E03      	MOVLW       3
0x023C	0x6E2B      	MOVWF       FARG_mod_c 
0x023E	0x0E00      	MOVLW       0
0x0240	0x6E2C      	MOVWF       FARG_mod_c+1 
0x0242	0xDF0D      	RCALL       _mod
L_preracunaj35:
;LINIJA.c,68 :: 		if(U1==0 && U2==1 && U3==0 && U4==0 && U5==0){mod(2);}          //2 desno
0x0244	0x0E00      	MOVLW       0
0x0246	0x1824      	XORWF       _U1+1, 0 
0x0248	0xE102      	BNZ         L__preracunaj131
0x024A	0x0E00      	MOVLW       0
0x024C	0x1823      	XORWF       _U1, 0 
L__preracunaj131:
0x024E	0xE11D      	BNZ         L_preracunaj38
0x0250	0x0E00      	MOVLW       0
0x0252	0x1822      	XORWF       _U2+1, 0 
0x0254	0xE102      	BNZ         L__preracunaj132
0x0256	0x0E01      	MOVLW       1
0x0258	0x1821      	XORWF       _U2, 0 
L__preracunaj132:
0x025A	0xE117      	BNZ         L_preracunaj38
0x025C	0x0E00      	MOVLW       0
0x025E	0x1826      	XORWF       _U3+1, 0 
0x0260	0xE102      	BNZ         L__preracunaj133
0x0262	0x0E00      	MOVLW       0
0x0264	0x1825      	XORWF       _U3, 0 
L__preracunaj133:
0x0266	0xE111      	BNZ         L_preracunaj38
0x0268	0x0E00      	MOVLW       0
0x026A	0x182A      	XORWF       _U4+1, 0 
0x026C	0xE102      	BNZ         L__preracunaj134
0x026E	0x0E00      	MOVLW       0
0x0270	0x1829      	XORWF       _U4, 0 
L__preracunaj134:
0x0272	0xE10B      	BNZ         L_preracunaj38
0x0274	0x0E00      	MOVLW       0
0x0276	0x1828      	XORWF       _U5+1, 0 
0x0278	0xE102      	BNZ         L__preracunaj135
0x027A	0x0E00      	MOVLW       0
0x027C	0x1827      	XORWF       _U5, 0 
L__preracunaj135:
0x027E	0xE105      	BNZ         L_preracunaj38
L__preracunaj78:
0x0280	0x0E02      	MOVLW       2
0x0282	0x6E2B      	MOVWF       FARG_mod_c 
0x0284	0x0E00      	MOVLW       0
0x0286	0x6E2C      	MOVWF       FARG_mod_c+1 
0x0288	0xDEEA      	RCALL       _mod
L_preracunaj38:
;LINIJA.c,69 :: 		if(U1==1 && U2==1 && U3==1 && U4==0 && U5==0){mod(2);}
0x028A	0x0E00      	MOVLW       0
0x028C	0x1824      	XORWF       _U1+1, 0 
0x028E	0xE102      	BNZ         L__preracunaj136
0x0290	0x0E01      	MOVLW       1
0x0292	0x1823      	XORWF       _U1, 0 
L__preracunaj136:
0x0294	0xE11D      	BNZ         L_preracunaj41
0x0296	0x0E00      	MOVLW       0
0x0298	0x1822      	XORWF       _U2+1, 0 
0x029A	0xE102      	BNZ         L__preracunaj137
0x029C	0x0E01      	MOVLW       1
0x029E	0x1821      	XORWF       _U2, 0 
L__preracunaj137:
0x02A0	0xE117      	BNZ         L_preracunaj41
0x02A2	0x0E00      	MOVLW       0
0x02A4	0x1826      	XORWF       _U3+1, 0 
0x02A6	0xE102      	BNZ         L__preracunaj138
0x02A8	0x0E01      	MOVLW       1
0x02AA	0x1825      	XORWF       _U3, 0 
L__preracunaj138:
0x02AC	0xE111      	BNZ         L_preracunaj41
0x02AE	0x0E00      	MOVLW       0
0x02B0	0x182A      	XORWF       _U4+1, 0 
0x02B2	0xE102      	BNZ         L__preracunaj139
0x02B4	0x0E00      	MOVLW       0
0x02B6	0x1829      	XORWF       _U4, 0 
L__preracunaj139:
0x02B8	0xE10B      	BNZ         L_preracunaj41
0x02BA	0x0E00      	MOVLW       0
0x02BC	0x1828      	XORWF       _U5+1, 0 
0x02BE	0xE102      	BNZ         L__preracunaj140
0x02C0	0x0E00      	MOVLW       0
0x02C2	0x1827      	XORWF       _U5, 0 
L__preracunaj140:
0x02C4	0xE105      	BNZ         L_preracunaj41
L__preracunaj77:
0x02C6	0x0E02      	MOVLW       2
0x02C8	0x6E2B      	MOVWF       FARG_mod_c 
0x02CA	0x0E00      	MOVLW       0
0x02CC	0x6E2C      	MOVWF       FARG_mod_c+1 
0x02CE	0xDEC7      	RCALL       _mod
L_preracunaj41:
;LINIJA.c,71 :: 		if(U1==0 && U2==1 && U3==1 && U4==0 && U5==0){mod(1);}
0x02D0	0x0E00      	MOVLW       0
0x02D2	0x1824      	XORWF       _U1+1, 0 
0x02D4	0xE102      	BNZ         L__preracunaj141
0x02D6	0x0E00      	MOVLW       0
0x02D8	0x1823      	XORWF       _U1, 0 
L__preracunaj141:
0x02DA	0xE11D      	BNZ         L_preracunaj44
0x02DC	0x0E00      	MOVLW       0
0x02DE	0x1822      	XORWF       _U2+1, 0 
0x02E0	0xE102      	BNZ         L__preracunaj142
0x02E2	0x0E01      	MOVLW       1
0x02E4	0x1821      	XORWF       _U2, 0 
L__preracunaj142:
0x02E6	0xE117      	BNZ         L_preracunaj44
0x02E8	0x0E00      	MOVLW       0
0x02EA	0x1826      	XORWF       _U3+1, 0 
0x02EC	0xE102      	BNZ         L__preracunaj143
0x02EE	0x0E01      	MOVLW       1
0x02F0	0x1825      	XORWF       _U3, 0 
L__preracunaj143:
0x02F2	0xE111      	BNZ         L_preracunaj44
0x02F4	0x0E00      	MOVLW       0
0x02F6	0x182A      	XORWF       _U4+1, 0 
0x02F8	0xE102      	BNZ         L__preracunaj144
0x02FA	0x0E00      	MOVLW       0
0x02FC	0x1829      	XORWF       _U4, 0 
L__preracunaj144:
0x02FE	0xE10B      	BNZ         L_preracunaj44
0x0300	0x0E00      	MOVLW       0
0x0302	0x1828      	XORWF       _U5+1, 0 
0x0304	0xE102      	BNZ         L__preracunaj145
0x0306	0x0E00      	MOVLW       0
0x0308	0x1827      	XORWF       _U5, 0 
L__preracunaj145:
0x030A	0xE105      	BNZ         L_preracunaj44
L__preracunaj76:
0x030C	0x0E01      	MOVLW       1
0x030E	0x6E2B      	MOVWF       FARG_mod_c 
0x0310	0x0E00      	MOVLW       0
0x0312	0x6E2C      	MOVWF       FARG_mod_c+1 
0x0314	0xDEA4      	RCALL       _mod
L_preracunaj44:
;LINIJA.c,72 :: 		if(U1==1 && U2==1 && U3==1 && U4==1 && U5==0){mod(1);}          //1 desno
0x0316	0x0E00      	MOVLW       0
0x0318	0x1824      	XORWF       _U1+1, 0 
0x031A	0xE102      	BNZ         L__preracunaj146
0x031C	0x0E01      	MOVLW       1
0x031E	0x1823      	XORWF       _U1, 0 
L__preracunaj146:
0x0320	0xE11D      	BNZ         L_preracunaj47
0x0322	0x0E00      	MOVLW       0
0x0324	0x1822      	XORWF       _U2+1, 0 
0x0326	0xE102      	BNZ         L__preracunaj147
0x0328	0x0E01      	MOVLW       1
0x032A	0x1821      	XORWF       _U2, 0 
L__preracunaj147:
0x032C	0xE117      	BNZ         L_preracunaj47
0x032E	0x0E00      	MOVLW       0
0x0330	0x1826      	XORWF       _U3+1, 0 
0x0332	0xE102      	BNZ         L__preracunaj148
0x0334	0x0E01      	MOVLW       1
0x0336	0x1825      	XORWF       _U3, 0 
L__preracunaj148:
0x0338	0xE111      	BNZ         L_preracunaj47
0x033A	0x0E00      	MOVLW       0
0x033C	0x182A      	XORWF       _U4+1, 0 
0x033E	0xE102      	BNZ         L__preracunaj149
0x0340	0x0E01      	MOVLW       1
0x0342	0x1829      	XORWF       _U4, 0 
L__preracunaj149:
0x0344	0xE10B      	BNZ         L_preracunaj47
0x0346	0x0E00      	MOVLW       0
0x0348	0x1828      	XORWF       _U5+1, 0 
0x034A	0xE102      	BNZ         L__preracunaj150
0x034C	0x0E00      	MOVLW       0
0x034E	0x1827      	XORWF       _U5, 0 
L__preracunaj150:
0x0350	0xE105      	BNZ         L_preracunaj47
L__preracunaj75:
0x0352	0x0E01      	MOVLW       1
0x0354	0x6E2B      	MOVWF       FARG_mod_c 
0x0356	0x0E00      	MOVLW       0
0x0358	0x6E2C      	MOVWF       FARG_mod_c+1 
0x035A	0xDE81      	RCALL       _mod
L_preracunaj47:
;LINIJA.c,74 :: 		if(U1==0 && U2==0 && U3==0 && U4==0 && U5==1){mod(-4);}          //4 levo
0x035C	0x0E00      	MOVLW       0
0x035E	0x1824      	XORWF       _U1+1, 0 
0x0360	0xE102      	BNZ         L__preracunaj151
0x0362	0x0E00      	MOVLW       0
0x0364	0x1823      	XORWF       _U1, 0 
L__preracunaj151:
0x0366	0xE11D      	BNZ         L_preracunaj50
0x0368	0x0E00      	MOVLW       0
0x036A	0x1822      	XORWF       _U2+1, 0 
0x036C	0xE102      	BNZ         L__preracunaj152
0x036E	0x0E00      	MOVLW       0
0x0370	0x1821      	XORWF       _U2, 0 
L__preracunaj152:
0x0372	0xE117      	BNZ         L_preracunaj50
0x0374	0x0E00      	MOVLW       0
0x0376	0x1826      	XORWF       _U3+1, 0 
0x0378	0xE102      	BNZ         L__preracunaj153
0x037A	0x0E00      	MOVLW       0
0x037C	0x1825      	XORWF       _U3, 0 
L__preracunaj153:
0x037E	0xE111      	BNZ         L_preracunaj50
0x0380	0x0E00      	MOVLW       0
0x0382	0x182A      	XORWF       _U4+1, 0 
0x0384	0xE102      	BNZ         L__preracunaj154
0x0386	0x0E00      	MOVLW       0
0x0388	0x1829      	XORWF       _U4, 0 
L__preracunaj154:
0x038A	0xE10B      	BNZ         L_preracunaj50
0x038C	0x0E00      	MOVLW       0
0x038E	0x1828      	XORWF       _U5+1, 0 
0x0390	0xE102      	BNZ         L__preracunaj155
0x0392	0x0E01      	MOVLW       1
0x0394	0x1827      	XORWF       _U5, 0 
L__preracunaj155:
0x0396	0xE105      	BNZ         L_preracunaj50
L__preracunaj74:
0x0398	0x0EFC      	MOVLW       252
0x039A	0x6E2B      	MOVWF       FARG_mod_c 
0x039C	0x0EFF      	MOVLW       255
0x039E	0x6E2C      	MOVWF       FARG_mod_c+1 
0x03A0	0xDE5E      	RCALL       _mod
L_preracunaj50:
;LINIJA.c,76 :: 		if(U1==0 && U2==0 && U3==0 && U4==1 && U5==1){mod(-3);}          //3 levo
0x03A2	0x0E00      	MOVLW       0
0x03A4	0x1824      	XORWF       _U1+1, 0 
0x03A6	0xE102      	BNZ         L__preracunaj156
0x03A8	0x0E00      	MOVLW       0
0x03AA	0x1823      	XORWF       _U1, 0 
L__preracunaj156:
0x03AC	0xE11D      	BNZ         L_preracunaj53
0x03AE	0x0E00      	MOVLW       0
0x03B0	0x1822      	XORWF       _U2+1, 0 
0x03B2	0xE102      	BNZ         L__preracunaj157
0x03B4	0x0E00      	MOVLW       0
0x03B6	0x1821      	XORWF       _U2, 0 
L__preracunaj157:
0x03B8	0xE117      	BNZ         L_preracunaj53
0x03BA	0x0E00      	MOVLW       0
0x03BC	0x1826      	XORWF       _U3+1, 0 
0x03BE	0xE102      	BNZ         L__preracunaj158
0x03C0	0x0E00      	MOVLW       0
0x03C2	0x1825      	XORWF       _U3, 0 
L__preracunaj158:
0x03C4	0xE111      	BNZ         L_preracunaj53
0x03C6	0x0E00      	MOVLW       0
0x03C8	0x182A      	XORWF       _U4+1, 0 
0x03CA	0xE102      	BNZ         L__preracunaj159
0x03CC	0x0E01      	MOVLW       1
0x03CE	0x1829      	XORWF       _U4, 0 
L__preracunaj159:
0x03D0	0xE10B      	BNZ         L_preracunaj53
0x03D2	0x0E00      	MOVLW       0
0x03D4	0x1828      	XORWF       _U5+1, 0 
0x03D6	0xE102      	BNZ         L__preracunaj160
0x03D8	0x0E01      	MOVLW       1
0x03DA	0x1827      	XORWF       _U5, 0 
L__preracunaj160:
0x03DC	0xE105      	BNZ         L_preracunaj53
L__preracunaj73:
0x03DE	0x0EFD      	MOVLW       253
0x03E0	0x6E2B      	MOVWF       FARG_mod_c 
0x03E2	0x0EFF      	MOVLW       255
0x03E4	0x6E2C      	MOVWF       FARG_mod_c+1 
0x03E6	0xDE3B      	RCALL       _mod
L_preracunaj53:
;LINIJA.c,78 :: 		if(U1==0 && U2==0 && U3==0 && U4==1 && U5==0){mod(-2);}          //2 levo
0x03E8	0x0E00      	MOVLW       0
0x03EA	0x1824      	XORWF       _U1+1, 0 
0x03EC	0xE102      	BNZ         L__preracunaj161
0x03EE	0x0E00      	MOVLW       0
0x03F0	0x1823      	XORWF       _U1, 0 
L__preracunaj161:
0x03F2	0xE11D      	BNZ         L_preracunaj56
0x03F4	0x0E00      	MOVLW       0
0x03F6	0x1822      	XORWF       _U2+1, 0 
0x03F8	0xE102      	BNZ         L__preracunaj162
0x03FA	0x0E00      	MOVLW       0
0x03FC	0x1821      	XORWF       _U2, 0 
L__preracunaj162:
0x03FE	0xE117      	BNZ         L_preracunaj56
0x0400	0x0E00      	MOVLW       0
0x0402	0x1826      	XORWF       _U3+1, 0 
0x0404	0xE102      	BNZ         L__preracunaj163
0x0406	0x0E00      	MOVLW       0
0x0408	0x1825      	XORWF       _U3, 0 
L__preracunaj163:
0x040A	0xE111      	BNZ         L_preracunaj56
0x040C	0x0E00      	MOVLW       0
0x040E	0x182A      	XORWF       _U4+1, 0 
0x0410	0xE102      	BNZ         L__preracunaj164
0x0412	0x0E01      	MOVLW       1
0x0414	0x1829      	XORWF       _U4, 0 
L__preracunaj164:
0x0416	0xE10B      	BNZ         L_preracunaj56
0x0418	0x0E00      	MOVLW       0
0x041A	0x1828      	XORWF       _U5+1, 0 
0x041C	0xE102      	BNZ         L__preracunaj165
0x041E	0x0E00      	MOVLW       0
0x0420	0x1827      	XORWF       _U5, 0 
L__preracunaj165:
0x0422	0xE105      	BNZ         L_preracunaj56
L__preracunaj72:
0x0424	0x0EFE      	MOVLW       254
0x0426	0x6E2B      	MOVWF       FARG_mod_c 
0x0428	0x0EFF      	MOVLW       255
0x042A	0x6E2C      	MOVWF       FARG_mod_c+1 
0x042C	0xDE18      	RCALL       _mod
L_preracunaj56:
;LINIJA.c,79 :: 		if(U1==0 && U2==0 && U3==1 && U4==1 && U5==1){mod(-2);}
0x042E	0x0E00      	MOVLW       0
0x0430	0x1824      	XORWF       _U1+1, 0 
0x0432	0xE102      	BNZ         L__preracunaj166
0x0434	0x0E00      	MOVLW       0
0x0436	0x1823      	XORWF       _U1, 0 
L__preracunaj166:
0x0438	0xE11D      	BNZ         L_preracunaj59
0x043A	0x0E00      	MOVLW       0
0x043C	0x1822      	XORWF       _U2+1, 0 
0x043E	0xE102      	BNZ         L__preracunaj167
0x0440	0x0E00      	MOVLW       0
0x0442	0x1821      	XORWF       _U2, 0 
L__preracunaj167:
0x0444	0xE117      	BNZ         L_preracunaj59
0x0446	0x0E00      	MOVLW       0
0x0448	0x1826      	XORWF       _U3+1, 0 
0x044A	0xE102      	BNZ         L__preracunaj168
0x044C	0x0E01      	MOVLW       1
0x044E	0x1825      	XORWF       _U3, 0 
L__preracunaj168:
0x0450	0xE111      	BNZ         L_preracunaj59
0x0452	0x0E00      	MOVLW       0
0x0454	0x182A      	XORWF       _U4+1, 0 
0x0456	0xE102      	BNZ         L__preracunaj169
0x0458	0x0E01      	MOVLW       1
0x045A	0x1829      	XORWF       _U4, 0 
L__preracunaj169:
0x045C	0xE10B      	BNZ         L_preracunaj59
0x045E	0x0E00      	MOVLW       0
0x0460	0x1828      	XORWF       _U5+1, 0 
0x0462	0xE102      	BNZ         L__preracunaj170
0x0464	0x0E01      	MOVLW       1
0x0466	0x1827      	XORWF       _U5, 0 
L__preracunaj170:
0x0468	0xE105      	BNZ         L_preracunaj59
L__preracunaj71:
0x046A	0x0EFE      	MOVLW       254
0x046C	0x6E2B      	MOVWF       FARG_mod_c 
0x046E	0x0EFF      	MOVLW       255
0x0470	0x6E2C      	MOVWF       FARG_mod_c+1 
0x0472	0xDDF5      	RCALL       _mod
L_preracunaj59:
;LINIJA.c,81 :: 		if(U1==0 && U2==0 && U3==1 && U4==1 && U5==0){mod(-1);}          //1 levo
0x0474	0x0E00      	MOVLW       0
0x0476	0x1824      	XORWF       _U1+1, 0 
0x0478	0xE102      	BNZ         L__preracunaj171
0x047A	0x0E00      	MOVLW       0
0x047C	0x1823      	XORWF       _U1, 0 
L__preracunaj171:
0x047E	0xE11D      	BNZ         L_preracunaj62
0x0480	0x0E00      	MOVLW       0
0x0482	0x1822      	XORWF       _U2+1, 0 
0x0484	0xE102      	BNZ         L__preracunaj172
0x0486	0x0E00      	MOVLW       0
0x0488	0x1821      	XORWF       _U2, 0 
L__preracunaj172:
0x048A	0xE117      	BNZ         L_preracunaj62
0x048C	0x0E00      	MOVLW       0
0x048E	0x1826      	XORWF       _U3+1, 0 
0x0490	0xE102      	BNZ         L__preracunaj173
0x0492	0x0E01      	MOVLW       1
0x0494	0x1825      	XORWF       _U3, 0 
L__preracunaj173:
0x0496	0xE111      	BNZ         L_preracunaj62
0x0498	0x0E00      	MOVLW       0
0x049A	0x182A      	XORWF       _U4+1, 0 
0x049C	0xE102      	BNZ         L__preracunaj174
0x049E	0x0E01      	MOVLW       1
0x04A0	0x1829      	XORWF       _U4, 0 
L__preracunaj174:
0x04A2	0xE10B      	BNZ         L_preracunaj62
0x04A4	0x0E00      	MOVLW       0
0x04A6	0x1828      	XORWF       _U5+1, 0 
0x04A8	0xE102      	BNZ         L__preracunaj175
0x04AA	0x0E00      	MOVLW       0
0x04AC	0x1827      	XORWF       _U5, 0 
L__preracunaj175:
0x04AE	0xE105      	BNZ         L_preracunaj62
L__preracunaj70:
0x04B0	0x0EFF      	MOVLW       255
0x04B2	0x6E2B      	MOVWF       FARG_mod_c 
0x04B4	0x0EFF      	MOVLW       255
0x04B6	0x6E2C      	MOVWF       FARG_mod_c+1 
0x04B8	0xDDD2      	RCALL       _mod
L_preracunaj62:
;LINIJA.c,82 :: 		if(U1==0 && U2==1 && U3==1 && U4==1 && U5==1){mod(-1);}
0x04BA	0x0E00      	MOVLW       0
0x04BC	0x1824      	XORWF       _U1+1, 0 
0x04BE	0xE102      	BNZ         L__preracunaj176
0x04C0	0x0E00      	MOVLW       0
0x04C2	0x1823      	XORWF       _U1, 0 
L__preracunaj176:
0x04C4	0xE11D      	BNZ         L_preracunaj65
0x04C6	0x0E00      	MOVLW       0
0x04C8	0x1822      	XORWF       _U2+1, 0 
0x04CA	0xE102      	BNZ         L__preracunaj177
0x04CC	0x0E01      	MOVLW       1
0x04CE	0x1821      	XORWF       _U2, 0 
L__preracunaj177:
0x04D0	0xE117      	BNZ         L_preracunaj65
0x04D2	0x0E00      	MOVLW       0
0x04D4	0x1826      	XORWF       _U3+1, 0 
0x04D6	0xE102      	BNZ         L__preracunaj178
0x04D8	0x0E01      	MOVLW       1
0x04DA	0x1825      	XORWF       _U3, 0 
L__preracunaj178:
0x04DC	0xE111      	BNZ         L_preracunaj65
0x04DE	0x0E00      	MOVLW       0
0x04E0	0x182A      	XORWF       _U4+1, 0 
0x04E2	0xE102      	BNZ         L__preracunaj179
0x04E4	0x0E01      	MOVLW       1
0x04E6	0x1829      	XORWF       _U4, 0 
L__preracunaj179:
0x04E8	0xE10B      	BNZ         L_preracunaj65
0x04EA	0x0E00      	MOVLW       0
0x04EC	0x1828      	XORWF       _U5+1, 0 
0x04EE	0xE102      	BNZ         L__preracunaj180
0x04F0	0x0E01      	MOVLW       1
0x04F2	0x1827      	XORWF       _U5, 0 
L__preracunaj180:
0x04F4	0xE105      	BNZ         L_preracunaj65
L__preracunaj69:
0x04F6	0x0EFF      	MOVLW       255
0x04F8	0x6E2B      	MOVWF       FARG_mod_c 
0x04FA	0x0EFF      	MOVLW       255
0x04FC	0x6E2C      	MOVWF       FARG_mod_c+1 
0x04FE	0xDDAF      	RCALL       _mod
L_preracunaj65:
;LINIJA.c,83 :: 		}
L_end_preracunaj:
0x0500	0x0012      	RETURN      0
; end of _preracunaj
_all0:
;LINIJA.c,85 :: 		void all0 () { LATE=0x00;LATD=0x00;}   //port e i d na nulu
0x0502	0x6A8D      	CLRF        LATE 
0x0504	0x6A8C      	CLRF        LATD 
L_end_all0:
0x0506	0x0012      	RETURN      0
; end of _all0
_ridd:
;LINIJA.c,35 :: 		void ridd (){                  //cita vrednosti sa line folow clicka
;LINIJA.c,37 :: 		U5R = ADC_Read(4);
0x0508	0x0E04      	MOVLW       4
0x050A	0x6E2B      	MOVWF       FARG_ADC_Read_channel 
0x050C	0xDD8D      	RCALL       _ADC_Read
0x050E	0xF01FC000  	MOVFF       R0, _U5R
0x0512	0xF020C001  	MOVFF       R1, _U5R+1
;LINIJA.c,38 :: 		U4R = ADC_Read(3);
0x0516	0x0E03      	MOVLW       3
0x0518	0x6E2B      	MOVWF       FARG_ADC_Read_channel 
0x051A	0xDD86      	RCALL       _ADC_Read
0x051C	0xF017C000  	MOVFF       R0, _U4R
0x0520	0xF018C001  	MOVFF       R1, _U4R+1
;LINIJA.c,39 :: 		U3R = ADC_Read(2);
0x0524	0x0E02      	MOVLW       2
0x0526	0x6E2B      	MOVWF       FARG_ADC_Read_channel 
0x0528	0xDD7F      	RCALL       _ADC_Read
0x052A	0xF015C000  	MOVFF       R0, _U3R
0x052E	0xF016C001  	MOVFF       R1, _U3R+1
;LINIJA.c,40 :: 		U2R = ADC_Read(1);
0x0532	0x0E01      	MOVLW       1
0x0534	0x6E2B      	MOVWF       FARG_ADC_Read_channel 
0x0536	0xDD78      	RCALL       _ADC_Read
0x0538	0xF01BC000  	MOVFF       R0, _U2R
0x053C	0xF01CC001  	MOVFF       R1, _U2R+1
;LINIJA.c,41 :: 		U1R = ADC_Read(0);
0x0540	0x6A2B      	CLRF        FARG_ADC_Read_channel 
0x0542	0xDD72      	RCALL       _ADC_Read
0x0544	0xF01DC000  	MOVFF       R0, _U1R
0x0548	0xF01EC001  	MOVFF       R1, _U1R+1
;LINIJA.c,43 :: 		if (U1R > cal){U1 = 1;}
0x054C	0x0E80      	MOVLW       128
0x054E	0x181A      	XORWF       _cal+1, 0 
0x0550	0x6E02      	MOVWF       R2 
0x0552	0x0E80      	MOVLW       128
0x0554	0x1801      	XORWF       R1, 0 
0x0556	0x5C02      	SUBWF       R2, 0 
0x0558	0xE102      	BNZ         L__ridd95
0x055A	0x5000      	MOVF        R0, 0 
0x055C	0x5C19      	SUBWF       _cal, 0 
L__ridd95:
0x055E	0xE204      	BC          L_ridd11
0x0560	0x0E01      	MOVLW       1
0x0562	0x6E23      	MOVWF       _U1 
0x0564	0x0E00      	MOVLW       0
0x0566	0x6E24      	MOVWF       _U1+1 
L_ridd11:
;LINIJA.c,44 :: 		if (U1R < cal){U1 = 0;}
0x0568	0x0E80      	MOVLW       128
0x056A	0x181E      	XORWF       _U1R+1, 0 
0x056C	0x6E00      	MOVWF       R0 
0x056E	0x0E80      	MOVLW       128
0x0570	0x181A      	XORWF       _cal+1, 0 
0x0572	0x5C00      	SUBWF       R0, 0 
0x0574	0xE102      	BNZ         L__ridd96
0x0576	0x5019      	MOVF        _cal, 0 
0x0578	0x5C1D      	SUBWF       _U1R, 0 
L__ridd96:
0x057A	0xE202      	BC          L_ridd12
0x057C	0x6A23      	CLRF        _U1 
0x057E	0x6A24      	CLRF        _U1+1 
L_ridd12:
;LINIJA.c,46 :: 		if (U2R > cal){U2 = 1;}
0x0580	0x0E80      	MOVLW       128
0x0582	0x181A      	XORWF       _cal+1, 0 
0x0584	0x6E00      	MOVWF       R0 
0x0586	0x0E80      	MOVLW       128
0x0588	0x181C      	XORWF       _U2R+1, 0 
0x058A	0x5C00      	SUBWF       R0, 0 
0x058C	0xE102      	BNZ         L__ridd97
0x058E	0x501B      	MOVF        _U2R, 0 
0x0590	0x5C19      	SUBWF       _cal, 0 
L__ridd97:
0x0592	0xE204      	BC          L_ridd13
0x0594	0x0E01      	MOVLW       1
0x0596	0x6E21      	MOVWF       _U2 
0x0598	0x0E00      	MOVLW       0
0x059A	0x6E22      	MOVWF       _U2+1 
L_ridd13:
;LINIJA.c,47 :: 		if (U2R < cal){U2 = 0;}
0x059C	0x0E80      	MOVLW       128
0x059E	0x181C      	XORWF       _U2R+1, 0 
0x05A0	0x6E00      	MOVWF       R0 
0x05A2	0x0E80      	MOVLW       128
0x05A4	0x181A      	XORWF       _cal+1, 0 
0x05A6	0x5C00      	SUBWF       R0, 0 
0x05A8	0xE102      	BNZ         L__ridd98
0x05AA	0x5019      	MOVF        _cal, 0 
0x05AC	0x5C1B      	SUBWF       _U2R, 0 
L__ridd98:
0x05AE	0xE202      	BC          L_ridd14
0x05B0	0x6A21      	CLRF        _U2 
0x05B2	0x6A22      	CLRF        _U2+1 
L_ridd14:
;LINIJA.c,49 :: 		if (U3R > cal){U3 = 1;}
0x05B4	0x0E80      	MOVLW       128
0x05B6	0x181A      	XORWF       _cal+1, 0 
0x05B8	0x6E00      	MOVWF       R0 
0x05BA	0x0E80      	MOVLW       128
0x05BC	0x1816      	XORWF       _U3R+1, 0 
0x05BE	0x5C00      	SUBWF       R0, 0 
0x05C0	0xE102      	BNZ         L__ridd99
0x05C2	0x5015      	MOVF        _U3R, 0 
0x05C4	0x5C19      	SUBWF       _cal, 0 
L__ridd99:
0x05C6	0xE204      	BC          L_ridd15
0x05C8	0x0E01      	MOVLW       1
0x05CA	0x6E25      	MOVWF       _U3 
0x05CC	0x0E00      	MOVLW       0
0x05CE	0x6E26      	MOVWF       _U3+1 
L_ridd15:
;LINIJA.c,50 :: 		if (U3R < cal){U3 = 0;}
0x05D0	0x0E80      	MOVLW       128
0x05D2	0x1816      	XORWF       _U3R+1, 0 
0x05D4	0x6E00      	MOVWF       R0 
0x05D6	0x0E80      	MOVLW       128
0x05D8	0x181A      	XORWF       _cal+1, 0 
0x05DA	0x5C00      	SUBWF       R0, 0 
0x05DC	0xE102      	BNZ         L__ridd100
0x05DE	0x5019      	MOVF        _cal, 0 
0x05E0	0x5C15      	SUBWF       _U3R, 0 
L__ridd100:
0x05E2	0xE202      	BC          L_ridd16
0x05E4	0x6A25      	CLRF        _U3 
0x05E6	0x6A26      	CLRF        _U3+1 
L_ridd16:
;LINIJA.c,52 :: 		if (U4R > cal){U4 = 1;}
0x05E8	0x0E80      	MOVLW       128
0x05EA	0x181A      	XORWF       _cal+1, 0 
0x05EC	0x6E00      	MOVWF       R0 
0x05EE	0x0E80      	MOVLW       128
0x05F0	0x1818      	XORWF       _U4R+1, 0 
0x05F2	0x5C00      	SUBWF       R0, 0 
0x05F4	0xE102      	BNZ         L__ridd101
0x05F6	0x5017      	MOVF        _U4R, 0 
0x05F8	0x5C19      	SUBWF       _cal, 0 
L__ridd101:
0x05FA	0xE204      	BC          L_ridd17
0x05FC	0x0E01      	MOVLW       1
0x05FE	0x6E29      	MOVWF       _U4 
0x0600	0x0E00      	MOVLW       0
0x0602	0x6E2A      	MOVWF       _U4+1 
L_ridd17:
;LINIJA.c,53 :: 		if (U4R < cal){U4 = 0;}
0x0604	0x0E80      	MOVLW       128
0x0606	0x1818      	XORWF       _U4R+1, 0 
0x0608	0x6E00      	MOVWF       R0 
0x060A	0x0E80      	MOVLW       128
0x060C	0x181A      	XORWF       _cal+1, 0 
0x060E	0x5C00      	SUBWF       R0, 0 
0x0610	0xE102      	BNZ         L__ridd102
0x0612	0x5019      	MOVF        _cal, 0 
0x0614	0x5C17      	SUBWF       _U4R, 0 
L__ridd102:
0x0616	0xE202      	BC          L_ridd18
0x0618	0x6A29      	CLRF        _U4 
0x061A	0x6A2A      	CLRF        _U4+1 
L_ridd18:
;LINIJA.c,55 :: 		if (U5R > cal){U5 = 1;}
0x061C	0x0E80      	MOVLW       128
0x061E	0x181A      	XORWF       _cal+1, 0 
0x0620	0x6E00      	MOVWF       R0 
0x0622	0x0E80      	MOVLW       128
0x0624	0x1820      	XORWF       _U5R+1, 0 
0x0626	0x5C00      	SUBWF       R0, 0 
0x0628	0xE102      	BNZ         L__ridd103
0x062A	0x501F      	MOVF        _U5R, 0 
0x062C	0x5C19      	SUBWF       _cal, 0 
L__ridd103:
0x062E	0xE204      	BC          L_ridd19
0x0630	0x0E01      	MOVLW       1
0x0632	0x6E27      	MOVWF       _U5 
0x0634	0x0E00      	MOVLW       0
0x0636	0x6E28      	MOVWF       _U5+1 
L_ridd19:
;LINIJA.c,56 :: 		if (U5R < cal){U5 = 0;}
0x0638	0x0E80      	MOVLW       128
0x063A	0x1820      	XORWF       _U5R+1, 0 
0x063C	0x6E00      	MOVWF       R0 
0x063E	0x0E80      	MOVLW       128
0x0640	0x181A      	XORWF       _cal+1, 0 
0x0642	0x5C00      	SUBWF       R0, 0 
0x0644	0xE102      	BNZ         L__ridd104
0x0646	0x5019      	MOVF        _cal, 0 
0x0648	0x5C1F      	SUBWF       _U5R, 0 
L__ridd104:
0x064A	0xE202      	BC          L_ridd20
0x064C	0x6A27      	CLRF        _U5 
0x064E	0x6A28      	CLRF        _U5+1 
L_ridd20:
;LINIJA.c,57 :: 		}
L_end_ridd:
0x0650	0x0012      	RETURN      0
; end of _ridd
___CC2DW:
;__Lib_System.c,21 :: 		
;__Lib_System.c,23 :: 		
_CC2DL_Loop1:
;__Lib_System.c,24 :: 		
0x0652	0x0009      	TBLRD*+
;__Lib_System.c,25 :: 		
0x0654	0xFFE6CFF5  	MOVFF       TABLAT, POSTINC1
;__Lib_System.c,26 :: 		
0x0658	0x0600      	DECF        R0, 1, 0
;__Lib_System.c,27 :: 		
0x065A	0xE1FB      	BNZ         _CC2DL_Loop1
;__Lib_System.c,28 :: 		
0x065C	0x0601      	DECF        R1, 1, 0
;__Lib_System.c,29 :: 		
0x065E	0xE1F9      	BNZ         _CC2DL_Loop1
;__Lib_System.c,31 :: 		
L_end___CC2DW:
0x0660	0x0012      	RETURN      0
; end of ___CC2DW
_main:
;LINIJA.c,87 :: 		void main() {
;LINIJA.c,88 :: 		cal= 120;  //dal je crno il je belo
0x0662	0x0E78      	MOVLW       120
0x0664	0x6E19      	MOVWF       _cal 
0x0666	0x0E00      	MOVLW       0
0x0668	0x6E1A      	MOVWF       _cal+1 
;LINIJA.c,90 :: 		ANSELA = 0x2F;             // Configure RA1 pin as analog         Jela sloncee <3
0x066A	0x0E2F      	MOVLW       47
0x066C	0x010F      	MOVLB       15
0x066E	0x6F38      	MOVWF       ANSELA, 1
;LINIJA.c,91 :: 		ANSELC = 0;                // Configure PORTC pins as digital
0x0670	0x6B3A      	CLRF        ANSELC, 1
;LINIJA.c,92 :: 		ANSELD = 0;                // Configure PORTD pins as digital
0x0672	0x6B3B      	CLRF        ANSELD, 1
;LINIJA.c,93 :: 		ANSELE = 0;
0x0674	0x6B3C      	CLRF        ANSELE, 1
;LINIJA.c,95 :: 		TRISA = 0x2F;              // Set RA1 pin as input
0x0676	0x0E2F      	MOVLW       47
0x0678	0x6E92      	MOVWF       TRISA 
;LINIJA.c,96 :: 		TRISC = 0x00;              // Set PORTC as output
0x067A	0x6A94      	CLRF        TRISC 
;LINIJA.c,97 :: 		TRISD = 0x00;
0x067C	0x6A95      	CLRF        TRISD 
;LINIJA.c,98 :: 		TRISE = 0x00;
0x067E	0x6A96      	CLRF        TRISE 
;LINIJA.c,100 :: 		LATA=0x00;
0x0680	0x6A89      	CLRF        LATA 
;LINIJA.c,101 :: 		all0();
0x0682	0xDF3F      	RCALL       _all0
;LINIJA.c,109 :: 		while (1) {
L_main66:
;LINIJA.c,111 :: 		ridd();
0x0684	0xDF41      	RCALL       _ridd
;LINIJA.c,112 :: 		preracunaj();
0x0686	0xDD35      	RCALL       _preracunaj
;LINIJA.c,115 :: 		Delay_ms(10);
0x0688	0x0E1A      	MOVLW       26
0x068A	0x6E0C      	MOVWF       R12, 0
0x068C	0x0EF8      	MOVLW       248
0x068E	0x6E0D      	MOVWF       R13, 0
L_main68:
0x0690	0x2E0D      	DECFSZ      R13, 1, 0
0x0692	0xD7FE      	BRA         L_main68
0x0694	0x2E0C      	DECFSZ      R12, 1, 0
0x0696	0xD7FC      	BRA         L_main68
0x0698	0x0000      	NOP
;LINIJA.c,116 :: 		all0();
0x069A	0xDF33      	RCALL       _all0
;LINIJA.c,126 :: 		}
0x069C	0xD7F3      	BRA         L_main66
;LINIJA.c,127 :: 		}
L_end_main:
0x069E	0xD7FF      	BRA         $+0
; end of _main
Symbol List:
//** Routines locations **
//ADDRESS    SIZE    PROCEDURE
//----------------------------------------------
0x001C      [12]    _Delay_22us
0x0028      [54]    _ADC_Read
0x005E     [148]    _mod
0x00F2    [1040]    _preracunaj
0x0502       [6]    _all0
0x0508     [330]    _ridd
0x0652      [16]    ___CC2DW
0x0662      [62]    _main
//** Variables locations ** 
//ADDRESS    SIZE    VARIABLE
//----------------------------------------------
0x0000       [1]    EEPROM_Write_SaveINTCON_L0
0x0000       [1]    SPI1_Write_tmp_L0
0x0000       [1]    FLASH_Erase_64_SaveINTCON_L0
0x0000       [1]    __Lib_SoftI2C_PutZerosToLATScl_temp_scl_L0
0x0000       [1]    UART2_Init_tmp_L0
0x0000       [1]    __Lib_SoftI2C_PutZerosToLATSda_temp_sda_L0
0x0000       [1]    UART1_Init_tmp_L0
0x0000       [1]    R0
0x0000       [1]    SPI2_Write_tmp_L0
0x0001       [1]    UART2_Read___tmp_UART2_Read_L0
0x0001       [1]    FLASH_Write_64_i_L0
0x0001       [1]    FLASH_Erase_Write_64_i_L0
0x0001       [1]    R1
0x0001       [1]    __Lib_TFT_16bit_JPEG_FileRead_i_L0
0x0001       [1]    I2C2_Rd_tmp_L0
0x0001       [1]    I2C1_Rd_tmp_L0
0x0001       [1]    UART1_Read___tmp_UART1_Read_L0
0x0001       [1]    __Lib_PS2_Wait_Falling_nsample_L0
0x0001       [2]    FLASH_Read_N_Bytes_i_L0
0x0001       [1]    __Lib_TFT_16bit_JPEG_FileReadBytes_Result_L0
0x0001       [1]    __Lib_TFT_JPEG_FileRead_i_L0
0x0001       [1]    __Lib_TFT_JPEG_FileReadBytes_Result_L0
0x0001       [1]    ispunct_rslt_L0
0x0002       [2]    memset_pp_L0
0x0002       [2]    strlen_cp_L0
0x0002       [1]    FLASH_Erase_Write_64_j_L0
0x0002       [2]    memcpy_dd_L0
0x0002       [1]    R2
0x0002       [1]    FLASH_Write_64_SaveINTCON_L0
0x0002       [2]    memchr_s_L0
0x0003       [2]    memmove_tt_L0
0x0003       [1]    __Lib_Sprinti_?FLOC____Lib_Sprinti_Do_FillT29
0x0003       [2]    __Lib_MmcFat16_f16_toInt_l_L0
0x0003       [2]    MM_TotalFreeMemSize_Tot_L0
0x0003       [1]    FLASH_Erase_Write_64_SaveINTCON_L0
0x0003       [1]    R3
0x0003       [1]    MM_Init_i_L0
0x0003       [2]    Ltrim_original_L0
0x0004       [2]    memcpy_ss_L0
0x0004       [2]    strncpy_cp_L0
0x0004       [2]    frexp_pom_L0
0x0004       [2]    __Lib_MemManager_MM_GetMemAlign_P_L0
0x0004       [1]    __Lib_Sprinti_?FLOC____Lib_Sprinti_Do_FillT40
0x0004       [2]    strcat_cp_L0
0x0004       [2]    strcpy_cp_L0
0x0004       [2]    strncat_cp_L0
0x0004       [1]    R4
0x0005       [1]    R5
0x0005       [1]    __Lib_Sprinti_?FLOC____Lib_Sprinti_Do_FillT54
0x0005       [2]    Ltrim_p_L0
0x0005       [2]    memmove_ff_L0
0x0005       [2]    LongIntToHex_input_half_L0
0x0005       [2]    LongWordToHex_input_half_L0
0x0005       [1]    MM_TotalFreeMemSize_i_L0
0x0006       [1]    __Lib_MemManager_MM_GetMemAlign_i_L0
0x0006       [1]    __Lib_Sprinti_?FLOC____Lib_Sprinti_Do_FillT69
0x0006       [1]    R6
0x0007       [1]    __Lib_TFT_16bit_JPEG_GenerateHuffmanTables_bLength_L0
0x0007       [1]    __Lib_TFT_JPEG_GenerateHuffmanTables_bLength_L0
0x0007       [1]    R7
0x0008       [1]    __Lib_TFT_JPEG_GenerateHuffmanTables_bTable_L0
0x0008       [1]    __Lib_TFT_16bit_JPEG_GenerateHuffmanTables_bTable_L0
0x0008       [1]    R8
0x0009       [4]    __Lib_MmcFat16_f16_toLong_l_L0
0x0009       [1]    R9
0x000A       [1]    R10
0x000B       [1]    R11
0x000C       [1]    R12
0x000D       [1]    R13
0x000E       [1]    R14
0x000F       [1]    R15
0x0010       [1]    R16
0x0011       [1]    R17
0x0012       [1]    R18
0x0013       [1]    R19
0x0014       [1]    R20
0x0015       [2]    _U3R
0x0017       [2]    _U4R
0x0019       [2]    _cal
0x001B       [2]    _U2R
0x001D       [2]    _U1R
0x001F       [2]    _U5R
0x0021       [2]    _U2
0x0023       [2]    _U1
0x0025       [2]    _U3
0x0027       [2]    _U5
0x0029       [2]    _U4
0x002B       [2]    FARG_mod_c
0x002B       [1]    FARG_ADC_Read_channel
0x0F38       [1]    ANSELA
0x0F3A       [1]    ANSELC
0x0F3B       [1]    ANSELD
0x0F3C       [1]    ANSELE
0x0F89       [1]    LATA
0x0F8C       [0]    LATD4_bit
0x0F8C       [0]    LATD3_bit
0x0F8C       [0]    LATD5_bit
0x0F8C       [1]    LATD
0x0F8C       [0]    LATD0_bit
0x0F8C       [0]    LATD7_bit
0x0F8C       [0]    LATD2_bit
0x0F8C       [0]    LATD1_bit
0x0F8C       [0]    LATD6_bit
0x0F8D       [0]    LATE0_bit
0x0F8D       [1]    LATE
0x0F92       [1]    TRISA
0x0F94       [1]    TRISC
0x0F95       [1]    TRISD
0x0F96       [1]    TRISE
0x0FC0       [1]    ADCON2
0x0FC2       [1]    ADCON0
0x0FC3       [1]    ADRESL
0x0FC4       [1]    ADRESH
0x0FD8       [1]    STATUS
0x0FD9       [1]    FSR2L
0x0FDA       [1]    FSR2H
0x0FDE       [1]    POSTINC2
0x0FE0       [1]    BSR
0x0FE1       [1]    FSR1L
0x0FE2       [1]    FSR1H
0x0FE4       [1]    PREINC1
0x0FE6       [1]    POSTINC1
0x0FE7       [1]    INDF1
0x0FE8       [1]    WREG
0x0FE9       [1]    FSR0L
0x0FEA       [1]    FSR0H
0x0FEE       [1]    POSTINC0
0x0FF3       [1]    PRODL
0x0FF4       [1]    PRODH
0x0FF5       [1]    TABLAT
0x0FF6       [1]    TBLPTRL
0x0FF7       [1]    TBLPTRH
0x0FF8       [1]    TBLPTRU
